
*** Running vivado
    with args -log design_1_wrapper.vdi -applog -m64 -product Vivado -messageDb vivado.pb -mode batch -source design_1_wrapper.tcl -notrace


****** Vivado v2018.3 (64-bit)
  **** SW Build 2405991 on Thu Dec  6 23:36:41 MST 2018
  **** IP Build 2404404 on Fri Dec  7 01:43:56 MST 2018
    ** Copyright 1986-2018 Xilinx, Inc. All Rights Reserved.

source design_1_wrapper.tcl -notrace
INFO: [IP_Flow 19-234] Refreshing IP repositories
WARNING: [IP_Flow 19-2248] Failed to load user IP repository '/home/CanvasServer/Implementation/_local/Zynq_7010/Zynq_PL/Canvas.runs/impl_1/E:/Redpitaya/ip_repo/configIP_1.0'; Can't find the specified path.
If this directory should no longer be in your list of user repositories, go to the IP Settings dialog and remove it.
INFO: [IP_Flow 19-2313] Loaded Vivado IP repository '/tools/Xilinx/Vivado/2018.3/data/ip'.
add_files: Time (s): cpu = 00:00:26 ; elapsed = 00:00:28 . Memory (MB): peak = 1402.527 ; gain = 16.023 ; free physical = 608 ; free virtual = 3117
Command: link_design -top design_1_wrapper -part xc7z010clg400-1
Design is defaulting to srcset: sources_1
Design is defaulting to constrset: constrs_1
INFO: [Netlist 29-17] Analyzing 38 Unisim elements for replacement
INFO: [Netlist 29-28] Unisim Transformation completed in 0 CPU seconds
INFO: [Project 1-479] Netlist was created with Vivado 2018.3
INFO: [Device 21-403] Loading part xc7z010clg400-1
INFO: [Project 1-570] Preparing netlist for logic optimization
Parsing XDC File [/home/CanvasServer/Implementation/_local/Zynq_7010/Zynq_PL/Canvas.srcs/sources_1/bd/design_1/ip/design_1_processing_system7_0_0/design_1_processing_system7_0_0.xdc] for cell 'design_1_i/PS_ZYNQ/processing_system7/inst'
Finished Parsing XDC File [/home/CanvasServer/Implementation/_local/Zynq_7010/Zynq_PL/Canvas.srcs/sources_1/bd/design_1/ip/design_1_processing_system7_0_0/design_1_processing_system7_0_0.xdc] for cell 'design_1_i/PS_ZYNQ/processing_system7/inst'
Parsing XDC File [/home/CanvasServer/Implementation/_local/Zynq_7010/Zynq_PL/Canvas.srcs/sources_1/bd/design_1/ip/design_1_proc_sys_reset_0_0/design_1_proc_sys_reset_0_0_board.xdc] for cell 'design_1_i/PS_ZYNQ/proc_sys_reset_AXI/U0'
Finished Parsing XDC File [/home/CanvasServer/Implementation/_local/Zynq_7010/Zynq_PL/Canvas.srcs/sources_1/bd/design_1/ip/design_1_proc_sys_reset_0_0/design_1_proc_sys_reset_0_0_board.xdc] for cell 'design_1_i/PS_ZYNQ/proc_sys_reset_AXI/U0'
Parsing XDC File [/home/CanvasServer/Implementation/_local/Zynq_7010/Zynq_PL/Canvas.srcs/sources_1/bd/design_1/ip/design_1_proc_sys_reset_0_0/design_1_proc_sys_reset_0_0.xdc] for cell 'design_1_i/PS_ZYNQ/proc_sys_reset_AXI/U0'
Finished Parsing XDC File [/home/CanvasServer/Implementation/_local/Zynq_7010/Zynq_PL/Canvas.srcs/sources_1/bd/design_1/ip/design_1_proc_sys_reset_0_0/design_1_proc_sys_reset_0_0.xdc] for cell 'design_1_i/PS_ZYNQ/proc_sys_reset_AXI/U0'
Parsing XDC File [/home/CanvasServer/Implementation/_local/Zynq_7010/Zynq_PL/Canvas.srcs/sources_1/bd/design_1/ip/design_1_clk_wiz_0_1/design_1_clk_wiz_0_1_board.xdc] for cell 'design_1_i/CLK/clk_wiz_ADC/inst'
Finished Parsing XDC File [/home/CanvasServer/Implementation/_local/Zynq_7010/Zynq_PL/Canvas.srcs/sources_1/bd/design_1/ip/design_1_clk_wiz_0_1/design_1_clk_wiz_0_1_board.xdc] for cell 'design_1_i/CLK/clk_wiz_ADC/inst'
Parsing XDC File [/home/CanvasServer/Implementation/_local/Zynq_7010/Zynq_PL/Canvas.srcs/sources_1/bd/design_1/ip/design_1_clk_wiz_0_1/design_1_clk_wiz_0_1.xdc] for cell 'design_1_i/CLK/clk_wiz_ADC/inst'
INFO: [Timing 38-35] Done setting XDC timing constraints. [/home/CanvasServer/Implementation/_local/Zynq_7010/Zynq_PL/Canvas.srcs/sources_1/bd/design_1/ip/design_1_clk_wiz_0_1/design_1_clk_wiz_0_1.xdc:57]
INFO: [Timing 38-2] Deriving generated clocks [/home/CanvasServer/Implementation/_local/Zynq_7010/Zynq_PL/Canvas.srcs/sources_1/bd/design_1/ip/design_1_clk_wiz_0_1/design_1_clk_wiz_0_1.xdc:57]
get_clocks: Time (s): cpu = 00:00:08 ; elapsed = 00:00:08 . Memory (MB): peak = 2071.641 ; gain = 475.566 ; free physical = 72 ; free virtual = 2472
Finished Parsing XDC File [/home/CanvasServer/Implementation/_local/Zynq_7010/Zynq_PL/Canvas.srcs/sources_1/bd/design_1/ip/design_1_clk_wiz_0_1/design_1_clk_wiz_0_1.xdc] for cell 'design_1_i/CLK/clk_wiz_ADC/inst'
Parsing XDC File [/home/CanvasServer/Implementation/_local/Zynq_7010/Zynq_PL/Canvas.srcs/sources_1/bd/design_1/ip/design_1_axi_gpio_0_1/design_1_axi_gpio_0_1_board.xdc] for cell 'design_1_i/PS_ZYNQ/axi_gpio_regAddr/U0'
Finished Parsing XDC File [/home/CanvasServer/Implementation/_local/Zynq_7010/Zynq_PL/Canvas.srcs/sources_1/bd/design_1/ip/design_1_axi_gpio_0_1/design_1_axi_gpio_0_1_board.xdc] for cell 'design_1_i/PS_ZYNQ/axi_gpio_regAddr/U0'
Parsing XDC File [/home/CanvasServer/Implementation/_local/Zynq_7010/Zynq_PL/Canvas.srcs/sources_1/bd/design_1/ip/design_1_axi_gpio_0_1/design_1_axi_gpio_0_1.xdc] for cell 'design_1_i/PS_ZYNQ/axi_gpio_regAddr/U0'
Finished Parsing XDC File [/home/CanvasServer/Implementation/_local/Zynq_7010/Zynq_PL/Canvas.srcs/sources_1/bd/design_1/ip/design_1_axi_gpio_0_1/design_1_axi_gpio_0_1.xdc] for cell 'design_1_i/PS_ZYNQ/axi_gpio_regAddr/U0'
Parsing XDC File [/home/CanvasServer/Implementation/_local/Zynq_7010/Zynq_PL/Canvas.srcs/sources_1/bd/design_1/ip/design_1_axi_gpio_0_2/design_1_axi_gpio_0_2_board.xdc] for cell 'design_1_i/PS_ZYNQ/axi_gpio_regVal/U0'
Finished Parsing XDC File [/home/CanvasServer/Implementation/_local/Zynq_7010/Zynq_PL/Canvas.srcs/sources_1/bd/design_1/ip/design_1_axi_gpio_0_2/design_1_axi_gpio_0_2_board.xdc] for cell 'design_1_i/PS_ZYNQ/axi_gpio_regVal/U0'
Parsing XDC File [/home/CanvasServer/Implementation/_local/Zynq_7010/Zynq_PL/Canvas.srcs/sources_1/bd/design_1/ip/design_1_axi_gpio_0_2/design_1_axi_gpio_0_2.xdc] for cell 'design_1_i/PS_ZYNQ/axi_gpio_regVal/U0'
Finished Parsing XDC File [/home/CanvasServer/Implementation/_local/Zynq_7010/Zynq_PL/Canvas.srcs/sources_1/bd/design_1/ip/design_1_axi_gpio_0_2/design_1_axi_gpio_0_2.xdc] for cell 'design_1_i/PS_ZYNQ/axi_gpio_regVal/U0'
Parsing XDC File [/home/CanvasServer/Implementation/_local/Zynq_7010/Zynq_PL/Canvas.srcs/sources_1/bd/design_1/ip/design_1_axi_gpio_0_4/design_1_axi_gpio_0_4_board.xdc] for cell 'design_1_i/PS_ZYNQ/axi_gpio_WrtEn/U0'
Finished Parsing XDC File [/home/CanvasServer/Implementation/_local/Zynq_7010/Zynq_PL/Canvas.srcs/sources_1/bd/design_1/ip/design_1_axi_gpio_0_4/design_1_axi_gpio_0_4_board.xdc] for cell 'design_1_i/PS_ZYNQ/axi_gpio_WrtEn/U0'
Parsing XDC File [/home/CanvasServer/Implementation/_local/Zynq_7010/Zynq_PL/Canvas.srcs/sources_1/bd/design_1/ip/design_1_axi_gpio_0_4/design_1_axi_gpio_0_4.xdc] for cell 'design_1_i/PS_ZYNQ/axi_gpio_WrtEn/U0'
Finished Parsing XDC File [/home/CanvasServer/Implementation/_local/Zynq_7010/Zynq_PL/Canvas.srcs/sources_1/bd/design_1/ip/design_1_axi_gpio_0_4/design_1_axi_gpio_0_4.xdc] for cell 'design_1_i/PS_ZYNQ/axi_gpio_WrtEn/U0'
Parsing XDC File [/home/CanvasServer/Implementation/_local/Zynq_7010/Zynq_PL/Canvas.srcs/sources_1/bd/design_1/ip/design_1_proc_sys_reset_1_0/design_1_proc_sys_reset_1_0_board.xdc] for cell 'design_1_i/PS_ZYNQ/proc_sys_reset_125/U0'
Finished Parsing XDC File [/home/CanvasServer/Implementation/_local/Zynq_7010/Zynq_PL/Canvas.srcs/sources_1/bd/design_1/ip/design_1_proc_sys_reset_1_0/design_1_proc_sys_reset_1_0_board.xdc] for cell 'design_1_i/PS_ZYNQ/proc_sys_reset_125/U0'
Parsing XDC File [/home/CanvasServer/Implementation/_local/Zynq_7010/Zynq_PL/Canvas.srcs/sources_1/bd/design_1/ip/design_1_proc_sys_reset_1_0/design_1_proc_sys_reset_1_0.xdc] for cell 'design_1_i/PS_ZYNQ/proc_sys_reset_125/U0'
Finished Parsing XDC File [/home/CanvasServer/Implementation/_local/Zynq_7010/Zynq_PL/Canvas.srcs/sources_1/bd/design_1/ip/design_1_proc_sys_reset_1_0/design_1_proc_sys_reset_1_0.xdc] for cell 'design_1_i/PS_ZYNQ/proc_sys_reset_125/U0'
Parsing XDC File [/home/CanvasServer/Implementation/_local/Zynq_7010/Zynq_PL/Canvas.srcs/constrs_1/imports/sdc/CanvasRedpitaya.xdc]
Finished Parsing XDC File [/home/CanvasServer/Implementation/_local/Zynq_7010/Zynq_PL/Canvas.srcs/constrs_1/imports/sdc/CanvasRedpitaya.xdc]
Parsing XDC File [/home/CanvasServer/Implementation/_local/Zynq_7010/Zynq_PL/Canvas.srcs/sources_1/bd/design_1/ip/design_1_auto_cc_0/design_1_auto_cc_0_clocks.xdc] for cell 'design_1_i/PS_ZYNQ/axi_interconnect/m00_couplers/auto_cc/inst'
Finished Parsing XDC File [/home/CanvasServer/Implementation/_local/Zynq_7010/Zynq_PL/Canvas.srcs/sources_1/bd/design_1/ip/design_1_auto_cc_0/design_1_auto_cc_0_clocks.xdc] for cell 'design_1_i/PS_ZYNQ/axi_interconnect/m00_couplers/auto_cc/inst'
Parsing XDC File [/home/CanvasServer/Implementation/_local/Zynq_7010/Zynq_PL/Canvas.srcs/sources_1/bd/design_1/ip/design_1_auto_cc_1/design_1_auto_cc_1_clocks.xdc] for cell 'design_1_i/PS_ZYNQ/axi_interconnect/m01_couplers/auto_cc/inst'
Finished Parsing XDC File [/home/CanvasServer/Implementation/_local/Zynq_7010/Zynq_PL/Canvas.srcs/sources_1/bd/design_1/ip/design_1_auto_cc_1/design_1_auto_cc_1_clocks.xdc] for cell 'design_1_i/PS_ZYNQ/axi_interconnect/m01_couplers/auto_cc/inst'
Parsing XDC File [/home/CanvasServer/Implementation/_local/Zynq_7010/Zynq_PL/Canvas.srcs/sources_1/bd/design_1/ip/design_1_auto_cc_2/design_1_auto_cc_2_clocks.xdc] for cell 'design_1_i/PS_ZYNQ/axi_interconnect/m02_couplers/auto_cc/inst'
Finished Parsing XDC File [/home/CanvasServer/Implementation/_local/Zynq_7010/Zynq_PL/Canvas.srcs/sources_1/bd/design_1/ip/design_1_auto_cc_2/design_1_auto_cc_2_clocks.xdc] for cell 'design_1_i/PS_ZYNQ/axi_interconnect/m02_couplers/auto_cc/inst'
Sourcing Tcl File [/tools/Xilinx/Vivado/2018.3/data/ip/xpm/xpm_cdc/tcl/xpm_cdc_handshake.tcl] for cell 'design_1_i/PS_ZYNQ/axi_interconnect/m02_couplers/auto_cc/inst/gen_clock_conv.gen_async_lite_conv.clock_conv_lite_fwd_ar/handshake'
Finished Sourcing Tcl File [/tools/Xilinx/Vivado/2018.3/data/ip/xpm/xpm_cdc/tcl/xpm_cdc_handshake.tcl] for cell 'design_1_i/PS_ZYNQ/axi_interconnect/m02_couplers/auto_cc/inst/gen_clock_conv.gen_async_lite_conv.clock_conv_lite_fwd_ar/handshake'
Sourcing Tcl File [/tools/Xilinx/Vivado/2018.3/data/ip/xpm/xpm_cdc/tcl/xpm_cdc_handshake.tcl] for cell 'design_1_i/PS_ZYNQ/axi_interconnect/m02_couplers/auto_cc/inst/gen_clock_conv.gen_async_lite_conv.clock_conv_lite_fwd_w/handshake'
Finished Sourcing Tcl File [/tools/Xilinx/Vivado/2018.3/data/ip/xpm/xpm_cdc/tcl/xpm_cdc_handshake.tcl] for cell 'design_1_i/PS_ZYNQ/axi_interconnect/m02_couplers/auto_cc/inst/gen_clock_conv.gen_async_lite_conv.clock_conv_lite_fwd_w/handshake'
Sourcing Tcl File [/tools/Xilinx/Vivado/2018.3/data/ip/xpm/xpm_cdc/tcl/xpm_cdc_handshake.tcl] for cell 'design_1_i/PS_ZYNQ/axi_interconnect/m00_couplers/auto_cc/inst/gen_clock_conv.gen_async_lite_conv.clock_conv_lite_fwd_w/handshake'
Finished Sourcing Tcl File [/tools/Xilinx/Vivado/2018.3/data/ip/xpm/xpm_cdc/tcl/xpm_cdc_handshake.tcl] for cell 'design_1_i/PS_ZYNQ/axi_interconnect/m00_couplers/auto_cc/inst/gen_clock_conv.gen_async_lite_conv.clock_conv_lite_fwd_w/handshake'
Sourcing Tcl File [/tools/Xilinx/Vivado/2018.3/data/ip/xpm/xpm_cdc/tcl/xpm_cdc_handshake.tcl] for cell 'design_1_i/PS_ZYNQ/axi_interconnect/m01_couplers/auto_cc/inst/gen_clock_conv.gen_async_lite_conv.clock_conv_lite_fwd_w/handshake'
Finished Sourcing Tcl File [/tools/Xilinx/Vivado/2018.3/data/ip/xpm/xpm_cdc/tcl/xpm_cdc_handshake.tcl] for cell 'design_1_i/PS_ZYNQ/axi_interconnect/m01_couplers/auto_cc/inst/gen_clock_conv.gen_async_lite_conv.clock_conv_lite_fwd_w/handshake'
Sourcing Tcl File [/tools/Xilinx/Vivado/2018.3/data/ip/xpm/xpm_cdc/tcl/xpm_cdc_handshake.tcl] for cell 'design_1_i/PS_ZYNQ/axi_interconnect/m02_couplers/auto_cc/inst/gen_clock_conv.gen_async_lite_conv.clock_conv_lite_resp_b/handshake'
Finished Sourcing Tcl File [/tools/Xilinx/Vivado/2018.3/data/ip/xpm/xpm_cdc/tcl/xpm_cdc_handshake.tcl] for cell 'design_1_i/PS_ZYNQ/axi_interconnect/m02_couplers/auto_cc/inst/gen_clock_conv.gen_async_lite_conv.clock_conv_lite_resp_b/handshake'
Sourcing Tcl File [/tools/Xilinx/Vivado/2018.3/data/ip/xpm/xpm_cdc/tcl/xpm_cdc_handshake.tcl] for cell 'design_1_i/PS_ZYNQ/axi_interconnect/m00_couplers/auto_cc/inst/gen_clock_conv.gen_async_lite_conv.clock_conv_lite_resp_b/handshake'
Finished Sourcing Tcl File [/tools/Xilinx/Vivado/2018.3/data/ip/xpm/xpm_cdc/tcl/xpm_cdc_handshake.tcl] for cell 'design_1_i/PS_ZYNQ/axi_interconnect/m00_couplers/auto_cc/inst/gen_clock_conv.gen_async_lite_conv.clock_conv_lite_resp_b/handshake'
Sourcing Tcl File [/tools/Xilinx/Vivado/2018.3/data/ip/xpm/xpm_cdc/tcl/xpm_cdc_handshake.tcl] for cell 'design_1_i/PS_ZYNQ/axi_interconnect/m01_couplers/auto_cc/inst/gen_clock_conv.gen_async_lite_conv.clock_conv_lite_resp_b/handshake'
Finished Sourcing Tcl File [/tools/Xilinx/Vivado/2018.3/data/ip/xpm/xpm_cdc/tcl/xpm_cdc_handshake.tcl] for cell 'design_1_i/PS_ZYNQ/axi_interconnect/m01_couplers/auto_cc/inst/gen_clock_conv.gen_async_lite_conv.clock_conv_lite_resp_b/handshake'
Sourcing Tcl File [/tools/Xilinx/Vivado/2018.3/data/ip/xpm/xpm_cdc/tcl/xpm_cdc_handshake.tcl] for cell 'design_1_i/PS_ZYNQ/axi_interconnect/m02_couplers/auto_cc/inst/gen_clock_conv.gen_async_lite_conv.clock_conv_lite_resp_r/handshake'
Finished Sourcing Tcl File [/tools/Xilinx/Vivado/2018.3/data/ip/xpm/xpm_cdc/tcl/xpm_cdc_handshake.tcl] for cell 'design_1_i/PS_ZYNQ/axi_interconnect/m02_couplers/auto_cc/inst/gen_clock_conv.gen_async_lite_conv.clock_conv_lite_resp_r/handshake'
Sourcing Tcl File [/tools/Xilinx/Vivado/2018.3/data/ip/xpm/xpm_cdc/tcl/xpm_cdc_handshake.tcl] for cell 'design_1_i/PS_ZYNQ/axi_interconnect/m00_couplers/auto_cc/inst/gen_clock_conv.gen_async_lite_conv.clock_conv_lite_resp_r/handshake'
Finished Sourcing Tcl File [/tools/Xilinx/Vivado/2018.3/data/ip/xpm/xpm_cdc/tcl/xpm_cdc_handshake.tcl] for cell 'design_1_i/PS_ZYNQ/axi_interconnect/m00_couplers/auto_cc/inst/gen_clock_conv.gen_async_lite_conv.clock_conv_lite_resp_r/handshake'
Sourcing Tcl File [/tools/Xilinx/Vivado/2018.3/data/ip/xpm/xpm_cdc/tcl/xpm_cdc_handshake.tcl] for cell 'design_1_i/PS_ZYNQ/axi_interconnect/m01_couplers/auto_cc/inst/gen_clock_conv.gen_async_lite_conv.clock_conv_lite_resp_r/handshake'
Finished Sourcing Tcl File [/tools/Xilinx/Vivado/2018.3/data/ip/xpm/xpm_cdc/tcl/xpm_cdc_handshake.tcl] for cell 'design_1_i/PS_ZYNQ/axi_interconnect/m01_couplers/auto_cc/inst/gen_clock_conv.gen_async_lite_conv.clock_conv_lite_resp_r/handshake'
Sourcing Tcl File [/tools/Xilinx/Vivado/2018.3/data/ip/xpm/xpm_cdc/tcl/xpm_cdc_handshake.tcl] for cell 'design_1_i/PS_ZYNQ/axi_interconnect/m00_couplers/auto_cc/inst/gen_clock_conv.gen_async_lite_conv.clock_conv_lite_fwd_aw/handshake'
Finished Sourcing Tcl File [/tools/Xilinx/Vivado/2018.3/data/ip/xpm/xpm_cdc/tcl/xpm_cdc_handshake.tcl] for cell 'design_1_i/PS_ZYNQ/axi_interconnect/m00_couplers/auto_cc/inst/gen_clock_conv.gen_async_lite_conv.clock_conv_lite_fwd_aw/handshake'
Sourcing Tcl File [/tools/Xilinx/Vivado/2018.3/data/ip/xpm/xpm_cdc/tcl/xpm_cdc_handshake.tcl] for cell 'design_1_i/PS_ZYNQ/axi_interconnect/m00_couplers/auto_cc/inst/gen_clock_conv.gen_async_lite_conv.clock_conv_lite_fwd_ar/handshake'
Finished Sourcing Tcl File [/tools/Xilinx/Vivado/2018.3/data/ip/xpm/xpm_cdc/tcl/xpm_cdc_handshake.tcl] for cell 'design_1_i/PS_ZYNQ/axi_interconnect/m00_couplers/auto_cc/inst/gen_clock_conv.gen_async_lite_conv.clock_conv_lite_fwd_ar/handshake'
Sourcing Tcl File [/tools/Xilinx/Vivado/2018.3/data/ip/xpm/xpm_cdc/tcl/xpm_cdc_handshake.tcl] for cell 'design_1_i/PS_ZYNQ/axi_interconnect/m01_couplers/auto_cc/inst/gen_clock_conv.gen_async_lite_conv.clock_conv_lite_fwd_aw/handshake'
Finished Sourcing Tcl File [/tools/Xilinx/Vivado/2018.3/data/ip/xpm/xpm_cdc/tcl/xpm_cdc_handshake.tcl] for cell 'design_1_i/PS_ZYNQ/axi_interconnect/m01_couplers/auto_cc/inst/gen_clock_conv.gen_async_lite_conv.clock_conv_lite_fwd_aw/handshake'
Sourcing Tcl File [/tools/Xilinx/Vivado/2018.3/data/ip/xpm/xpm_cdc/tcl/xpm_cdc_handshake.tcl] for cell 'design_1_i/PS_ZYNQ/axi_interconnect/m01_couplers/auto_cc/inst/gen_clock_conv.gen_async_lite_conv.clock_conv_lite_fwd_ar/handshake'
Finished Sourcing Tcl File [/tools/Xilinx/Vivado/2018.3/data/ip/xpm/xpm_cdc/tcl/xpm_cdc_handshake.tcl] for cell 'design_1_i/PS_ZYNQ/axi_interconnect/m01_couplers/auto_cc/inst/gen_clock_conv.gen_async_lite_conv.clock_conv_lite_fwd_ar/handshake'
Sourcing Tcl File [/tools/Xilinx/Vivado/2018.3/data/ip/xpm/xpm_cdc/tcl/xpm_cdc_handshake.tcl] for cell 'design_1_i/PS_ZYNQ/axi_interconnect/m02_couplers/auto_cc/inst/gen_clock_conv.gen_async_lite_conv.clock_conv_lite_fwd_aw/handshake'
Finished Sourcing Tcl File [/tools/Xilinx/Vivado/2018.3/data/ip/xpm/xpm_cdc/tcl/xpm_cdc_handshake.tcl] for cell 'design_1_i/PS_ZYNQ/axi_interconnect/m02_couplers/auto_cc/inst/gen_clock_conv.gen_async_lite_conv.clock_conv_lite_fwd_aw/handshake'
Sourcing Tcl File [/tools/Xilinx/Vivado/2018.3/data/ip/xpm/xpm_cdc/tcl/xpm_cdc_single.tcl] for cell 'design_1_i/PS_ZYNQ/axi_interconnect/m02_couplers/auto_cc/inst/gen_clock_conv.gen_async_lite_conv.clock_conv_lite_resp_r/handshake/xpm_cdc_single_dest2src_inst'
Finished Sourcing Tcl File [/tools/Xilinx/Vivado/2018.3/data/ip/xpm/xpm_cdc/tcl/xpm_cdc_single.tcl] for cell 'design_1_i/PS_ZYNQ/axi_interconnect/m02_couplers/auto_cc/inst/gen_clock_conv.gen_async_lite_conv.clock_conv_lite_resp_r/handshake/xpm_cdc_single_dest2src_inst'
Sourcing Tcl File [/tools/Xilinx/Vivado/2018.3/data/ip/xpm/xpm_cdc/tcl/xpm_cdc_single.tcl] for cell 'design_1_i/PS_ZYNQ/axi_interconnect/m00_couplers/auto_cc/inst/gen_clock_conv.gen_async_lite_conv.clock_conv_lite_fwd_aw/handshake/xpm_cdc_single_src2dest_inst'
Finished Sourcing Tcl File [/tools/Xilinx/Vivado/2018.3/data/ip/xpm/xpm_cdc/tcl/xpm_cdc_single.tcl] for cell 'design_1_i/PS_ZYNQ/axi_interconnect/m00_couplers/auto_cc/inst/gen_clock_conv.gen_async_lite_conv.clock_conv_lite_fwd_aw/handshake/xpm_cdc_single_src2dest_inst'
Sourcing Tcl File [/tools/Xilinx/Vivado/2018.3/data/ip/xpm/xpm_cdc/tcl/xpm_cdc_single.tcl] for cell 'design_1_i/PS_ZYNQ/axi_interconnect/m00_couplers/auto_cc/inst/gen_clock_conv.gen_async_lite_conv.clock_conv_lite_fwd_aw/handshake/xpm_cdc_single_dest2src_inst'
Finished Sourcing Tcl File [/tools/Xilinx/Vivado/2018.3/data/ip/xpm/xpm_cdc/tcl/xpm_cdc_single.tcl] for cell 'design_1_i/PS_ZYNQ/axi_interconnect/m00_couplers/auto_cc/inst/gen_clock_conv.gen_async_lite_conv.clock_conv_lite_fwd_aw/handshake/xpm_cdc_single_dest2src_inst'
Sourcing Tcl File [/tools/Xilinx/Vivado/2018.3/data/ip/xpm/xpm_cdc/tcl/xpm_cdc_single.tcl] for cell 'design_1_i/PS_ZYNQ/axi_interconnect/m00_couplers/auto_cc/inst/gen_clock_conv.gen_async_lite_conv.clock_conv_lite_fwd_ar/handshake/xpm_cdc_single_src2dest_inst'
Finished Sourcing Tcl File [/tools/Xilinx/Vivado/2018.3/data/ip/xpm/xpm_cdc/tcl/xpm_cdc_single.tcl] for cell 'design_1_i/PS_ZYNQ/axi_interconnect/m00_couplers/auto_cc/inst/gen_clock_conv.gen_async_lite_conv.clock_conv_lite_fwd_ar/handshake/xpm_cdc_single_src2dest_inst'
Sourcing Tcl File [/tools/Xilinx/Vivado/2018.3/data/ip/xpm/xpm_cdc/tcl/xpm_cdc_single.tcl] for cell 'design_1_i/PS_ZYNQ/axi_interconnect/m00_couplers/auto_cc/inst/gen_clock_conv.gen_async_lite_conv.clock_conv_lite_fwd_ar/handshake/xpm_cdc_single_dest2src_inst'
Finished Sourcing Tcl File [/tools/Xilinx/Vivado/2018.3/data/ip/xpm/xpm_cdc/tcl/xpm_cdc_single.tcl] for cell 'design_1_i/PS_ZYNQ/axi_interconnect/m00_couplers/auto_cc/inst/gen_clock_conv.gen_async_lite_conv.clock_conv_lite_fwd_ar/handshake/xpm_cdc_single_dest2src_inst'
Sourcing Tcl File [/tools/Xilinx/Vivado/2018.3/data/ip/xpm/xpm_cdc/tcl/xpm_cdc_single.tcl] for cell 'design_1_i/PS_ZYNQ/axi_interconnect/m00_couplers/auto_cc/inst/gen_clock_conv.gen_async_lite_conv.clock_conv_lite_fwd_w/handshake/xpm_cdc_single_src2dest_inst'
Finished Sourcing Tcl File [/tools/Xilinx/Vivado/2018.3/data/ip/xpm/xpm_cdc/tcl/xpm_cdc_single.tcl] for cell 'design_1_i/PS_ZYNQ/axi_interconnect/m00_couplers/auto_cc/inst/gen_clock_conv.gen_async_lite_conv.clock_conv_lite_fwd_w/handshake/xpm_cdc_single_src2dest_inst'
Sourcing Tcl File [/tools/Xilinx/Vivado/2018.3/data/ip/xpm/xpm_cdc/tcl/xpm_cdc_single.tcl] for cell 'design_1_i/PS_ZYNQ/axi_interconnect/m00_couplers/auto_cc/inst/gen_clock_conv.gen_async_lite_conv.clock_conv_lite_fwd_w/handshake/xpm_cdc_single_dest2src_inst'
Finished Sourcing Tcl File [/tools/Xilinx/Vivado/2018.3/data/ip/xpm/xpm_cdc/tcl/xpm_cdc_single.tcl] for cell 'design_1_i/PS_ZYNQ/axi_interconnect/m00_couplers/auto_cc/inst/gen_clock_conv.gen_async_lite_conv.clock_conv_lite_fwd_w/handshake/xpm_cdc_single_dest2src_inst'
Sourcing Tcl File [/tools/Xilinx/Vivado/2018.3/data/ip/xpm/xpm_cdc/tcl/xpm_cdc_single.tcl] for cell 'design_1_i/PS_ZYNQ/axi_interconnect/m00_couplers/auto_cc/inst/gen_clock_conv.gen_async_lite_conv.clock_conv_lite_resp_b/handshake/xpm_cdc_single_src2dest_inst'
Finished Sourcing Tcl File [/tools/Xilinx/Vivado/2018.3/data/ip/xpm/xpm_cdc/tcl/xpm_cdc_single.tcl] for cell 'design_1_i/PS_ZYNQ/axi_interconnect/m00_couplers/auto_cc/inst/gen_clock_conv.gen_async_lite_conv.clock_conv_lite_resp_b/handshake/xpm_cdc_single_src2dest_inst'
Sourcing Tcl File [/tools/Xilinx/Vivado/2018.3/data/ip/xpm/xpm_cdc/tcl/xpm_cdc_single.tcl] for cell 'design_1_i/PS_ZYNQ/axi_interconnect/m00_couplers/auto_cc/inst/gen_clock_conv.gen_async_lite_conv.clock_conv_lite_resp_b/handshake/xpm_cdc_single_dest2src_inst'
Finished Sourcing Tcl File [/tools/Xilinx/Vivado/2018.3/data/ip/xpm/xpm_cdc/tcl/xpm_cdc_single.tcl] for cell 'design_1_i/PS_ZYNQ/axi_interconnect/m00_couplers/auto_cc/inst/gen_clock_conv.gen_async_lite_conv.clock_conv_lite_resp_b/handshake/xpm_cdc_single_dest2src_inst'
Sourcing Tcl File [/tools/Xilinx/Vivado/2018.3/data/ip/xpm/xpm_cdc/tcl/xpm_cdc_single.tcl] for cell 'design_1_i/PS_ZYNQ/axi_interconnect/m00_couplers/auto_cc/inst/gen_clock_conv.gen_async_lite_conv.clock_conv_lite_resp_r/handshake/xpm_cdc_single_src2dest_inst'
Finished Sourcing Tcl File [/tools/Xilinx/Vivado/2018.3/data/ip/xpm/xpm_cdc/tcl/xpm_cdc_single.tcl] for cell 'design_1_i/PS_ZYNQ/axi_interconnect/m00_couplers/auto_cc/inst/gen_clock_conv.gen_async_lite_conv.clock_conv_lite_resp_r/handshake/xpm_cdc_single_src2dest_inst'
Sourcing Tcl File [/tools/Xilinx/Vivado/2018.3/data/ip/xpm/xpm_cdc/tcl/xpm_cdc_single.tcl] for cell 'design_1_i/PS_ZYNQ/axi_interconnect/m00_couplers/auto_cc/inst/gen_clock_conv.gen_async_lite_conv.clock_conv_lite_resp_r/handshake/xpm_cdc_single_dest2src_inst'
Finished Sourcing Tcl File [/tools/Xilinx/Vivado/2018.3/data/ip/xpm/xpm_cdc/tcl/xpm_cdc_single.tcl] for cell 'design_1_i/PS_ZYNQ/axi_interconnect/m00_couplers/auto_cc/inst/gen_clock_conv.gen_async_lite_conv.clock_conv_lite_resp_r/handshake/xpm_cdc_single_dest2src_inst'
Sourcing Tcl File [/tools/Xilinx/Vivado/2018.3/data/ip/xpm/xpm_cdc/tcl/xpm_cdc_single.tcl] for cell 'design_1_i/PS_ZYNQ/axi_interconnect/m01_couplers/auto_cc/inst/gen_clock_conv.gen_async_lite_conv.clock_conv_lite_fwd_aw/handshake/xpm_cdc_single_src2dest_inst'
Finished Sourcing Tcl File [/tools/Xilinx/Vivado/2018.3/data/ip/xpm/xpm_cdc/tcl/xpm_cdc_single.tcl] for cell 'design_1_i/PS_ZYNQ/axi_interconnect/m01_couplers/auto_cc/inst/gen_clock_conv.gen_async_lite_conv.clock_conv_lite_fwd_aw/handshake/xpm_cdc_single_src2dest_inst'
Sourcing Tcl File [/tools/Xilinx/Vivado/2018.3/data/ip/xpm/xpm_cdc/tcl/xpm_cdc_single.tcl] for cell 'design_1_i/PS_ZYNQ/axi_interconnect/m01_couplers/auto_cc/inst/gen_clock_conv.gen_async_lite_conv.clock_conv_lite_fwd_aw/handshake/xpm_cdc_single_dest2src_inst'
Finished Sourcing Tcl File [/tools/Xilinx/Vivado/2018.3/data/ip/xpm/xpm_cdc/tcl/xpm_cdc_single.tcl] for cell 'design_1_i/PS_ZYNQ/axi_interconnect/m01_couplers/auto_cc/inst/gen_clock_conv.gen_async_lite_conv.clock_conv_lite_fwd_aw/handshake/xpm_cdc_single_dest2src_inst'
Sourcing Tcl File [/tools/Xilinx/Vivado/2018.3/data/ip/xpm/xpm_cdc/tcl/xpm_cdc_single.tcl] for cell 'design_1_i/PS_ZYNQ/axi_interconnect/m01_couplers/auto_cc/inst/gen_clock_conv.gen_async_lite_conv.clock_conv_lite_fwd_ar/handshake/xpm_cdc_single_src2dest_inst'
Finished Sourcing Tcl File [/tools/Xilinx/Vivado/2018.3/data/ip/xpm/xpm_cdc/tcl/xpm_cdc_single.tcl] for cell 'design_1_i/PS_ZYNQ/axi_interconnect/m01_couplers/auto_cc/inst/gen_clock_conv.gen_async_lite_conv.clock_conv_lite_fwd_ar/handshake/xpm_cdc_single_src2dest_inst'
Sourcing Tcl File [/tools/Xilinx/Vivado/2018.3/data/ip/xpm/xpm_cdc/tcl/xpm_cdc_single.tcl] for cell 'design_1_i/PS_ZYNQ/axi_interconnect/m01_couplers/auto_cc/inst/gen_clock_conv.gen_async_lite_conv.clock_conv_lite_fwd_ar/handshake/xpm_cdc_single_dest2src_inst'
Finished Sourcing Tcl File [/tools/Xilinx/Vivado/2018.3/data/ip/xpm/xpm_cdc/tcl/xpm_cdc_single.tcl] for cell 'design_1_i/PS_ZYNQ/axi_interconnect/m01_couplers/auto_cc/inst/gen_clock_conv.gen_async_lite_conv.clock_conv_lite_fwd_ar/handshake/xpm_cdc_single_dest2src_inst'
Sourcing Tcl File [/tools/Xilinx/Vivado/2018.3/data/ip/xpm/xpm_cdc/tcl/xpm_cdc_single.tcl] for cell 'design_1_i/PS_ZYNQ/axi_interconnect/m01_couplers/auto_cc/inst/gen_clock_conv.gen_async_lite_conv.clock_conv_lite_fwd_w/handshake/xpm_cdc_single_src2dest_inst'
Finished Sourcing Tcl File [/tools/Xilinx/Vivado/2018.3/data/ip/xpm/xpm_cdc/tcl/xpm_cdc_single.tcl] for cell 'design_1_i/PS_ZYNQ/axi_interconnect/m01_couplers/auto_cc/inst/gen_clock_conv.gen_async_lite_conv.clock_conv_lite_fwd_w/handshake/xpm_cdc_single_src2dest_inst'
Sourcing Tcl File [/tools/Xilinx/Vivado/2018.3/data/ip/xpm/xpm_cdc/tcl/xpm_cdc_single.tcl] for cell 'design_1_i/PS_ZYNQ/axi_interconnect/m01_couplers/auto_cc/inst/gen_clock_conv.gen_async_lite_conv.clock_conv_lite_fwd_w/handshake/xpm_cdc_single_dest2src_inst'
Finished Sourcing Tcl File [/tools/Xilinx/Vivado/2018.3/data/ip/xpm/xpm_cdc/tcl/xpm_cdc_single.tcl] for cell 'design_1_i/PS_ZYNQ/axi_interconnect/m01_couplers/auto_cc/inst/gen_clock_conv.gen_async_lite_conv.clock_conv_lite_fwd_w/handshake/xpm_cdc_single_dest2src_inst'
Sourcing Tcl File [/tools/Xilinx/Vivado/2018.3/data/ip/xpm/xpm_cdc/tcl/xpm_cdc_single.tcl] for cell 'design_1_i/PS_ZYNQ/axi_interconnect/m01_couplers/auto_cc/inst/gen_clock_conv.gen_async_lite_conv.clock_conv_lite_resp_b/handshake/xpm_cdc_single_src2dest_inst'
Finished Sourcing Tcl File [/tools/Xilinx/Vivado/2018.3/data/ip/xpm/xpm_cdc/tcl/xpm_cdc_single.tcl] for cell 'design_1_i/PS_ZYNQ/axi_interconnect/m01_couplers/auto_cc/inst/gen_clock_conv.gen_async_lite_conv.clock_conv_lite_resp_b/handshake/xpm_cdc_single_src2dest_inst'
Sourcing Tcl File [/tools/Xilinx/Vivado/2018.3/data/ip/xpm/xpm_cdc/tcl/xpm_cdc_single.tcl] for cell 'design_1_i/PS_ZYNQ/axi_interconnect/m01_couplers/auto_cc/inst/gen_clock_conv.gen_async_lite_conv.clock_conv_lite_resp_b/handshake/xpm_cdc_single_dest2src_inst'
Finished Sourcing Tcl File [/tools/Xilinx/Vivado/2018.3/data/ip/xpm/xpm_cdc/tcl/xpm_cdc_single.tcl] for cell 'design_1_i/PS_ZYNQ/axi_interconnect/m01_couplers/auto_cc/inst/gen_clock_conv.gen_async_lite_conv.clock_conv_lite_resp_b/handshake/xpm_cdc_single_dest2src_inst'
Sourcing Tcl File [/tools/Xilinx/Vivado/2018.3/data/ip/xpm/xpm_cdc/tcl/xpm_cdc_single.tcl] for cell 'design_1_i/PS_ZYNQ/axi_interconnect/m01_couplers/auto_cc/inst/gen_clock_conv.gen_async_lite_conv.clock_conv_lite_resp_r/handshake/xpm_cdc_single_src2dest_inst'
Finished Sourcing Tcl File [/tools/Xilinx/Vivado/2018.3/data/ip/xpm/xpm_cdc/tcl/xpm_cdc_single.tcl] for cell 'design_1_i/PS_ZYNQ/axi_interconnect/m01_couplers/auto_cc/inst/gen_clock_conv.gen_async_lite_conv.clock_conv_lite_resp_r/handshake/xpm_cdc_single_src2dest_inst'
Sourcing Tcl File [/tools/Xilinx/Vivado/2018.3/data/ip/xpm/xpm_cdc/tcl/xpm_cdc_single.tcl] for cell 'design_1_i/PS_ZYNQ/axi_interconnect/m01_couplers/auto_cc/inst/gen_clock_conv.gen_async_lite_conv.clock_conv_lite_resp_r/handshake/xpm_cdc_single_dest2src_inst'
Finished Sourcing Tcl File [/tools/Xilinx/Vivado/2018.3/data/ip/xpm/xpm_cdc/tcl/xpm_cdc_single.tcl] for cell 'design_1_i/PS_ZYNQ/axi_interconnect/m01_couplers/auto_cc/inst/gen_clock_conv.gen_async_lite_conv.clock_conv_lite_resp_r/handshake/xpm_cdc_single_dest2src_inst'
Sourcing Tcl File [/tools/Xilinx/Vivado/2018.3/data/ip/xpm/xpm_cdc/tcl/xpm_cdc_single.tcl] for cell 'design_1_i/PS_ZYNQ/axi_interconnect/m02_couplers/auto_cc/inst/gen_clock_conv.gen_async_lite_conv.clock_conv_lite_fwd_aw/handshake/xpm_cdc_single_src2dest_inst'
Finished Sourcing Tcl File [/tools/Xilinx/Vivado/2018.3/data/ip/xpm/xpm_cdc/tcl/xpm_cdc_single.tcl] for cell 'design_1_i/PS_ZYNQ/axi_interconnect/m02_couplers/auto_cc/inst/gen_clock_conv.gen_async_lite_conv.clock_conv_lite_fwd_aw/handshake/xpm_cdc_single_src2dest_inst'
Sourcing Tcl File [/tools/Xilinx/Vivado/2018.3/data/ip/xpm/xpm_cdc/tcl/xpm_cdc_single.tcl] for cell 'design_1_i/PS_ZYNQ/axi_interconnect/m02_couplers/auto_cc/inst/gen_clock_conv.gen_async_lite_conv.clock_conv_lite_fwd_aw/handshake/xpm_cdc_single_dest2src_inst'
Finished Sourcing Tcl File [/tools/Xilinx/Vivado/2018.3/data/ip/xpm/xpm_cdc/tcl/xpm_cdc_single.tcl] for cell 'design_1_i/PS_ZYNQ/axi_interconnect/m02_couplers/auto_cc/inst/gen_clock_conv.gen_async_lite_conv.clock_conv_lite_fwd_aw/handshake/xpm_cdc_single_dest2src_inst'
Sourcing Tcl File [/tools/Xilinx/Vivado/2018.3/data/ip/xpm/xpm_cdc/tcl/xpm_cdc_single.tcl] for cell 'design_1_i/PS_ZYNQ/axi_interconnect/m02_couplers/auto_cc/inst/gen_clock_conv.gen_async_lite_conv.clock_conv_lite_fwd_ar/handshake/xpm_cdc_single_src2dest_inst'
Finished Sourcing Tcl File [/tools/Xilinx/Vivado/2018.3/data/ip/xpm/xpm_cdc/tcl/xpm_cdc_single.tcl] for cell 'design_1_i/PS_ZYNQ/axi_interconnect/m02_couplers/auto_cc/inst/gen_clock_conv.gen_async_lite_conv.clock_conv_lite_fwd_ar/handshake/xpm_cdc_single_src2dest_inst'
Sourcing Tcl File [/tools/Xilinx/Vivado/2018.3/data/ip/xpm/xpm_cdc/tcl/xpm_cdc_single.tcl] for cell 'design_1_i/PS_ZYNQ/axi_interconnect/m02_couplers/auto_cc/inst/gen_clock_conv.gen_async_lite_conv.clock_conv_lite_fwd_ar/handshake/xpm_cdc_single_dest2src_inst'
Finished Sourcing Tcl File [/tools/Xilinx/Vivado/2018.3/data/ip/xpm/xpm_cdc/tcl/xpm_cdc_single.tcl] for cell 'design_1_i/PS_ZYNQ/axi_interconnect/m02_couplers/auto_cc/inst/gen_clock_conv.gen_async_lite_conv.clock_conv_lite_fwd_ar/handshake/xpm_cdc_single_dest2src_inst'
Sourcing Tcl File [/tools/Xilinx/Vivado/2018.3/data/ip/xpm/xpm_cdc/tcl/xpm_cdc_single.tcl] for cell 'design_1_i/PS_ZYNQ/axi_interconnect/m02_couplers/auto_cc/inst/gen_clock_conv.gen_async_lite_conv.clock_conv_lite_fwd_w/handshake/xpm_cdc_single_src2dest_inst'
Finished Sourcing Tcl File [/tools/Xilinx/Vivado/2018.3/data/ip/xpm/xpm_cdc/tcl/xpm_cdc_single.tcl] for cell 'design_1_i/PS_ZYNQ/axi_interconnect/m02_couplers/auto_cc/inst/gen_clock_conv.gen_async_lite_conv.clock_conv_lite_fwd_w/handshake/xpm_cdc_single_src2dest_inst'
Sourcing Tcl File [/tools/Xilinx/Vivado/2018.3/data/ip/xpm/xpm_cdc/tcl/xpm_cdc_single.tcl] for cell 'design_1_i/PS_ZYNQ/axi_interconnect/m02_couplers/auto_cc/inst/gen_clock_conv.gen_async_lite_conv.clock_conv_lite_fwd_w/handshake/xpm_cdc_single_dest2src_inst'
Finished Sourcing Tcl File [/tools/Xilinx/Vivado/2018.3/data/ip/xpm/xpm_cdc/tcl/xpm_cdc_single.tcl] for cell 'design_1_i/PS_ZYNQ/axi_interconnect/m02_couplers/auto_cc/inst/gen_clock_conv.gen_async_lite_conv.clock_conv_lite_fwd_w/handshake/xpm_cdc_single_dest2src_inst'
Sourcing Tcl File [/tools/Xilinx/Vivado/2018.3/data/ip/xpm/xpm_cdc/tcl/xpm_cdc_single.tcl] for cell 'design_1_i/PS_ZYNQ/axi_interconnect/m02_couplers/auto_cc/inst/gen_clock_conv.gen_async_lite_conv.clock_conv_lite_resp_b/handshake/xpm_cdc_single_src2dest_inst'
Finished Sourcing Tcl File [/tools/Xilinx/Vivado/2018.3/data/ip/xpm/xpm_cdc/tcl/xpm_cdc_single.tcl] for cell 'design_1_i/PS_ZYNQ/axi_interconnect/m02_couplers/auto_cc/inst/gen_clock_conv.gen_async_lite_conv.clock_conv_lite_resp_b/handshake/xpm_cdc_single_src2dest_inst'
Sourcing Tcl File [/tools/Xilinx/Vivado/2018.3/data/ip/xpm/xpm_cdc/tcl/xpm_cdc_single.tcl] for cell 'design_1_i/PS_ZYNQ/axi_interconnect/m02_couplers/auto_cc/inst/gen_clock_conv.gen_async_lite_conv.clock_conv_lite_resp_b/handshake/xpm_cdc_single_dest2src_inst'
Finished Sourcing Tcl File [/tools/Xilinx/Vivado/2018.3/data/ip/xpm/xpm_cdc/tcl/xpm_cdc_single.tcl] for cell 'design_1_i/PS_ZYNQ/axi_interconnect/m02_couplers/auto_cc/inst/gen_clock_conv.gen_async_lite_conv.clock_conv_lite_resp_b/handshake/xpm_cdc_single_dest2src_inst'
Sourcing Tcl File [/tools/Xilinx/Vivado/2018.3/data/ip/xpm/xpm_cdc/tcl/xpm_cdc_single.tcl] for cell 'design_1_i/PS_ZYNQ/axi_interconnect/m02_couplers/auto_cc/inst/gen_clock_conv.gen_async_lite_conv.clock_conv_lite_resp_r/handshake/xpm_cdc_single_src2dest_inst'
Finished Sourcing Tcl File [/tools/Xilinx/Vivado/2018.3/data/ip/xpm/xpm_cdc/tcl/xpm_cdc_single.tcl] for cell 'design_1_i/PS_ZYNQ/axi_interconnect/m02_couplers/auto_cc/inst/gen_clock_conv.gen_async_lite_conv.clock_conv_lite_resp_r/handshake/xpm_cdc_single_src2dest_inst'
INFO: [Opt 31-138] Pushed 0 inverter(s) to 0 load pin(s).
Netlist sorting complete. Time (s): cpu = 00:00:00 ; elapsed = 00:00:00 . Memory (MB): peak = 2087.668 ; gain = 0.000 ; free physical = 119 ; free virtual = 2470
INFO: [Project 1-111] Unisim Transformation Summary:
No Unisim elements were transformed.

11 Infos, 1 Warnings, 0 Critical Warnings and 0 Errors encountered.
link_design completed successfully
link_design: Time (s): cpu = 00:00:28 ; elapsed = 00:00:31 . Memory (MB): peak = 2087.668 ; gain = 685.141 ; free physical = 119 ; free virtual = 2470
Command: opt_design
Attempting to get a license for feature 'Implementation' and/or device 'xc7z010'
INFO: [Common 17-349] Got license for feature 'Implementation' and/or device 'xc7z010'
Running DRC as a precondition to command opt_design

Starting DRC Task
INFO: [DRC 23-27] Running DRC with 2 threads
INFO: [Project 1-461] DRC finished with 0 Errors
INFO: [Project 1-462] Please refer to the DRC report (report_drc) for more information.

Time (s): cpu = 00:00:01 ; elapsed = 00:00:02 . Memory (MB): peak = 2087.668 ; gain = 0.000 ; free physical = 113 ; free virtual = 2465

Starting Cache Timing Information Task
INFO: [Timing 38-35] Done setting XDC timing constraints.
Ending Cache Timing Information Task | Checksum: 18402df76

Time (s): cpu = 00:00:00.22 ; elapsed = 00:00:00.18 . Memory (MB): peak = 2087.668 ; gain = 0.000 ; free physical = 111 ; free virtual = 2464

Starting Logic Optimization Task

Phase 1 Retarget
INFO: [Opt 31-138] Pushed 26 inverter(s) to 26 load pin(s).
INFO: [Opt 31-49] Retargeted 0 cell(s).
Phase 1 Retarget | Checksum: 1fa17a59c

Time (s): cpu = 00:00:00.32 ; elapsed = 00:00:00.27 . Memory (MB): peak = 2120.648 ; gain = 0.000 ; free physical = 72 ; free virtual = 2401
INFO: [Opt 31-389] Phase Retarget created 10 cells and removed 106 cells
INFO: [Opt 31-1021] In phase Retarget, 1 netlist objects are constrained preventing optimization. Please run opt_design with -debug_log to get more detail. 

Phase 2 Constant propagation
INFO: [Opt 31-138] Pushed 0 inverter(s) to 0 load pin(s).
Phase 2 Constant propagation | Checksum: 150dfe4f5

Time (s): cpu = 00:00:00.37 ; elapsed = 00:00:00.32 . Memory (MB): peak = 2120.648 ; gain = 0.000 ; free physical = 72 ; free virtual = 2401
INFO: [Opt 31-389] Phase Constant propagation created 2 cells and removed 4 cells
INFO: [Opt 31-1021] In phase Constant propagation, 6 netlist objects are constrained preventing optimization. Please run opt_design with -debug_log to get more detail. 

Phase 3 Sweep
Phase 3 Sweep | Checksum: eae88a10

Time (s): cpu = 00:00:00.83 ; elapsed = 00:00:00.79 . Memory (MB): peak = 2120.648 ; gain = 0.000 ; free physical = 72 ; free virtual = 2401
INFO: [Opt 31-389] Phase Sweep created 3 cells and removed 413 cells

Phase 4 BUFG optimization
INFO: [Opt 31-194] Inserted BUFG design_1_i/CLK/clk_wiz_ADC/inst/clk_125_0deg_design_1_clk_wiz_0_1_BUFG_inst to drive 0 load(s) on clock net design_1_i/CLK/clk_wiz_ADC/inst/clk_125_0deg_design_1_clk_wiz_0_1_BUFG
INFO: [Opt 31-194] Inserted BUFG design_1_i/CLK/clk_wiz_ADC/inst/clk_250_m120deg_design_1_clk_wiz_0_1_BUFG_inst to drive 0 load(s) on clock net design_1_i/CLK/clk_wiz_ADC/inst/clk_250_m120deg_design_1_clk_wiz_0_1_BUFG
INFO: [Opt 31-194] Inserted BUFG design_1_i/CLK/clk_wiz_ADC/inst/clk_250_m150deg_design_1_clk_wiz_0_1_BUFG_inst to drive 0 load(s) on clock net design_1_i/CLK/clk_wiz_ADC/inst/clk_250_m150deg_design_1_clk_wiz_0_1_BUFG
INFO: [Opt 31-193] Inserted 3 BUFG(s) on clock nets
Phase 4 BUFG optimization | Checksum: 15f483dc3

Time (s): cpu = 00:00:00.90 ; elapsed = 00:00:00.87 . Memory (MB): peak = 2120.648 ; gain = 0.000 ; free physical = 72 ; free virtual = 2401
INFO: [Opt 31-662] Phase BUFG optimization created 0 cells of which 0 are BUFGs and removed 0 cells.

Phase 5 Shift Register Optimization
Phase 5 Shift Register Optimization | Checksum: 15f88d778

Time (s): cpu = 00:00:01 ; elapsed = 00:00:01 . Memory (MB): peak = 2120.648 ; gain = 0.000 ; free physical = 71 ; free virtual = 2401
INFO: [Opt 31-389] Phase Shift Register Optimization created 0 cells and removed 0 cells

Phase 6 Post Processing Netlist
Phase 6 Post Processing Netlist | Checksum: 1c54b5c11

Time (s): cpu = 00:00:01 ; elapsed = 00:00:01 . Memory (MB): peak = 2120.648 ; gain = 0.000 ; free physical = 71 ; free virtual = 2401
INFO: [Opt 31-389] Phase Post Processing Netlist created 0 cells and removed 0 cells
Opt_design Change Summary
=========================


-------------------------------------------------------------------------------------------------------------------------
|  Phase                        |  #Cells created  |  #Cells Removed  |  #Constrained objects preventing optimizations  |
-------------------------------------------------------------------------------------------------------------------------
|  Retarget                     |              10  |             106  |                                              1  |
|  Constant propagation         |               2  |               4  |                                              6  |
|  Sweep                        |               3  |             413  |                                              0  |
|  BUFG optimization            |               0  |               0  |                                              0  |
|  Shift Register Optimization  |               0  |               0  |                                              0  |
|  Post Processing Netlist      |               0  |               0  |                                              0  |
-------------------------------------------------------------------------------------------------------------------------



Starting Connectivity Check Task

Time (s): cpu = 00:00:00.01 ; elapsed = 00:00:00.01 . Memory (MB): peak = 2120.648 ; gain = 0.000 ; free physical = 71 ; free virtual = 2401
Ending Logic Optimization Task | Checksum: 13bf826fb

Time (s): cpu = 00:00:01 ; elapsed = 00:00:01 . Memory (MB): peak = 2120.648 ; gain = 0.000 ; free physical = 71 ; free virtual = 2401

Starting Power Optimization Task
INFO: [Pwropt 34-132] Skipping clock gating for clocks with a period < 2.00 ns.
Ending Power Optimization Task | Checksum: 13bf826fb

Time (s): cpu = 00:00:00.01 ; elapsed = 00:00:00.02 . Memory (MB): peak = 2120.648 ; gain = 0.000 ; free physical = 70 ; free virtual = 2400

Starting Final Cleanup Task
Ending Final Cleanup Task | Checksum: 13bf826fb

Time (s): cpu = 00:00:00 ; elapsed = 00:00:00 . Memory (MB): peak = 2120.648 ; gain = 0.000 ; free physical = 70 ; free virtual = 2400

Starting Netlist Obfuscation Task
Netlist sorting complete. Time (s): cpu = 00:00:00 ; elapsed = 00:00:00 . Memory (MB): peak = 2120.648 ; gain = 0.000 ; free physical = 70 ; free virtual = 2400
Ending Netlist Obfuscation Task | Checksum: 13bf826fb

Time (s): cpu = 00:00:00 ; elapsed = 00:00:00 . Memory (MB): peak = 2120.648 ; gain = 0.000 ; free physical = 70 ; free virtual = 2400
INFO: [Common 17-83] Releasing license: Implementation
33 Infos, 1 Warnings, 0 Critical Warnings and 0 Errors encountered.
opt_design completed successfully
Netlist sorting complete. Time (s): cpu = 00:00:00 ; elapsed = 00:00:00 . Memory (MB): peak = 2120.648 ; gain = 0.000 ; free physical = 70 ; free virtual = 2400
INFO: [Timing 38-480] Writing timing data to binary archive.
Writing placer database...
Writing XDEF routing.
Writing XDEF routing logical nets.
Writing XDEF routing special nets.
Write XDEF Complete: Time (s): cpu = 00:00:00.16 ; elapsed = 00:00:00.08 . Memory (MB): peak = 2136.656 ; gain = 0.000 ; free physical = 74 ; free virtual = 2396
Netlist sorting complete. Time (s): cpu = 00:00:00 ; elapsed = 00:00:00 . Memory (MB): peak = 2136.656 ; gain = 0.000 ; free physical = 73 ; free virtual = 2399
INFO: [Common 17-1381] The checkpoint '/home/CanvasServer/Implementation/_local/Zynq_7010/Zynq_PL/Canvas.runs/impl_1/design_1_wrapper_opt.dcp' has been generated.
INFO: [runtcl-4] Executing : report_drc -file design_1_wrapper_drc_opted.rpt -pb design_1_wrapper_drc_opted.pb -rpx design_1_wrapper_drc_opted.rpx
Command: report_drc -file design_1_wrapper_drc_opted.rpt -pb design_1_wrapper_drc_opted.pb -rpx design_1_wrapper_drc_opted.rpx
INFO: [IP_Flow 19-1839] IP Catalog is up to date.
INFO: [DRC 23-27] Running DRC with 2 threads
WARNING: [Designutils 20-3303] unexpected site type 'IOPAD' in HDPYFinalizeIO
WARNING: [Designutils 20-3303] unexpected site type 'IOPAD' in HDPYFinalizeIO
WARNING: [Designutils 20-3303] unexpected site type 'IOPAD' in HDPYFinalizeIO
WARNING: [Designutils 20-3303] unexpected site type 'IOPAD' in HDPYFinalizeIO
WARNING: [Designutils 20-3303] unexpected site type 'IOPAD' in HDPYFinalizeIO
WARNING: [Designutils 20-3303] unexpected site type 'IOPAD' in HDPYFinalizeIO
WARNING: [Designutils 20-3303] unexpected site type 'IOPAD' in HDPYFinalizeIO
WARNING: [Designutils 20-3303] unexpected site type 'IOPAD' in HDPYFinalizeIO
WARNING: [Designutils 20-3303] unexpected site type 'IOPAD' in HDPYFinalizeIO
WARNING: [Designutils 20-3303] unexpected site type 'IOPAD' in HDPYFinalizeIO
WARNING: [Designutils 20-3303] unexpected site type 'IOPAD' in HDPYFinalizeIO
WARNING: [Designutils 20-3303] unexpected site type 'IOPAD' in HDPYFinalizeIO
WARNING: [Designutils 20-3303] unexpected site type 'IOPAD' in HDPYFinalizeIO
WARNING: [Designutils 20-3303] unexpected site type 'IOPAD' in HDPYFinalizeIO
WARNING: [Designutils 20-3303] unexpected site type 'IOPAD' in HDPYFinalizeIO
WARNING: [Designutils 20-3303] unexpected site type 'IOPAD' in HDPYFinalizeIO
WARNING: [Designutils 20-3303] unexpected site type 'IOPAD' in HDPYFinalizeIO
WARNING: [Designutils 20-3303] unexpected site type 'IOPAD' in HDPYFinalizeIO
WARNING: [Designutils 20-3303] unexpected site type 'IOPAD' in HDPYFinalizeIO
WARNING: [Designutils 20-3303] unexpected site type 'IOPAD' in HDPYFinalizeIO
WARNING: [Designutils 20-3303] unexpected site type 'IOPAD' in HDPYFinalizeIO
WARNING: [Designutils 20-3303] unexpected site type 'IOPAD' in HDPYFinalizeIO
WARNING: [Designutils 20-3303] unexpected site type 'IOPAD' in HDPYFinalizeIO
WARNING: [Designutils 20-3303] unexpected site type 'IOPAD' in HDPYFinalizeIO
WARNING: [Designutils 20-3303] unexpected site type 'IOPAD' in HDPYFinalizeIO
WARNING: [Designutils 20-3303] unexpected site type 'IOPAD' in HDPYFinalizeIO
WARNING: [Designutils 20-3303] unexpected site type 'IOPAD' in HDPYFinalizeIO
WARNING: [Designutils 20-3303] unexpected site type 'IOPAD' in HDPYFinalizeIO
WARNING: [Designutils 20-3303] unexpected site type 'IOPAD' in HDPYFinalizeIO
WARNING: [Designutils 20-3303] unexpected site type 'IOPAD' in HDPYFinalizeIO
WARNING: [Designutils 20-3303] unexpected site type 'IOPAD' in HDPYFinalizeIO
WARNING: [Designutils 20-3303] unexpected site type 'IOPAD' in HDPYFinalizeIO
WARNING: [Designutils 20-3303] unexpected site type 'IOPAD' in HDPYFinalizeIO
WARNING: [Designutils 20-3303] unexpected site type 'IOPAD' in HDPYFinalizeIO
WARNING: [Designutils 20-3303] unexpected site type 'IOPAD' in HDPYFinalizeIO
WARNING: [Designutils 20-3303] unexpected site type 'IOPAD' in HDPYFinalizeIO
WARNING: [Designutils 20-3303] unexpected site type 'IOPAD' in HDPYFinalizeIO
WARNING: [Designutils 20-3303] unexpected site type 'IOPAD' in HDPYFinalizeIO
WARNING: [Designutils 20-3303] unexpected site type 'IOPAD' in HDPYFinalizeIO
WARNING: [Designutils 20-3303] unexpected site type 'IOPAD' in HDPYFinalizeIO
WARNING: [Designutils 20-3303] unexpected site type 'IOPAD' in HDPYFinalizeIO
WARNING: [Designutils 20-3303] unexpected site type 'IOPAD' in HDPYFinalizeIO
WARNING: [Designutils 20-3303] unexpected site type 'IOPAD' in HDPYFinalizeIO
WARNING: [Designutils 20-3303] unexpected site type 'IOPAD' in HDPYFinalizeIO
WARNING: [Designutils 20-3303] unexpected site type 'IOPAD' in HDPYFinalizeIO
WARNING: [Designutils 20-3303] unexpected site type 'IOPAD' in HDPYFinalizeIO
WARNING: [Designutils 20-3303] unexpected site type 'IOPAD' in HDPYFinalizeIO
WARNING: [Designutils 20-3303] unexpected site type 'IOPAD' in HDPYFinalizeIO
WARNING: [Designutils 20-3303] unexpected site type 'IOPAD' in HDPYFinalizeIO
WARNING: [Designutils 20-3303] unexpected site type 'IOPAD' in HDPYFinalizeIO
WARNING: [Designutils 20-3303] unexpected site type 'IOPAD' in HDPYFinalizeIO
WARNING: [Designutils 20-3303] unexpected site type 'IOPAD' in HDPYFinalizeIO
WARNING: [Designutils 20-3303] unexpected site type 'IOPAD' in HDPYFinalizeIO
WARNING: [Designutils 20-3303] unexpected site type 'IOPAD' in HDPYFinalizeIO
WARNING: [Designutils 20-3303] unexpected site type 'IOPAD' in HDPYFinalizeIO
WARNING: [Designutils 20-3303] unexpected site type 'IOPAD' in HDPYFinalizeIO
WARNING: [Designutils 20-3303] unexpected site type 'IOPAD' in HDPYFinalizeIO
WARNING: [Designutils 20-3303] unexpected site type 'IOPAD' in HDPYFinalizeIO
WARNING: [Designutils 20-3303] unexpected site type 'IOPAD' in HDPYFinalizeIO
WARNING: [Designutils 20-3303] unexpected site type 'IOPAD' in HDPYFinalizeIO
WARNING: [Designutils 20-3303] unexpected site type 'IOPAD' in HDPYFinalizeIO
WARNING: [Designutils 20-3303] unexpected site type 'IOPAD' in HDPYFinalizeIO
WARNING: [Designutils 20-3303] unexpected site type 'IOPAD' in HDPYFinalizeIO
WARNING: [Designutils 20-3303] unexpected site type 'IOPAD' in HDPYFinalizeIO
WARNING: [Designutils 20-3303] unexpected site type 'IOPAD' in HDPYFinalizeIO
WARNING: [Designutils 20-3303] unexpected site type 'IOPAD' in HDPYFinalizeIO
WARNING: [Designutils 20-3303] unexpected site type 'IOPAD' in HDPYFinalizeIO
WARNING: [Designutils 20-3303] unexpected site type 'IOPAD' in HDPYFinalizeIO
WARNING: [Designutils 20-3303] unexpected site type 'IOPAD' in HDPYFinalizeIO
WARNING: [Designutils 20-3303] unexpected site type 'IOPAD' in HDPYFinalizeIO
WARNING: [Designutils 20-3303] unexpected site type 'IOPAD' in HDPYFinalizeIO
WARNING: [Designutils 20-3303] unexpected site type 'IOPAD' in HDPYFinalizeIO
WARNING: [Designutils 20-3303] unexpected site type 'IOPAD' in HDPYFinalizeIO
WARNING: [Designutils 20-3303] unexpected site type 'IOPAD' in HDPYFinalizeIO
WARNING: [Designutils 20-3303] unexpected site type 'IOPAD' in HDPYFinalizeIO
WARNING: [Designutils 20-3303] unexpected site type 'IOPAD' in HDPYFinalizeIO
WARNING: [Designutils 20-3303] unexpected site type 'IOPAD' in HDPYFinalizeIO
WARNING: [Designutils 20-3303] unexpected site type 'IOPAD' in HDPYFinalizeIO
WARNING: [Designutils 20-3303] unexpected site type 'IOPAD' in HDPYFinalizeIO
WARNING: [Designutils 20-3303] unexpected site type 'IOPAD' in HDPYFinalizeIO
WARNING: [Designutils 20-3303] unexpected site type 'IOPAD' in HDPYFinalizeIO
WARNING: [Designutils 20-3303] unexpected site type 'IOPAD' in HDPYFinalizeIO
WARNING: [Designutils 20-3303] unexpected site type 'IOPAD' in HDPYFinalizeIO
WARNING: [Designutils 20-3303] unexpected site type 'IOPAD' in HDPYFinalizeIO
WARNING: [Designutils 20-3303] unexpected site type 'IOPAD' in HDPYFinalizeIO
WARNING: [Designutils 20-3303] unexpected site type 'IOPAD' in HDPYFinalizeIO
WARNING: [Designutils 20-3303] unexpected site type 'IOPAD' in HDPYFinalizeIO
WARNING: [Designutils 20-3303] unexpected site type 'IOPAD' in HDPYFinalizeIO
WARNING: [Designutils 20-3303] unexpected site type 'IOPAD' in HDPYFinalizeIO
WARNING: [Designutils 20-3303] unexpected site type 'IOPAD' in HDPYFinalizeIO
WARNING: [Designutils 20-3303] unexpected site type 'IOPAD' in HDPYFinalizeIO
WARNING: [Designutils 20-3303] unexpected site type 'IOPAD' in HDPYFinalizeIO
WARNING: [Designutils 20-3303] unexpected site type 'IOPAD' in HDPYFinalizeIO
WARNING: [Designutils 20-3303] unexpected site type 'IOPAD' in HDPYFinalizeIO
WARNING: [Designutils 20-3303] unexpected site type 'IOPAD' in HDPYFinalizeIO
WARNING: [Designutils 20-3303] unexpected site type 'IOPAD' in HDPYFinalizeIO
WARNING: [Designutils 20-3303] unexpected site type 'IOPAD' in HDPYFinalizeIO
WARNING: [Designutils 20-3303] unexpected site type 'IOPAD' in HDPYFinalizeIO
WARNING: [Designutils 20-3303] unexpected site type 'IOPAD' in HDPYFinalizeIO
WARNING: [Designutils 20-3303] unexpected site type 'IOPAD' in HDPYFinalizeIO
INFO: [Common 17-14] Message 'Designutils 20-3303' appears 100 times and further instances of the messages will be disabled. Use the Tcl command set_msg_config to change the current settings.
INFO: [Coretcl 2-168] The results of DRC are in file /home/CanvasServer/Implementation/_local/Zynq_7010/Zynq_PL/Canvas.runs/impl_1/design_1_wrapper_drc_opted.rpt.
report_drc completed successfully
Command: place_design
Attempting to get a license for feature 'Implementation' and/or device 'xc7z010'
INFO: [Common 17-349] Got license for feature 'Implementation' and/or device 'xc7z010'
INFO: [DRC 23-27] Running DRC with 2 threads
INFO: [Vivado_Tcl 4-198] DRC finished with 0 Errors
INFO: [Vivado_Tcl 4-199] Please refer to the DRC report (report_drc) for more information.
Running DRC as a precondition to command place_design
INFO: [DRC 23-27] Running DRC with 2 threads
INFO: [Vivado_Tcl 4-198] DRC finished with 0 Errors
INFO: [Vivado_Tcl 4-199] Please refer to the DRC report (report_drc) for more information.

Starting Placer Task
INFO: [Place 30-611] Multithreading enabled for place_design using a maximum of 2 CPUs

Phase 1 Placer Initialization

Phase 1.1 Placer Initialization Netlist Sorting
Netlist sorting complete. Time (s): cpu = 00:00:00 ; elapsed = 00:00:00 . Memory (MB): peak = 2176.676 ; gain = 0.000 ; free physical = 78 ; free virtual = 2391
Phase 1.1 Placer Initialization Netlist Sorting | Checksum: ea620a4e

Time (s): cpu = 00:00:00.01 ; elapsed = 00:00:00.02 . Memory (MB): peak = 2176.676 ; gain = 0.000 ; free physical = 78 ; free virtual = 2391
Netlist sorting complete. Time (s): cpu = 00:00:00 ; elapsed = 00:00:00 . Memory (MB): peak = 2176.676 ; gain = 0.000 ; free physical = 78 ; free virtual = 2391

Phase 1.2 IO Placement/ Clock Placement/ Build Placer Device
INFO: [Timing 38-35] Done setting XDC timing constraints.
Phase 1.2 IO Placement/ Clock Placement/ Build Placer Device | Checksum: e5397c50

Time (s): cpu = 00:00:01 ; elapsed = 00:00:01 . Memory (MB): peak = 2176.676 ; gain = 0.000 ; free physical = 79 ; free virtual = 2369

Phase 1.3 Build Placer Netlist Model
Phase 1.3 Build Placer Netlist Model | Checksum: 15d760590

Time (s): cpu = 00:00:02 ; elapsed = 00:00:02 . Memory (MB): peak = 2176.676 ; gain = 0.000 ; free physical = 85 ; free virtual = 2378

Phase 1.4 Constrain Clocks/Macros
Phase 1.4 Constrain Clocks/Macros | Checksum: 15d760590

Time (s): cpu = 00:00:02 ; elapsed = 00:00:02 . Memory (MB): peak = 2176.676 ; gain = 0.000 ; free physical = 85 ; free virtual = 2378
Phase 1 Placer Initialization | Checksum: 15d760590

Time (s): cpu = 00:00:02 ; elapsed = 00:00:02 . Memory (MB): peak = 2176.676 ; gain = 0.000 ; free physical = 85 ; free virtual = 2378

Phase 2 Global Placement

Phase 2.1 Floorplanning
Phase 2.1 Floorplanning | Checksum: 19ff2d032

Time (s): cpu = 00:00:02 ; elapsed = 00:00:02 . Memory (MB): peak = 2176.676 ; gain = 0.000 ; free physical = 83 ; free virtual = 2377

Phase 2.2 Physical Synthesis In Placer
INFO: [Physopt 32-65] No nets found for high-fanout optimization.
INFO: [Physopt 32-232] Optimized 0 net. Created 0 new instance.
INFO: [Physopt 32-775] End 1 Pass. Optimized 0 net or cell. Created 0 new cell, deleted 0 existing cell and moved 0 existing cell
INFO: [Physopt 32-670] No setup violation found.  DSP Register Optimization was not performed.
INFO: [Physopt 32-670] No setup violation found.  Shift Register Optimization was not performed.
INFO: [Physopt 32-670] No setup violation found.  BRAM Register Optimization was not performed.
INFO: [Physopt 32-949] No candidate nets found for HD net replication
INFO: [Physopt 32-775] End 1 Pass. Optimized 0 net or cell. Created 0 new cell, deleted 0 existing cell and moved 0 existing cell
Netlist sorting complete. Time (s): cpu = 00:00:00 ; elapsed = 00:00:00 . Memory (MB): peak = 2176.676 ; gain = 0.000 ; free physical = 75 ; free virtual = 2371

Summary of Physical Synthesis Optimizations
============================================


----------------------------------------------------------------------------------------------------------------------------------------
|  Optimization                  |  Added Cells  |  Removed Cells  |  Optimized Cells/Nets  |  Dont Touch  |  Iterations  |  Elapsed   |
----------------------------------------------------------------------------------------------------------------------------------------
|  Very High Fanout              |            0  |              0  |                     0  |           0  |           1  |  00:00:00  |
|  DSP Register                  |            0  |              0  |                     0  |           0  |           0  |  00:00:00  |
|  Shift Register                |            0  |              0  |                     0  |           0  |           0  |  00:00:00  |
|  BRAM Register                 |            0  |              0  |                     0  |           0  |           0  |  00:00:00  |
|  HD Interface Net Replication  |            0  |              0  |                     0  |           0  |           1  |  00:00:00  |
|  Total                         |            0  |              0  |                     0  |           0  |           2  |  00:00:00  |
----------------------------------------------------------------------------------------------------------------------------------------


Phase 2.2 Physical Synthesis In Placer | Checksum: 15ebcfec7

Time (s): cpu = 00:00:05 ; elapsed = 00:00:04 . Memory (MB): peak = 2176.676 ; gain = 0.000 ; free physical = 76 ; free virtual = 2373
Phase 2 Global Placement | Checksum: 1482e77bb

Time (s): cpu = 00:00:05 ; elapsed = 00:00:04 . Memory (MB): peak = 2176.676 ; gain = 0.000 ; free physical = 75 ; free virtual = 2372

Phase 3 Detail Placement

Phase 3.1 Commit Multi Column Macros
Phase 3.1 Commit Multi Column Macros | Checksum: 1482e77bb

Time (s): cpu = 00:00:05 ; elapsed = 00:00:04 . Memory (MB): peak = 2176.676 ; gain = 0.000 ; free physical = 75 ; free virtual = 2372

Phase 3.2 Commit Most Macros & LUTRAMs
Phase 3.2 Commit Most Macros & LUTRAMs | Checksum: 15248d196

Time (s): cpu = 00:00:05 ; elapsed = 00:00:05 . Memory (MB): peak = 2176.676 ; gain = 0.000 ; free physical = 74 ; free virtual = 2372

Phase 3.3 Area Swap Optimization
Phase 3.3 Area Swap Optimization | Checksum: a8d8e981

Time (s): cpu = 00:00:05 ; elapsed = 00:00:05 . Memory (MB): peak = 2176.676 ; gain = 0.000 ; free physical = 74 ; free virtual = 2372

Phase 3.4 Pipeline Register Optimization
Phase 3.4 Pipeline Register Optimization | Checksum: 145d8ce04

Time (s): cpu = 00:00:05 ; elapsed = 00:00:05 . Memory (MB): peak = 2176.676 ; gain = 0.000 ; free physical = 74 ; free virtual = 2372

Phase 3.5 Small Shape Detail Placement
Phase 3.5 Small Shape Detail Placement | Checksum: 19175d01a

Time (s): cpu = 00:00:06 ; elapsed = 00:00:06 . Memory (MB): peak = 2176.676 ; gain = 0.000 ; free physical = 71 ; free virtual = 2370

Phase 3.6 Re-assign LUT pins
Phase 3.6 Re-assign LUT pins | Checksum: 1189b0837

Time (s): cpu = 00:00:06 ; elapsed = 00:00:06 . Memory (MB): peak = 2176.676 ; gain = 0.000 ; free physical = 71 ; free virtual = 2370

Phase 3.7 Pipeline Register Optimization
Phase 3.7 Pipeline Register Optimization | Checksum: 18abfcc7a

Time (s): cpu = 00:00:06 ; elapsed = 00:00:06 . Memory (MB): peak = 2176.676 ; gain = 0.000 ; free physical = 71 ; free virtual = 2370
Phase 3 Detail Placement | Checksum: 18abfcc7a

Time (s): cpu = 00:00:06 ; elapsed = 00:00:06 . Memory (MB): peak = 2176.676 ; gain = 0.000 ; free physical = 71 ; free virtual = 2370

Phase 4 Post Placement Optimization and Clean-Up

Phase 4.1 Post Commit Optimization
INFO: [Timing 38-35] Done setting XDC timing constraints.

Phase 4.1.1 Post Placement Optimization
Post Placement Optimization Initialization | Checksum: 1b80dfa21

Phase 4.1.1.1 BUFG Insertion
INFO: [Place 46-46] BUFG insertion identified 0 candidate nets, 0 success, 0 bufg driver replicated, 0 skipped for placement/routing, 0 skipped for timing, 0 skipped for netlist change reason
Phase 4.1.1.1 BUFG Insertion | Checksum: 1b80dfa21

Time (s): cpu = 00:00:07 ; elapsed = 00:00:07 . Memory (MB): peak = 2178.297 ; gain = 1.621 ; free physical = 71 ; free virtual = 2370
INFO: [Place 30-746] Post Placement Timing Summary WNS=4.048. For the most accurate timing information please run report_timing.
Phase 4.1.1 Post Placement Optimization | Checksum: 1645e9d1f

Time (s): cpu = 00:00:07 ; elapsed = 00:00:07 . Memory (MB): peak = 2178.297 ; gain = 1.621 ; free physical = 71 ; free virtual = 2370
Phase 4.1 Post Commit Optimization | Checksum: 1645e9d1f

Time (s): cpu = 00:00:07 ; elapsed = 00:00:07 . Memory (MB): peak = 2178.297 ; gain = 1.621 ; free physical = 71 ; free virtual = 2370

Phase 4.2 Post Placement Cleanup
Phase 4.2 Post Placement Cleanup | Checksum: 1645e9d1f

Time (s): cpu = 00:00:07 ; elapsed = 00:00:07 . Memory (MB): peak = 2178.297 ; gain = 1.621 ; free physical = 71 ; free virtual = 2370

Phase 4.3 Placer Reporting
Phase 4.3 Placer Reporting | Checksum: 1645e9d1f

Time (s): cpu = 00:00:07 ; elapsed = 00:00:07 . Memory (MB): peak = 2178.297 ; gain = 1.621 ; free physical = 71 ; free virtual = 2370

Phase 4.4 Final Placement Cleanup
Netlist sorting complete. Time (s): cpu = 00:00:00 ; elapsed = 00:00:00 . Memory (MB): peak = 2178.297 ; gain = 0.000 ; free physical = 71 ; free virtual = 2370
Phase 4.4 Final Placement Cleanup | Checksum: 1a9307f06

Time (s): cpu = 00:00:07 ; elapsed = 00:00:07 . Memory (MB): peak = 2178.297 ; gain = 1.621 ; free physical = 71 ; free virtual = 2370
Phase 4 Post Placement Optimization and Clean-Up | Checksum: 1a9307f06

Time (s): cpu = 00:00:07 ; elapsed = 00:00:07 . Memory (MB): peak = 2178.297 ; gain = 1.621 ; free physical = 71 ; free virtual = 2370
Ending Placer Task | Checksum: 10fd772be

Time (s): cpu = 00:00:07 ; elapsed = 00:00:07 . Memory (MB): peak = 2178.297 ; gain = 1.621 ; free physical = 73 ; free virtual = 2372
INFO: [Common 17-83] Releasing license: Implementation
61 Infos, 101 Warnings, 0 Critical Warnings and 0 Errors encountered.
place_design completed successfully
place_design: Time (s): cpu = 00:00:10 ; elapsed = 00:00:08 . Memory (MB): peak = 2178.297 ; gain = 1.621 ; free physical = 73 ; free virtual = 2372
Netlist sorting complete. Time (s): cpu = 00:00:00 ; elapsed = 00:00:00 . Memory (MB): peak = 2178.297 ; gain = 0.000 ; free physical = 73 ; free virtual = 2372
INFO: [Timing 38-480] Writing timing data to binary archive.
Writing placer database...
Netlist sorting complete. Time (s): cpu = 00:00:00 ; elapsed = 00:00:00 . Memory (MB): peak = 2182.484 ; gain = 0.000 ; free physical = 68 ; free virtual = 2371
Writing XDEF routing.
Writing XDEF routing logical nets.
Writing XDEF routing special nets.
Write XDEF Complete: Time (s): cpu = 00:00:00.65 ; elapsed = 00:00:00.38 . Memory (MB): peak = 2184.445 ; gain = 6.148 ; free physical = 73 ; free virtual = 2371
INFO: [Common 17-1381] The checkpoint '/home/CanvasServer/Implementation/_local/Zynq_7010/Zynq_PL/Canvas.runs/impl_1/design_1_wrapper_placed.dcp' has been generated.
INFO: [runtcl-4] Executing : report_io -file design_1_wrapper_io_placed.rpt
report_io: Time (s): cpu = 00:00:00.13 ; elapsed = 00:00:00.19 . Memory (MB): peak = 2186.445 ; gain = 2.000 ; free physical = 75 ; free virtual = 2361
INFO: [runtcl-4] Executing : report_utilization -file design_1_wrapper_utilization_placed.rpt -pb design_1_wrapper_utilization_placed.pb
INFO: [runtcl-4] Executing : report_control_sets -verbose -file design_1_wrapper_control_sets_placed.rpt
report_control_sets: Time (s): cpu = 00:00:00.05 ; elapsed = 00:00:00.10 . Memory (MB): peak = 2186.445 ; gain = 0.000 ; free physical = 83 ; free virtual = 2369
Command: route_design
Attempting to get a license for feature 'Implementation' and/or device 'xc7z010'
INFO: [Common 17-349] Got license for feature 'Implementation' and/or device 'xc7z010'
Running DRC as a precondition to command route_design
INFO: [DRC 23-27] Running DRC with 2 threads
WARNING: [Designutils 20-3303] unexpected site type 'IOPAD' in HDPYFinalizeIO
WARNING: [Designutils 20-3303] unexpected site type 'IOPAD' in HDPYFinalizeIO
WARNING: [Designutils 20-3303] unexpected site type 'IOPAD' in HDPYFinalizeIO
WARNING: [Designutils 20-3303] unexpected site type 'IOPAD' in HDPYFinalizeIO
WARNING: [Designutils 20-3303] unexpected site type 'IOPAD' in HDPYFinalizeIO
WARNING: [Designutils 20-3303] unexpected site type 'IOPAD' in HDPYFinalizeIO
WARNING: [Designutils 20-3303] unexpected site type 'IOPAD' in HDPYFinalizeIO
WARNING: [Designutils 20-3303] unexpected site type 'IOPAD' in HDPYFinalizeIO
WARNING: [Designutils 20-3303] unexpected site type 'IOPAD' in HDPYFinalizeIO
WARNING: [Designutils 20-3303] unexpected site type 'IOPAD' in HDPYFinalizeIO
WARNING: [Designutils 20-3303] unexpected site type 'IOPAD' in HDPYFinalizeIO
WARNING: [Designutils 20-3303] unexpected site type 'IOPAD' in HDPYFinalizeIO
WARNING: [Designutils 20-3303] unexpected site type 'IOPAD' in HDPYFinalizeIO
WARNING: [Designutils 20-3303] unexpected site type 'IOPAD' in HDPYFinalizeIO
WARNING: [Designutils 20-3303] unexpected site type 'IOPAD' in HDPYFinalizeIO
WARNING: [Designutils 20-3303] unexpected site type 'IOPAD' in HDPYFinalizeIO
WARNING: [Designutils 20-3303] unexpected site type 'IOPAD' in HDPYFinalizeIO
WARNING: [Designutils 20-3303] unexpected site type 'IOPAD' in HDPYFinalizeIO
WARNING: [Designutils 20-3303] unexpected site type 'IOPAD' in HDPYFinalizeIO
WARNING: [Designutils 20-3303] unexpected site type 'IOPAD' in HDPYFinalizeIO
WARNING: [Designutils 20-3303] unexpected site type 'IOPAD' in HDPYFinalizeIO
WARNING: [Designutils 20-3303] unexpected site type 'IOPAD' in HDPYFinalizeIO
WARNING: [Designutils 20-3303] unexpected site type 'IOPAD' in HDPYFinalizeIO
WARNING: [Designutils 20-3303] unexpected site type 'IOPAD' in HDPYFinalizeIO
WARNING: [Designutils 20-3303] unexpected site type 'IOPAD' in HDPYFinalizeIO
WARNING: [Designutils 20-3303] unexpected site type 'IOPAD' in HDPYFinalizeIO
WARNING: [Designutils 20-3303] unexpected site type 'IOPAD' in HDPYFinalizeIO
WARNING: [Designutils 20-3303] unexpected site type 'IOPAD' in HDPYFinalizeIO
WARNING: [Designutils 20-3303] unexpected site type 'IOPAD' in HDPYFinalizeIO
WARNING: [Designutils 20-3303] unexpected site type 'IOPAD' in HDPYFinalizeIO
WARNING: [Designutils 20-3303] unexpected site type 'IOPAD' in HDPYFinalizeIO
WARNING: [Designutils 20-3303] unexpected site type 'IOPAD' in HDPYFinalizeIO
WARNING: [Designutils 20-3303] unexpected site type 'IOPAD' in HDPYFinalizeIO
WARNING: [Designutils 20-3303] unexpected site type 'IOPAD' in HDPYFinalizeIO
WARNING: [Designutils 20-3303] unexpected site type 'IOPAD' in HDPYFinalizeIO
WARNING: [Designutils 20-3303] unexpected site type 'IOPAD' in HDPYFinalizeIO
WARNING: [Designutils 20-3303] unexpected site type 'IOPAD' in HDPYFinalizeIO
WARNING: [Designutils 20-3303] unexpected site type 'IOPAD' in HDPYFinalizeIO
WARNING: [Designutils 20-3303] unexpected site type 'IOPAD' in HDPYFinalizeIO
WARNING: [Designutils 20-3303] unexpected site type 'IOPAD' in HDPYFinalizeIO
WARNING: [Designutils 20-3303] unexpected site type 'IOPAD' in HDPYFinalizeIO
WARNING: [Designutils 20-3303] unexpected site type 'IOPAD' in HDPYFinalizeIO
WARNING: [Designutils 20-3303] unexpected site type 'IOPAD' in HDPYFinalizeIO
WARNING: [Designutils 20-3303] unexpected site type 'IOPAD' in HDPYFinalizeIO
WARNING: [Designutils 20-3303] unexpected site type 'IOPAD' in HDPYFinalizeIO
WARNING: [Designutils 20-3303] unexpected site type 'IOPAD' in HDPYFinalizeIO
WARNING: [Designutils 20-3303] unexpected site type 'IOPAD' in HDPYFinalizeIO
WARNING: [Designutils 20-3303] unexpected site type 'IOPAD' in HDPYFinalizeIO
WARNING: [Designutils 20-3303] unexpected site type 'IOPAD' in HDPYFinalizeIO
WARNING: [Designutils 20-3303] unexpected site type 'IOPAD' in HDPYFinalizeIO
WARNING: [Designutils 20-3303] unexpected site type 'IOPAD' in HDPYFinalizeIO
WARNING: [Designutils 20-3303] unexpected site type 'IOPAD' in HDPYFinalizeIO
WARNING: [Designutils 20-3303] unexpected site type 'IOPAD' in HDPYFinalizeIO
WARNING: [Designutils 20-3303] unexpected site type 'IOPAD' in HDPYFinalizeIO
WARNING: [Designutils 20-3303] unexpected site type 'IOPAD' in HDPYFinalizeIO
WARNING: [Designutils 20-3303] unexpected site type 'IOPAD' in HDPYFinalizeIO
WARNING: [Designutils 20-3303] unexpected site type 'IOPAD' in HDPYFinalizeIO
WARNING: [Designutils 20-3303] unexpected site type 'IOPAD' in HDPYFinalizeIO
WARNING: [Designutils 20-3303] unexpected site type 'IOPAD' in HDPYFinalizeIO
WARNING: [Designutils 20-3303] unexpected site type 'IOPAD' in HDPYFinalizeIO
WARNING: [Designutils 20-3303] unexpected site type 'IOPAD' in HDPYFinalizeIO
WARNING: [Designutils 20-3303] unexpected site type 'IOPAD' in HDPYFinalizeIO
WARNING: [Designutils 20-3303] unexpected site type 'IOPAD' in HDPYFinalizeIO
WARNING: [Designutils 20-3303] unexpected site type 'IOPAD' in HDPYFinalizeIO
WARNING: [Designutils 20-3303] unexpected site type 'IOPAD' in HDPYFinalizeIO
WARNING: [Designutils 20-3303] unexpected site type 'IOPAD' in HDPYFinalizeIO
WARNING: [Designutils 20-3303] unexpected site type 'IOPAD' in HDPYFinalizeIO
WARNING: [Designutils 20-3303] unexpected site type 'IOPAD' in HDPYFinalizeIO
WARNING: [Designutils 20-3303] unexpected site type 'IOPAD' in HDPYFinalizeIO
WARNING: [Designutils 20-3303] unexpected site type 'IOPAD' in HDPYFinalizeIO
WARNING: [Designutils 20-3303] unexpected site type 'IOPAD' in HDPYFinalizeIO
WARNING: [Designutils 20-3303] unexpected site type 'IOPAD' in HDPYFinalizeIO
WARNING: [Designutils 20-3303] unexpected site type 'IOPAD' in HDPYFinalizeIO
WARNING: [Designutils 20-3303] unexpected site type 'IOPAD' in HDPYFinalizeIO
WARNING: [Designutils 20-3303] unexpected site type 'IOPAD' in HDPYFinalizeIO
WARNING: [Designutils 20-3303] unexpected site type 'IOPAD' in HDPYFinalizeIO
WARNING: [Designutils 20-3303] unexpected site type 'IOPAD' in HDPYFinalizeIO
WARNING: [Designutils 20-3303] unexpected site type 'IOPAD' in HDPYFinalizeIO
WARNING: [Designutils 20-3303] unexpected site type 'IOPAD' in HDPYFinalizeIO
WARNING: [Designutils 20-3303] unexpected site type 'IOPAD' in HDPYFinalizeIO
WARNING: [Designutils 20-3303] unexpected site type 'IOPAD' in HDPYFinalizeIO
WARNING: [Designutils 20-3303] unexpected site type 'IOPAD' in HDPYFinalizeIO
WARNING: [Designutils 20-3303] unexpected site type 'IOPAD' in HDPYFinalizeIO
WARNING: [Designutils 20-3303] unexpected site type 'IOPAD' in HDPYFinalizeIO
WARNING: [Designutils 20-3303] unexpected site type 'IOPAD' in HDPYFinalizeIO
WARNING: [Designutils 20-3303] unexpected site type 'IOPAD' in HDPYFinalizeIO
WARNING: [Designutils 20-3303] unexpected site type 'IOPAD' in HDPYFinalizeIO
WARNING: [Designutils 20-3303] unexpected site type 'IOPAD' in HDPYFinalizeIO
WARNING: [Designutils 20-3303] unexpected site type 'IOPAD' in HDPYFinalizeIO
WARNING: [Designutils 20-3303] unexpected site type 'IOPAD' in HDPYFinalizeIO
WARNING: [Designutils 20-3303] unexpected site type 'IOPAD' in HDPYFinalizeIO
WARNING: [Designutils 20-3303] unexpected site type 'IOPAD' in HDPYFinalizeIO
WARNING: [Designutils 20-3303] unexpected site type 'IOPAD' in HDPYFinalizeIO
WARNING: [Designutils 20-3303] unexpected site type 'IOPAD' in HDPYFinalizeIO
WARNING: [Designutils 20-3303] unexpected site type 'IOPAD' in HDPYFinalizeIO
WARNING: [Designutils 20-3303] unexpected site type 'IOPAD' in HDPYFinalizeIO
WARNING: [Designutils 20-3303] unexpected site type 'IOPAD' in HDPYFinalizeIO
WARNING: [Designutils 20-3303] unexpected site type 'IOPAD' in HDPYFinalizeIO
WARNING: [Designutils 20-3303] unexpected site type 'IOPAD' in HDPYFinalizeIO
WARNING: [Designutils 20-3303] unexpected site type 'IOPAD' in HDPYFinalizeIO
INFO: [Common 17-14] Message 'Designutils 20-3303' appears 100 times and further instances of the messages will be disabled. Use the Tcl command set_msg_config to change the current settings.
INFO: [Vivado_Tcl 4-198] DRC finished with 0 Errors
INFO: [Vivado_Tcl 4-199] Please refer to the DRC report (report_drc) for more information.


Starting Routing Task
INFO: [Route 35-254] Multithreading enabled for route_design using a maximum of 2 CPUs
Checksum: PlaceDB: 622c9174 ConstDB: 0 ShapeSum: adaae14a RouteDB: 0

Phase 1 Build RT Design
Phase 1 Build RT Design | Checksum: ac768b30

Time (s): cpu = 00:00:11 ; elapsed = 00:00:10 . Memory (MB): peak = 2258.449 ; gain = 69.004 ; free physical = 78 ; free virtual = 2299
Post Restoration Checksum: NetGraph: 8423320c NumContArr: 28535924 Constraints: 0 Timing: 0

Phase 2 Router Initialization

Phase 2.1 Create Timer
Phase 2.1 Create Timer | Checksum: ac768b30

Time (s): cpu = 00:00:11 ; elapsed = 00:00:10 . Memory (MB): peak = 2282.445 ; gain = 93.000 ; free physical = 89 ; free virtual = 2266

Phase 2.2 Fix Topology Constraints
Phase 2.2 Fix Topology Constraints | Checksum: ac768b30

Time (s): cpu = 00:00:11 ; elapsed = 00:00:10 . Memory (MB): peak = 2288.445 ; gain = 99.000 ; free physical = 81 ; free virtual = 2259

Phase 2.3 Pre Route Cleanup
Phase 2.3 Pre Route Cleanup | Checksum: ac768b30

Time (s): cpu = 00:00:11 ; elapsed = 00:00:10 . Memory (MB): peak = 2288.445 ; gain = 99.000 ; free physical = 81 ; free virtual = 2259
 Number of Nodes with overlaps = 0

Phase 2.4 Update Timing
Phase 2.4 Update Timing | Checksum: 1d62a1206

Time (s): cpu = 00:00:12 ; elapsed = 00:00:11 . Memory (MB): peak = 2298.445 ; gain = 109.000 ; free physical = 71 ; free virtual = 2249
INFO: [Route 35-416] Intermediate Timing Summary | WNS=4.019  | TNS=0.000  | WHS=-0.240 | THS=-66.057|


Phase 2.5 Update Timing for Bus Skew

Phase 2.5.1 Update Timing
Phase 2.5.1 Update Timing | Checksum: 2845ba21a

Time (s): cpu = 00:00:13 ; elapsed = 00:00:11 . Memory (MB): peak = 2298.445 ; gain = 109.000 ; free physical = 71 ; free virtual = 2250
INFO: [Route 35-416] Intermediate Timing Summary | WNS=4.019  | TNS=0.000  | WHS=N/A    | THS=N/A    |

Phase 2.5 Update Timing for Bus Skew | Checksum: 21aaab81a

Time (s): cpu = 00:00:13 ; elapsed = 00:00:11 . Memory (MB): peak = 2314.445 ; gain = 125.000 ; free physical = 66 ; free virtual = 2246
Phase 2 Router Initialization | Checksum: 235edc858

Time (s): cpu = 00:00:13 ; elapsed = 00:00:11 . Memory (MB): peak = 2314.445 ; gain = 125.000 ; free physical = 66 ; free virtual = 2246

Phase 3 Initial Routing
Phase 3 Initial Routing | Checksum: 12049563c

Time (s): cpu = 00:00:14 ; elapsed = 00:00:12 . Memory (MB): peak = 2314.445 ; gain = 125.000 ; free physical = 66 ; free virtual = 2246

Phase 4 Rip-up And Reroute

Phase 4.1 Global Iteration 0
 Number of Nodes with overlaps = 148
 Number of Nodes with overlaps = 0
INFO: [Route 35-416] Intermediate Timing Summary | WNS=3.341  | TNS=0.000  | WHS=N/A    | THS=N/A    |

Phase 4.1 Global Iteration 0 | Checksum: 21a935ab4

Time (s): cpu = 00:00:15 ; elapsed = 00:00:12 . Memory (MB): peak = 2314.445 ; gain = 125.000 ; free physical = 66 ; free virtual = 2246

Phase 4.2 Global Iteration 1
 Number of Nodes with overlaps = 4
 Number of Nodes with overlaps = 0
INFO: [Route 35-416] Intermediate Timing Summary | WNS=3.341  | TNS=0.000  | WHS=N/A    | THS=N/A    |

Phase 4.2 Global Iteration 1 | Checksum: 17ec51e20

Time (s): cpu = 00:00:15 ; elapsed = 00:00:13 . Memory (MB): peak = 2314.445 ; gain = 125.000 ; free physical = 66 ; free virtual = 2246
Phase 4 Rip-up And Reroute | Checksum: 17ec51e20

Time (s): cpu = 00:00:15 ; elapsed = 00:00:13 . Memory (MB): peak = 2314.445 ; gain = 125.000 ; free physical = 66 ; free virtual = 2246

Phase 5 Delay and Skew Optimization

Phase 5.1 Delay CleanUp

Phase 5.1.1 Update Timing
Phase 5.1.1 Update Timing | Checksum: 107bf323d

Time (s): cpu = 00:00:15 ; elapsed = 00:00:13 . Memory (MB): peak = 2314.445 ; gain = 125.000 ; free physical = 66 ; free virtual = 2246
INFO: [Route 35-416] Intermediate Timing Summary | WNS=3.341  | TNS=0.000  | WHS=N/A    | THS=N/A    |

Phase 5.1 Delay CleanUp | Checksum: 19edc93b2

Time (s): cpu = 00:00:15 ; elapsed = 00:00:13 . Memory (MB): peak = 2314.445 ; gain = 125.000 ; free physical = 66 ; free virtual = 2246

Phase 5.2 Clock Skew Optimization
Phase 5.2 Clock Skew Optimization | Checksum: 19edc93b2

Time (s): cpu = 00:00:15 ; elapsed = 00:00:13 . Memory (MB): peak = 2314.445 ; gain = 125.000 ; free physical = 66 ; free virtual = 2246
Phase 5 Delay and Skew Optimization | Checksum: 19edc93b2

Time (s): cpu = 00:00:15 ; elapsed = 00:00:13 . Memory (MB): peak = 2314.445 ; gain = 125.000 ; free physical = 66 ; free virtual = 2246

Phase 6 Post Hold Fix

Phase 6.1 Hold Fix Iter

Phase 6.1.1 Update Timing
Phase 6.1.1 Update Timing | Checksum: 189559c5c

Time (s): cpu = 00:00:15 ; elapsed = 00:00:13 . Memory (MB): peak = 2314.445 ; gain = 125.000 ; free physical = 66 ; free virtual = 2246
INFO: [Route 35-416] Intermediate Timing Summary | WNS=3.341  | TNS=0.000  | WHS=0.007  | THS=0.000  |

Phase 6.1 Hold Fix Iter | Checksum: fd4f90da

Time (s): cpu = 00:00:15 ; elapsed = 00:00:13 . Memory (MB): peak = 2314.445 ; gain = 125.000 ; free physical = 66 ; free virtual = 2246
Phase 6 Post Hold Fix | Checksum: fd4f90da

Time (s): cpu = 00:00:15 ; elapsed = 00:00:13 . Memory (MB): peak = 2314.445 ; gain = 125.000 ; free physical = 66 ; free virtual = 2246

Phase 7 Route finalize

Router Utilization Summary
  Global Vertical Routing Utilization    = 1.03308 %
  Global Horizontal Routing Utilization  = 1.446 %
  Routable Net Status*
  *Does not include unroutable nets such as driverless and loadless.
  Run report_route_status for detailed report.
  Number of Failed Nets               = 0
  Number of Unrouted Nets             = 0
  Number of Partially Routed Nets     = 0
  Number of Node Overlaps             = 0

Phase 7 Route finalize | Checksum: f894e10f

Time (s): cpu = 00:00:15 ; elapsed = 00:00:13 . Memory (MB): peak = 2314.445 ; gain = 125.000 ; free physical = 66 ; free virtual = 2246

Phase 8 Verifying routed nets

 Verification completed successfully
Phase 8 Verifying routed nets | Checksum: f894e10f

Time (s): cpu = 00:00:15 ; elapsed = 00:00:13 . Memory (MB): peak = 2314.445 ; gain = 125.000 ; free physical = 66 ; free virtual = 2246

Phase 9 Depositing Routes
Phase 9 Depositing Routes | Checksum: 921665e7

Time (s): cpu = 00:00:15 ; elapsed = 00:00:13 . Memory (MB): peak = 2314.445 ; gain = 125.000 ; free physical = 66 ; free virtual = 2246

Phase 10 Post Router Timing
INFO: [Route 35-57] Estimated Timing Summary | WNS=3.341  | TNS=0.000  | WHS=0.007  | THS=0.000  |

INFO: [Route 35-327] The final timing numbers are based on the router estimated timing analysis. For a complete and accurate timing signoff, please run report_timing_summary.
Phase 10 Post Router Timing | Checksum: 921665e7

Time (s): cpu = 00:00:15 ; elapsed = 00:00:13 . Memory (MB): peak = 2314.445 ; gain = 125.000 ; free physical = 66 ; free virtual = 2246
INFO: [Route 35-16] Router Completed Successfully

Time (s): cpu = 00:00:15 ; elapsed = 00:00:13 . Memory (MB): peak = 2314.445 ; gain = 125.000 ; free physical = 76 ; free virtual = 2256

Routing Is Done.
INFO: [Common 17-83] Releasing license: Implementation
82 Infos, 201 Warnings, 0 Critical Warnings and 0 Errors encountered.
route_design completed successfully
route_design: Time (s): cpu = 00:00:18 ; elapsed = 00:00:15 . Memory (MB): peak = 2314.445 ; gain = 128.000 ; free physical = 73 ; free virtual = 2255
Netlist sorting complete. Time (s): cpu = 00:00:00 ; elapsed = 00:00:00 . Memory (MB): peak = 2314.445 ; gain = 0.000 ; free physical = 74 ; free virtual = 2255
INFO: [Timing 38-480] Writing timing data to binary archive.
Writing placer database...
Netlist sorting complete. Time (s): cpu = 00:00:00 ; elapsed = 00:00:00 . Memory (MB): peak = 2314.445 ; gain = 0.000 ; free physical = 67 ; free virtual = 2252
Writing XDEF routing.
Writing XDEF routing logical nets.
Writing XDEF routing special nets.
Write XDEF Complete: Time (s): cpu = 00:00:00.71 ; elapsed = 00:00:00.43 . Memory (MB): peak = 2314.445 ; gain = 0.000 ; free physical = 75 ; free virtual = 2251
INFO: [Common 17-1381] The checkpoint '/home/CanvasServer/Implementation/_local/Zynq_7010/Zynq_PL/Canvas.runs/impl_1/design_1_wrapper_routed.dcp' has been generated.
INFO: [runtcl-4] Executing : report_drc -file design_1_wrapper_drc_routed.rpt -pb design_1_wrapper_drc_routed.pb -rpx design_1_wrapper_drc_routed.rpx
Command: report_drc -file design_1_wrapper_drc_routed.rpt -pb design_1_wrapper_drc_routed.pb -rpx design_1_wrapper_drc_routed.rpx
INFO: [IP_Flow 19-1839] IP Catalog is up to date.
INFO: [DRC 23-27] Running DRC with 2 threads
INFO: [Coretcl 2-168] The results of DRC are in file /home/CanvasServer/Implementation/_local/Zynq_7010/Zynq_PL/Canvas.runs/impl_1/design_1_wrapper_drc_routed.rpt.
report_drc completed successfully
INFO: [runtcl-4] Executing : report_methodology -file design_1_wrapper_methodology_drc_routed.rpt -pb design_1_wrapper_methodology_drc_routed.pb -rpx design_1_wrapper_methodology_drc_routed.rpx
Command: report_methodology -file design_1_wrapper_methodology_drc_routed.rpt -pb design_1_wrapper_methodology_drc_routed.pb -rpx design_1_wrapper_methodology_drc_routed.rpx
INFO: [Timing 38-35] Done setting XDC timing constraints.
INFO: [DRC 23-133] Running Methodology with 2 threads
INFO: [Coretcl 2-1520] The results of Report Methodology are in file /home/CanvasServer/Implementation/_local/Zynq_7010/Zynq_PL/Canvas.runs/impl_1/design_1_wrapper_methodology_drc_routed.rpt.
report_methodology completed successfully
INFO: [runtcl-4] Executing : report_power -file design_1_wrapper_power_routed.rpt -pb design_1_wrapper_power_summary_routed.pb -rpx design_1_wrapper_power_routed.rpx
Command: report_power -file design_1_wrapper_power_routed.rpt -pb design_1_wrapper_power_summary_routed.pb -rpx design_1_wrapper_power_routed.rpx
INFO: [Timing 38-35] Done setting XDC timing constraints.
Running Vector-less Activity Propagation...

Finished Running Vector-less Activity Propagation
94 Infos, 201 Warnings, 0 Critical Warnings and 0 Errors encountered.
report_power completed successfully
INFO: [runtcl-4] Executing : report_route_status -file design_1_wrapper_route_status.rpt -pb design_1_wrapper_route_status.pb
INFO: [runtcl-4] Executing : report_timing_summary -max_paths 10 -file design_1_wrapper_timing_summary_routed.rpt -pb design_1_wrapper_timing_summary_routed.pb -rpx design_1_wrapper_timing_summary_routed.rpx -warn_on_violation 
INFO: [Timing 38-91] UpdateTimingParams: Speed grade: -1, Delay Type: min_max.
INFO: [Timing 38-191] Multithreading enabled for timing update using a maximum of 2 CPUs
WARNING: [Timing 38-436] There are set_bus_skew constraint(s) in this design. Please run report_bus_skew to ensure that bus skew requirements are met.
INFO: [runtcl-4] Executing : report_incremental_reuse -file design_1_wrapper_incremental_reuse_routed.rpt
INFO: [Vivado_Tcl 4-1062] Incremental flow is disabled. No incremental reuse Info to report.
INFO: [runtcl-4] Executing : report_clock_utilization -file design_1_wrapper_clock_utilization_routed.rpt
INFO: [runtcl-4] Executing : report_bus_skew -warn_on_violation -file design_1_wrapper_bus_skew_routed.rpt -pb design_1_wrapper_bus_skew_routed.pb -rpx design_1_wrapper_bus_skew_routed.rpx
INFO: [Timing 38-91] UpdateTimingParams: Speed grade: -1, Delay Type: min_max.
INFO: [Timing 38-191] Multithreading enabled for timing update using a maximum of 2 CPUs
Command: write_bitstream -force design_1_wrapper.bit
Attempting to get a license for feature 'Implementation' and/or device 'xc7z010'
INFO: [Common 17-349] Got license for feature 'Implementation' and/or device 'xc7z010'
Running DRC as a precondition to command write_bitstream
INFO: [IP_Flow 19-1839] IP Catalog is up to date.
INFO: [DRC 23-27] Running DRC with 2 threads
WARNING: [Designutils 20-3303] unexpected site type 'IOPAD' in HDPYFinalizeIO
WARNING: [Designutils 20-3303] unexpected site type 'IOPAD' in HDPYFinalizeIO
WARNING: [Designutils 20-3303] unexpected site type 'IOPAD' in HDPYFinalizeIO
WARNING: [Designutils 20-3303] unexpected site type 'IOPAD' in HDPYFinalizeIO
WARNING: [Designutils 20-3303] unexpected site type 'IOPAD' in HDPYFinalizeIO
WARNING: [Designutils 20-3303] unexpected site type 'IOPAD' in HDPYFinalizeIO
WARNING: [Designutils 20-3303] unexpected site type 'IOPAD' in HDPYFinalizeIO
WARNING: [Designutils 20-3303] unexpected site type 'IOPAD' in HDPYFinalizeIO
WARNING: [Designutils 20-3303] unexpected site type 'IOPAD' in HDPYFinalizeIO
WARNING: [Designutils 20-3303] unexpected site type 'IOPAD' in HDPYFinalizeIO
WARNING: [Designutils 20-3303] unexpected site type 'IOPAD' in HDPYFinalizeIO
WARNING: [Designutils 20-3303] unexpected site type 'IOPAD' in HDPYFinalizeIO
WARNING: [Designutils 20-3303] unexpected site type 'IOPAD' in HDPYFinalizeIO
WARNING: [Designutils 20-3303] unexpected site type 'IOPAD' in HDPYFinalizeIO
WARNING: [Designutils 20-3303] unexpected site type 'IOPAD' in HDPYFinalizeIO
WARNING: [Designutils 20-3303] unexpected site type 'IOPAD' in HDPYFinalizeIO
WARNING: [Designutils 20-3303] unexpected site type 'IOPAD' in HDPYFinalizeIO
WARNING: [Designutils 20-3303] unexpected site type 'IOPAD' in HDPYFinalizeIO
WARNING: [Designutils 20-3303] unexpected site type 'IOPAD' in HDPYFinalizeIO
WARNING: [Designutils 20-3303] unexpected site type 'IOPAD' in HDPYFinalizeIO
WARNING: [Designutils 20-3303] unexpected site type 'IOPAD' in HDPYFinalizeIO
WARNING: [Designutils 20-3303] unexpected site type 'IOPAD' in HDPYFinalizeIO
WARNING: [Designutils 20-3303] unexpected site type 'IOPAD' in HDPYFinalizeIO
WARNING: [Designutils 20-3303] unexpected site type 'IOPAD' in HDPYFinalizeIO
WARNING: [Designutils 20-3303] unexpected site type 'IOPAD' in HDPYFinalizeIO
WARNING: [Designutils 20-3303] unexpected site type 'IOPAD' in HDPYFinalizeIO
WARNING: [Designutils 20-3303] unexpected site type 'IOPAD' in HDPYFinalizeIO
WARNING: [Designutils 20-3303] unexpected site type 'IOPAD' in HDPYFinalizeIO
WARNING: [Designutils 20-3303] unexpected site type 'IOPAD' in HDPYFinalizeIO
WARNING: [Designutils 20-3303] unexpected site type 'IOPAD' in HDPYFinalizeIO
WARNING: [Designutils 20-3303] unexpected site type 'IOPAD' in HDPYFinalizeIO
WARNING: [Designutils 20-3303] unexpected site type 'IOPAD' in HDPYFinalizeIO
WARNING: [Designutils 20-3303] unexpected site type 'IOPAD' in HDPYFinalizeIO
WARNING: [Designutils 20-3303] unexpected site type 'IOPAD' in HDPYFinalizeIO
WARNING: [Designutils 20-3303] unexpected site type 'IOPAD' in HDPYFinalizeIO
WARNING: [Designutils 20-3303] unexpected site type 'IOPAD' in HDPYFinalizeIO
WARNING: [Designutils 20-3303] unexpected site type 'IOPAD' in HDPYFinalizeIO
WARNING: [Designutils 20-3303] unexpected site type 'IOPAD' in HDPYFinalizeIO
WARNING: [Designutils 20-3303] unexpected site type 'IOPAD' in HDPYFinalizeIO
WARNING: [Designutils 20-3303] unexpected site type 'IOPAD' in HDPYFinalizeIO
WARNING: [Designutils 20-3303] unexpected site type 'IOPAD' in HDPYFinalizeIO
WARNING: [Designutils 20-3303] unexpected site type 'IOPAD' in HDPYFinalizeIO
WARNING: [Designutils 20-3303] unexpected site type 'IOPAD' in HDPYFinalizeIO
WARNING: [Designutils 20-3303] unexpected site type 'IOPAD' in HDPYFinalizeIO
WARNING: [Designutils 20-3303] unexpected site type 'IOPAD' in HDPYFinalizeIO
WARNING: [Designutils 20-3303] unexpected site type 'IOPAD' in HDPYFinalizeIO
WARNING: [Designutils 20-3303] unexpected site type 'IOPAD' in HDPYFinalizeIO
WARNING: [Designutils 20-3303] unexpected site type 'IOPAD' in HDPYFinalizeIO
WARNING: [Designutils 20-3303] unexpected site type 'IOPAD' in HDPYFinalizeIO
WARNING: [Designutils 20-3303] unexpected site type 'IOPAD' in HDPYFinalizeIO
WARNING: [Designutils 20-3303] unexpected site type 'IOPAD' in HDPYFinalizeIO
WARNING: [Designutils 20-3303] unexpected site type 'IOPAD' in HDPYFinalizeIO
WARNING: [Designutils 20-3303] unexpected site type 'IOPAD' in HDPYFinalizeIO
WARNING: [Designutils 20-3303] unexpected site type 'IOPAD' in HDPYFinalizeIO
WARNING: [Designutils 20-3303] unexpected site type 'IOPAD' in HDPYFinalizeIO
WARNING: [Designutils 20-3303] unexpected site type 'IOPAD' in HDPYFinalizeIO
WARNING: [Designutils 20-3303] unexpected site type 'IOPAD' in HDPYFinalizeIO
WARNING: [Designutils 20-3303] unexpected site type 'IOPAD' in HDPYFinalizeIO
WARNING: [Designutils 20-3303] unexpected site type 'IOPAD' in HDPYFinalizeIO
WARNING: [Designutils 20-3303] unexpected site type 'IOPAD' in HDPYFinalizeIO
WARNING: [Designutils 20-3303] unexpected site type 'IOPAD' in HDPYFinalizeIO
WARNING: [Designutils 20-3303] unexpected site type 'IOPAD' in HDPYFinalizeIO
WARNING: [Designutils 20-3303] unexpected site type 'IOPAD' in HDPYFinalizeIO
WARNING: [Designutils 20-3303] unexpected site type 'IOPAD' in HDPYFinalizeIO
WARNING: [Designutils 20-3303] unexpected site type 'IOPAD' in HDPYFinalizeIO
WARNING: [Designutils 20-3303] unexpected site type 'IOPAD' in HDPYFinalizeIO
WARNING: [Designutils 20-3303] unexpected site type 'IOPAD' in HDPYFinalizeIO
WARNING: [Designutils 20-3303] unexpected site type 'IOPAD' in HDPYFinalizeIO
WARNING: [Designutils 20-3303] unexpected site type 'IOPAD' in HDPYFinalizeIO
WARNING: [Designutils 20-3303] unexpected site type 'IOPAD' in HDPYFinalizeIO
WARNING: [Designutils 20-3303] unexpected site type 'IOPAD' in HDPYFinalizeIO
WARNING: [Designutils 20-3303] unexpected site type 'IOPAD' in HDPYFinalizeIO
WARNING: [Designutils 20-3303] unexpected site type 'IOPAD' in HDPYFinalizeIO
WARNING: [Designutils 20-3303] unexpected site type 'IOPAD' in HDPYFinalizeIO
WARNING: [Designutils 20-3303] unexpected site type 'IOPAD' in HDPYFinalizeIO
WARNING: [Designutils 20-3303] unexpected site type 'IOPAD' in HDPYFinalizeIO
WARNING: [Designutils 20-3303] unexpected site type 'IOPAD' in HDPYFinalizeIO
WARNING: [Designutils 20-3303] unexpected site type 'IOPAD' in HDPYFinalizeIO
WARNING: [Designutils 20-3303] unexpected site type 'IOPAD' in HDPYFinalizeIO
WARNING: [Designutils 20-3303] unexpected site type 'IOPAD' in HDPYFinalizeIO
WARNING: [Designutils 20-3303] unexpected site type 'IOPAD' in HDPYFinalizeIO
WARNING: [Designutils 20-3303] unexpected site type 'IOPAD' in HDPYFinalizeIO
WARNING: [Designutils 20-3303] unexpected site type 'IOPAD' in HDPYFinalizeIO
WARNING: [Designutils 20-3303] unexpected site type 'IOPAD' in HDPYFinalizeIO
WARNING: [Designutils 20-3303] unexpected site type 'IOPAD' in HDPYFinalizeIO
WARNING: [Designutils 20-3303] unexpected site type 'IOPAD' in HDPYFinalizeIO
WARNING: [Designutils 20-3303] unexpected site type 'IOPAD' in HDPYFinalizeIO
WARNING: [Designutils 20-3303] unexpected site type 'IOPAD' in HDPYFinalizeIO
WARNING: [Designutils 20-3303] unexpected site type 'IOPAD' in HDPYFinalizeIO
WARNING: [Designutils 20-3303] unexpected site type 'IOPAD' in HDPYFinalizeIO
WARNING: [Designutils 20-3303] unexpected site type 'IOPAD' in HDPYFinalizeIO
WARNING: [Designutils 20-3303] unexpected site type 'IOPAD' in HDPYFinalizeIO
WARNING: [Designutils 20-3303] unexpected site type 'IOPAD' in HDPYFinalizeIO
WARNING: [Designutils 20-3303] unexpected site type 'IOPAD' in HDPYFinalizeIO
WARNING: [Designutils 20-3303] unexpected site type 'IOPAD' in HDPYFinalizeIO
WARNING: [Designutils 20-3303] unexpected site type 'IOPAD' in HDPYFinalizeIO
WARNING: [Designutils 20-3303] unexpected site type 'IOPAD' in HDPYFinalizeIO
WARNING: [Designutils 20-3303] unexpected site type 'IOPAD' in HDPYFinalizeIO
WARNING: [Designutils 20-3303] unexpected site type 'IOPAD' in HDPYFinalizeIO
WARNING: [Designutils 20-3303] unexpected site type 'IOPAD' in HDPYFinalizeIO
INFO: [Common 17-14] Message 'Designutils 20-3303' appears 100 times and further instances of the messages will be disabled. Use the Tcl command set_msg_config to change the current settings.
INFO: [Vivado 12-3199] DRC finished with 0 Errors
INFO: [Vivado 12-3200] Please refer to the DRC report (report_drc) for more information.
INFO: [Designutils 20-2272] Running write_bitstream with 2 threads.
Loading data files...
Loading site data...
Loading route data...
Processing options...
Creating bitmap...
Creating bitstream...
Writing bitstream ./design_1_wrapper.bit...
INFO: [Vivado 12-1842] Bitgen Completed Successfully.
INFO: [Project 1-120] WebTalk data collection is mandatory when using a WebPACK part without a full Vivado license. To see the specific WebTalk data collected for your design, open the usage_statistics_webtalk.html or usage_statistics_webtalk.xml file in the implementation directory.
INFO: [Common 17-186] '/home/CanvasServer/Implementation/_local/Zynq_7010/Zynq_PL/Canvas.runs/impl_1/usage_statistics_webtalk.xml' has been successfully sent to Xilinx on Mon Sep 30 16:36:26 2019. For additional details about this file, please refer to the WebTalk help file at /tools/Xilinx/Vivado/2018.3/doc/webtalk_introduction.html.
INFO: [Common 17-83] Releasing license: Implementation
115 Infos, 302 Warnings, 0 Critical Warnings and 0 Errors encountered.
write_bitstream completed successfully
write_bitstream: Time (s): cpu = 00:00:14 ; elapsed = 00:00:17 . Memory (MB): peak = 2680.922 ; gain = 326.457 ; free physical = 320 ; free virtual = 2216
INFO: [Common 17-206] Exiting Vivado at Mon Sep 30 16:36:26 2019...
