2019-08-02T16:55:15.769256
CREATE WORKSPACE                                OK
--------------------------------------------------
2019-08-02T16:55:15.848429
SET NET INPUT                                   OK
--------------------------------------------------
2019-08-02T16:55:15.915201
RUN NET PARSER                                  OK
--------------------------------------------------
2019-08-02T16:55:15.992874
CHECK DATABASE                                  OK
--------------------------------------------------
2019-08-02T16:55:16.071997
RUN NET2VHDL                                    OK
--------------------------------------------------
2019-08-02T17:00:48.411923
SYNTHESIS                                       OK
--------------------------------------------------
2019-08-02T17:00:48.416533
IMPLEMENTATION                                  OK
