
*** Running vivado
    with args -log design_1_wrapper.vdi -applog -m64 -product Vivado -messageDb vivado.pb -mode batch -source design_1_wrapper.tcl -notrace


****** Vivado v2018.3 (64-bit)
  **** SW Build 2405991 on Thu Dec  6 23:38:27 MST 2018
  **** IP Build 2404404 on Fri Dec  7 01:43:56 MST 2018
    ** Copyright 1986-2018 Xilinx, Inc. All Rights Reserved.

source design_1_wrapper.tcl -notrace
INFO: [IP_Flow 19-234] Refreshing IP repositories
INFO: [IP_Flow 19-1700] Loaded user IP repository 'e:/Redpitaya/ip_repo/configIP_1.0'.
INFO: [IP_Flow 19-2313] Loaded Vivado IP repository 'E:/Vivado/2018.3/data/ip'.
WARNING: [IP_Flow 19-4995] The host OS only allows 260 characters in a normal path. The IP cache path is more than 80 characters. If you experience issues with IP caching, please consider changing the IP cache to a location with a shorter path. Alternately consider using the OS subst command to map part of the path to a drive letter. 
Current IP cache path is C:/Users/pgomez/Desktop/CANVAS/CanvasServer/Implementation/_local/FPGA/Zynq_PL/Canvas.cache/ip 
add_files: Time (s): cpu = 00:00:02 ; elapsed = 00:00:19 . Memory (MB): peak = 394.520 ; gain = 20.422
Command: link_design -top design_1_wrapper -part xc7z010clg400-1
Design is defaulting to srcset: sources_1
Design is defaulting to constrset: constrs_1
INFO: [Netlist 29-17] Analyzing 38 Unisim elements for replacement
INFO: [Netlist 29-28] Unisim Transformation completed in 0 CPU seconds
INFO: [Project 1-479] Netlist was created with Vivado 2018.3
INFO: [Device 21-403] Loading part xc7z010clg400-1
INFO: [Project 1-570] Preparing netlist for logic optimization
Parsing XDC File [c:/Users/pgomez/Desktop/CANVAS/CanvasServer/Implementation/_local/FPGA/Zynq_PL/Canvas.srcs/sources_1/bd/design_1/ip/design_1_processing_system7_0_0/design_1_processing_system7_0_0.xdc] for cell 'design_1_i/PS_ZYNQ/processing_system7/inst'
Finished Parsing XDC File [c:/Users/pgomez/Desktop/CANVAS/CanvasServer/Implementation/_local/FPGA/Zynq_PL/Canvas.srcs/sources_1/bd/design_1/ip/design_1_processing_system7_0_0/design_1_processing_system7_0_0.xdc] for cell 'design_1_i/PS_ZYNQ/processing_system7/inst'
Parsing XDC File [c:/Users/pgomez/Desktop/CANVAS/CanvasServer/Implementation/_local/FPGA/Zynq_PL/Canvas.srcs/sources_1/bd/design_1/ip/design_1_proc_sys_reset_0_0/design_1_proc_sys_reset_0_0_board.xdc] for cell 'design_1_i/PS_ZYNQ/proc_sys_reset_AXI/U0'
Finished Parsing XDC File [c:/Users/pgomez/Desktop/CANVAS/CanvasServer/Implementation/_local/FPGA/Zynq_PL/Canvas.srcs/sources_1/bd/design_1/ip/design_1_proc_sys_reset_0_0/design_1_proc_sys_reset_0_0_board.xdc] for cell 'design_1_i/PS_ZYNQ/proc_sys_reset_AXI/U0'
Parsing XDC File [c:/Users/pgomez/Desktop/CANVAS/CanvasServer/Implementation/_local/FPGA/Zynq_PL/Canvas.srcs/sources_1/bd/design_1/ip/design_1_proc_sys_reset_0_0/design_1_proc_sys_reset_0_0.xdc] for cell 'design_1_i/PS_ZYNQ/proc_sys_reset_AXI/U0'
Finished Parsing XDC File [c:/Users/pgomez/Desktop/CANVAS/CanvasServer/Implementation/_local/FPGA/Zynq_PL/Canvas.srcs/sources_1/bd/design_1/ip/design_1_proc_sys_reset_0_0/design_1_proc_sys_reset_0_0.xdc] for cell 'design_1_i/PS_ZYNQ/proc_sys_reset_AXI/U0'
Parsing XDC File [c:/Users/pgomez/Desktop/CANVAS/CanvasServer/Implementation/_local/FPGA/Zynq_PL/Canvas.srcs/sources_1/bd/design_1/ip/design_1_clk_wiz_0_1/design_1_clk_wiz_0_1_board.xdc] for cell 'design_1_i/ADC/clk_wiz_ADC/inst'
Finished Parsing XDC File [c:/Users/pgomez/Desktop/CANVAS/CanvasServer/Implementation/_local/FPGA/Zynq_PL/Canvas.srcs/sources_1/bd/design_1/ip/design_1_clk_wiz_0_1/design_1_clk_wiz_0_1_board.xdc] for cell 'design_1_i/ADC/clk_wiz_ADC/inst'
Parsing XDC File [c:/Users/pgomez/Desktop/CANVAS/CanvasServer/Implementation/_local/FPGA/Zynq_PL/Canvas.srcs/sources_1/bd/design_1/ip/design_1_clk_wiz_0_1/design_1_clk_wiz_0_1.xdc] for cell 'design_1_i/ADC/clk_wiz_ADC/inst'
INFO: [Timing 38-35] Done setting XDC timing constraints. [c:/Users/pgomez/Desktop/CANVAS/CanvasServer/Implementation/_local/FPGA/Zynq_PL/Canvas.srcs/sources_1/bd/design_1/ip/design_1_clk_wiz_0_1/design_1_clk_wiz_0_1.xdc:57]
INFO: [Timing 38-2] Deriving generated clocks [c:/Users/pgomez/Desktop/CANVAS/CanvasServer/Implementation/_local/FPGA/Zynq_PL/Canvas.srcs/sources_1/bd/design_1/ip/design_1_clk_wiz_0_1/design_1_clk_wiz_0_1.xdc:57]
get_clocks: Time (s): cpu = 00:00:09 ; elapsed = 00:00:09 . Memory (MB): peak = 1302.113 ; gain = 559.711
Finished Parsing XDC File [c:/Users/pgomez/Desktop/CANVAS/CanvasServer/Implementation/_local/FPGA/Zynq_PL/Canvas.srcs/sources_1/bd/design_1/ip/design_1_clk_wiz_0_1/design_1_clk_wiz_0_1.xdc] for cell 'design_1_i/ADC/clk_wiz_ADC/inst'
Parsing XDC File [c:/Users/pgomez/Desktop/CANVAS/CanvasServer/Implementation/_local/FPGA/Zynq_PL/Canvas.srcs/sources_1/bd/design_1/ip/design_1_axi_gpio_0_1/design_1_axi_gpio_0_1_board.xdc] for cell 'design_1_i/PS_ZYNQ/axi_gpio_regAddr/U0'
Finished Parsing XDC File [c:/Users/pgomez/Desktop/CANVAS/CanvasServer/Implementation/_local/FPGA/Zynq_PL/Canvas.srcs/sources_1/bd/design_1/ip/design_1_axi_gpio_0_1/design_1_axi_gpio_0_1_board.xdc] for cell 'design_1_i/PS_ZYNQ/axi_gpio_regAddr/U0'
Parsing XDC File [c:/Users/pgomez/Desktop/CANVAS/CanvasServer/Implementation/_local/FPGA/Zynq_PL/Canvas.srcs/sources_1/bd/design_1/ip/design_1_axi_gpio_0_1/design_1_axi_gpio_0_1.xdc] for cell 'design_1_i/PS_ZYNQ/axi_gpio_regAddr/U0'
Finished Parsing XDC File [c:/Users/pgomez/Desktop/CANVAS/CanvasServer/Implementation/_local/FPGA/Zynq_PL/Canvas.srcs/sources_1/bd/design_1/ip/design_1_axi_gpio_0_1/design_1_axi_gpio_0_1.xdc] for cell 'design_1_i/PS_ZYNQ/axi_gpio_regAddr/U0'
Parsing XDC File [c:/Users/pgomez/Desktop/CANVAS/CanvasServer/Implementation/_local/FPGA/Zynq_PL/Canvas.srcs/sources_1/bd/design_1/ip/design_1_axi_gpio_0_2/design_1_axi_gpio_0_2_board.xdc] for cell 'design_1_i/PS_ZYNQ/axi_gpio_regVal/U0'
Finished Parsing XDC File [c:/Users/pgomez/Desktop/CANVAS/CanvasServer/Implementation/_local/FPGA/Zynq_PL/Canvas.srcs/sources_1/bd/design_1/ip/design_1_axi_gpio_0_2/design_1_axi_gpio_0_2_board.xdc] for cell 'design_1_i/PS_ZYNQ/axi_gpio_regVal/U0'
Parsing XDC File [c:/Users/pgomez/Desktop/CANVAS/CanvasServer/Implementation/_local/FPGA/Zynq_PL/Canvas.srcs/sources_1/bd/design_1/ip/design_1_axi_gpio_0_2/design_1_axi_gpio_0_2.xdc] for cell 'design_1_i/PS_ZYNQ/axi_gpio_regVal/U0'
Finished Parsing XDC File [c:/Users/pgomez/Desktop/CANVAS/CanvasServer/Implementation/_local/FPGA/Zynq_PL/Canvas.srcs/sources_1/bd/design_1/ip/design_1_axi_gpio_0_2/design_1_axi_gpio_0_2.xdc] for cell 'design_1_i/PS_ZYNQ/axi_gpio_regVal/U0'
Parsing XDC File [c:/Users/pgomez/Desktop/CANVAS/CanvasServer/Implementation/_local/FPGA/Zynq_PL/Canvas.srcs/sources_1/bd/design_1/ip/design_1_axi_gpio_0_4/design_1_axi_gpio_0_4_board.xdc] for cell 'design_1_i/PS_ZYNQ/axi_gpio_WrtEn/U0'
Finished Parsing XDC File [c:/Users/pgomez/Desktop/CANVAS/CanvasServer/Implementation/_local/FPGA/Zynq_PL/Canvas.srcs/sources_1/bd/design_1/ip/design_1_axi_gpio_0_4/design_1_axi_gpio_0_4_board.xdc] for cell 'design_1_i/PS_ZYNQ/axi_gpio_WrtEn/U0'
Parsing XDC File [c:/Users/pgomez/Desktop/CANVAS/CanvasServer/Implementation/_local/FPGA/Zynq_PL/Canvas.srcs/sources_1/bd/design_1/ip/design_1_axi_gpio_0_4/design_1_axi_gpio_0_4.xdc] for cell 'design_1_i/PS_ZYNQ/axi_gpio_WrtEn/U0'
Finished Parsing XDC File [c:/Users/pgomez/Desktop/CANVAS/CanvasServer/Implementation/_local/FPGA/Zynq_PL/Canvas.srcs/sources_1/bd/design_1/ip/design_1_axi_gpio_0_4/design_1_axi_gpio_0_4.xdc] for cell 'design_1_i/PS_ZYNQ/axi_gpio_WrtEn/U0'
Parsing XDC File [c:/Users/pgomez/Desktop/CANVAS/CanvasServer/Implementation/_local/FPGA/Zynq_PL/Canvas.srcs/sources_1/bd/design_1/ip/design_1_proc_sys_reset_1_0/design_1_proc_sys_reset_1_0_board.xdc] for cell 'design_1_i/PS_ZYNQ/proc_sys_reset_125/U0'
Finished Parsing XDC File [c:/Users/pgomez/Desktop/CANVAS/CanvasServer/Implementation/_local/FPGA/Zynq_PL/Canvas.srcs/sources_1/bd/design_1/ip/design_1_proc_sys_reset_1_0/design_1_proc_sys_reset_1_0_board.xdc] for cell 'design_1_i/PS_ZYNQ/proc_sys_reset_125/U0'
Parsing XDC File [c:/Users/pgomez/Desktop/CANVAS/CanvasServer/Implementation/_local/FPGA/Zynq_PL/Canvas.srcs/sources_1/bd/design_1/ip/design_1_proc_sys_reset_1_0/design_1_proc_sys_reset_1_0.xdc] for cell 'design_1_i/PS_ZYNQ/proc_sys_reset_125/U0'
Finished Parsing XDC File [c:/Users/pgomez/Desktop/CANVAS/CanvasServer/Implementation/_local/FPGA/Zynq_PL/Canvas.srcs/sources_1/bd/design_1/ip/design_1_proc_sys_reset_1_0/design_1_proc_sys_reset_1_0.xdc] for cell 'design_1_i/PS_ZYNQ/proc_sys_reset_125/U0'
Parsing XDC File [c:/Users/pgomez/Desktop/CANVAS/CanvasServer/Implementation/_local/FPGA/Zynq_PL/Canvas.srcs/sources_1/bd/design_1/ip/design_1_clk_wiz_0_0/design_1_clk_wiz_0_0_board.xdc] for cell 'design_1_i/DAC/clk_wiz_DAC/inst'
Finished Parsing XDC File [c:/Users/pgomez/Desktop/CANVAS/CanvasServer/Implementation/_local/FPGA/Zynq_PL/Canvas.srcs/sources_1/bd/design_1/ip/design_1_clk_wiz_0_0/design_1_clk_wiz_0_0_board.xdc] for cell 'design_1_i/DAC/clk_wiz_DAC/inst'
Parsing XDC File [c:/Users/pgomez/Desktop/CANVAS/CanvasServer/Implementation/_local/FPGA/Zynq_PL/Canvas.srcs/sources_1/bd/design_1/ip/design_1_clk_wiz_0_0/design_1_clk_wiz_0_0.xdc] for cell 'design_1_i/DAC/clk_wiz_DAC/inst'
INFO: [Timing 38-2] Deriving generated clocks [c:/Users/pgomez/Desktop/CANVAS/CanvasServer/Implementation/_local/FPGA/Zynq_PL/Canvas.srcs/sources_1/bd/design_1/ip/design_1_clk_wiz_0_0/design_1_clk_wiz_0_0.xdc:57]
Finished Parsing XDC File [c:/Users/pgomez/Desktop/CANVAS/CanvasServer/Implementation/_local/FPGA/Zynq_PL/Canvas.srcs/sources_1/bd/design_1/ip/design_1_clk_wiz_0_0/design_1_clk_wiz_0_0.xdc] for cell 'design_1_i/DAC/clk_wiz_DAC/inst'
Parsing XDC File [C:/Users/pgomez/Desktop/CANVAS/CanvasServer/Implementation/_local/FPGA/Zynq_PL/Canvas.srcs/constrs_1/imports/sdc/CanvasRedpitaya.xdc]
Finished Parsing XDC File [C:/Users/pgomez/Desktop/CANVAS/CanvasServer/Implementation/_local/FPGA/Zynq_PL/Canvas.srcs/constrs_1/imports/sdc/CanvasRedpitaya.xdc]
Parsing XDC File [c:/Users/pgomez/Desktop/CANVAS/CanvasServer/Implementation/_local/FPGA/Zynq_PL/Canvas.srcs/sources_1/bd/design_1/ip/design_1_auto_cc_0/design_1_auto_cc_0_clocks.xdc] for cell 'design_1_i/PS_ZYNQ/axi_interconnect/m00_couplers/auto_cc/inst'
Finished Parsing XDC File [c:/Users/pgomez/Desktop/CANVAS/CanvasServer/Implementation/_local/FPGA/Zynq_PL/Canvas.srcs/sources_1/bd/design_1/ip/design_1_auto_cc_0/design_1_auto_cc_0_clocks.xdc] for cell 'design_1_i/PS_ZYNQ/axi_interconnect/m00_couplers/auto_cc/inst'
Parsing XDC File [c:/Users/pgomez/Desktop/CANVAS/CanvasServer/Implementation/_local/FPGA/Zynq_PL/Canvas.srcs/sources_1/bd/design_1/ip/design_1_auto_cc_1/design_1_auto_cc_1_clocks.xdc] for cell 'design_1_i/PS_ZYNQ/axi_interconnect/m01_couplers/auto_cc/inst'
Finished Parsing XDC File [c:/Users/pgomez/Desktop/CANVAS/CanvasServer/Implementation/_local/FPGA/Zynq_PL/Canvas.srcs/sources_1/bd/design_1/ip/design_1_auto_cc_1/design_1_auto_cc_1_clocks.xdc] for cell 'design_1_i/PS_ZYNQ/axi_interconnect/m01_couplers/auto_cc/inst'
Parsing XDC File [c:/Users/pgomez/Desktop/CANVAS/CanvasServer/Implementation/_local/FPGA/Zynq_PL/Canvas.srcs/sources_1/bd/design_1/ip/design_1_auto_cc_2/design_1_auto_cc_2_clocks.xdc] for cell 'design_1_i/PS_ZYNQ/axi_interconnect/m02_couplers/auto_cc/inst'
Finished Parsing XDC File [c:/Users/pgomez/Desktop/CANVAS/CanvasServer/Implementation/_local/FPGA/Zynq_PL/Canvas.srcs/sources_1/bd/design_1/ip/design_1_auto_cc_2/design_1_auto_cc_2_clocks.xdc] for cell 'design_1_i/PS_ZYNQ/axi_interconnect/m02_couplers/auto_cc/inst'
Sourcing Tcl File [E:/Vivado/2018.3/data/ip/xpm/xpm_cdc/tcl/xpm_cdc_handshake.tcl] for cell 'design_1_i/PS_ZYNQ/axi_interconnect/m02_couplers/auto_cc/inst/gen_clock_conv.gen_async_lite_conv.clock_conv_lite_fwd_ar/handshake'
Finished Sourcing Tcl File [E:/Vivado/2018.3/data/ip/xpm/xpm_cdc/tcl/xpm_cdc_handshake.tcl] for cell 'design_1_i/PS_ZYNQ/axi_interconnect/m02_couplers/auto_cc/inst/gen_clock_conv.gen_async_lite_conv.clock_conv_lite_fwd_ar/handshake'
Sourcing Tcl File [E:/Vivado/2018.3/data/ip/xpm/xpm_cdc/tcl/xpm_cdc_handshake.tcl] for cell 'design_1_i/PS_ZYNQ/axi_interconnect/m02_couplers/auto_cc/inst/gen_clock_conv.gen_async_lite_conv.clock_conv_lite_fwd_w/handshake'
Finished Sourcing Tcl File [E:/Vivado/2018.3/data/ip/xpm/xpm_cdc/tcl/xpm_cdc_handshake.tcl] for cell 'design_1_i/PS_ZYNQ/axi_interconnect/m02_couplers/auto_cc/inst/gen_clock_conv.gen_async_lite_conv.clock_conv_lite_fwd_w/handshake'
Sourcing Tcl File [E:/Vivado/2018.3/data/ip/xpm/xpm_cdc/tcl/xpm_cdc_handshake.tcl] for cell 'design_1_i/PS_ZYNQ/axi_interconnect/m00_couplers/auto_cc/inst/gen_clock_conv.gen_async_lite_conv.clock_conv_lite_fwd_w/handshake'
Finished Sourcing Tcl File [E:/Vivado/2018.3/data/ip/xpm/xpm_cdc/tcl/xpm_cdc_handshake.tcl] for cell 'design_1_i/PS_ZYNQ/axi_interconnect/m00_couplers/auto_cc/inst/gen_clock_conv.gen_async_lite_conv.clock_conv_lite_fwd_w/handshake'
Sourcing Tcl File [E:/Vivado/2018.3/data/ip/xpm/xpm_cdc/tcl/xpm_cdc_handshake.tcl] for cell 'design_1_i/PS_ZYNQ/axi_interconnect/m01_couplers/auto_cc/inst/gen_clock_conv.gen_async_lite_conv.clock_conv_lite_fwd_w/handshake'
Finished Sourcing Tcl File [E:/Vivado/2018.3/data/ip/xpm/xpm_cdc/tcl/xpm_cdc_handshake.tcl] for cell 'design_1_i/PS_ZYNQ/axi_interconnect/m01_couplers/auto_cc/inst/gen_clock_conv.gen_async_lite_conv.clock_conv_lite_fwd_w/handshake'
Sourcing Tcl File [E:/Vivado/2018.3/data/ip/xpm/xpm_cdc/tcl/xpm_cdc_handshake.tcl] for cell 'design_1_i/PS_ZYNQ/axi_interconnect/m02_couplers/auto_cc/inst/gen_clock_conv.gen_async_lite_conv.clock_conv_lite_resp_b/handshake'
Finished Sourcing Tcl File [E:/Vivado/2018.3/data/ip/xpm/xpm_cdc/tcl/xpm_cdc_handshake.tcl] for cell 'design_1_i/PS_ZYNQ/axi_interconnect/m02_couplers/auto_cc/inst/gen_clock_conv.gen_async_lite_conv.clock_conv_lite_resp_b/handshake'
Sourcing Tcl File [E:/Vivado/2018.3/data/ip/xpm/xpm_cdc/tcl/xpm_cdc_handshake.tcl] for cell 'design_1_i/PS_ZYNQ/axi_interconnect/m00_couplers/auto_cc/inst/gen_clock_conv.gen_async_lite_conv.clock_conv_lite_resp_b/handshake'
Finished Sourcing Tcl File [E:/Vivado/2018.3/data/ip/xpm/xpm_cdc/tcl/xpm_cdc_handshake.tcl] for cell 'design_1_i/PS_ZYNQ/axi_interconnect/m00_couplers/auto_cc/inst/gen_clock_conv.gen_async_lite_conv.clock_conv_lite_resp_b/handshake'
Sourcing Tcl File [E:/Vivado/2018.3/data/ip/xpm/xpm_cdc/tcl/xpm_cdc_handshake.tcl] for cell 'design_1_i/PS_ZYNQ/axi_interconnect/m01_couplers/auto_cc/inst/gen_clock_conv.gen_async_lite_conv.clock_conv_lite_resp_b/handshake'
Finished Sourcing Tcl File [E:/Vivado/2018.3/data/ip/xpm/xpm_cdc/tcl/xpm_cdc_handshake.tcl] for cell 'design_1_i/PS_ZYNQ/axi_interconnect/m01_couplers/auto_cc/inst/gen_clock_conv.gen_async_lite_conv.clock_conv_lite_resp_b/handshake'
Sourcing Tcl File [E:/Vivado/2018.3/data/ip/xpm/xpm_cdc/tcl/xpm_cdc_handshake.tcl] for cell 'design_1_i/PS_ZYNQ/axi_interconnect/m02_couplers/auto_cc/inst/gen_clock_conv.gen_async_lite_conv.clock_conv_lite_resp_r/handshake'
Finished Sourcing Tcl File [E:/Vivado/2018.3/data/ip/xpm/xpm_cdc/tcl/xpm_cdc_handshake.tcl] for cell 'design_1_i/PS_ZYNQ/axi_interconnect/m02_couplers/auto_cc/inst/gen_clock_conv.gen_async_lite_conv.clock_conv_lite_resp_r/handshake'
Sourcing Tcl File [E:/Vivado/2018.3/data/ip/xpm/xpm_cdc/tcl/xpm_cdc_handshake.tcl] for cell 'design_1_i/PS_ZYNQ/axi_interconnect/m00_couplers/auto_cc/inst/gen_clock_conv.gen_async_lite_conv.clock_conv_lite_resp_r/handshake'
Finished Sourcing Tcl File [E:/Vivado/2018.3/data/ip/xpm/xpm_cdc/tcl/xpm_cdc_handshake.tcl] for cell 'design_1_i/PS_ZYNQ/axi_interconnect/m00_couplers/auto_cc/inst/gen_clock_conv.gen_async_lite_conv.clock_conv_lite_resp_r/handshake'
Sourcing Tcl File [E:/Vivado/2018.3/data/ip/xpm/xpm_cdc/tcl/xpm_cdc_handshake.tcl] for cell 'design_1_i/PS_ZYNQ/axi_interconnect/m01_couplers/auto_cc/inst/gen_clock_conv.gen_async_lite_conv.clock_conv_lite_resp_r/handshake'
Finished Sourcing Tcl File [E:/Vivado/2018.3/data/ip/xpm/xpm_cdc/tcl/xpm_cdc_handshake.tcl] for cell 'design_1_i/PS_ZYNQ/axi_interconnect/m01_couplers/auto_cc/inst/gen_clock_conv.gen_async_lite_conv.clock_conv_lite_resp_r/handshake'
Sourcing Tcl File [E:/Vivado/2018.3/data/ip/xpm/xpm_cdc/tcl/xpm_cdc_handshake.tcl] for cell 'design_1_i/PS_ZYNQ/axi_interconnect/m00_couplers/auto_cc/inst/gen_clock_conv.gen_async_lite_conv.clock_conv_lite_fwd_aw/handshake'
Finished Sourcing Tcl File [E:/Vivado/2018.3/data/ip/xpm/xpm_cdc/tcl/xpm_cdc_handshake.tcl] for cell 'design_1_i/PS_ZYNQ/axi_interconnect/m00_couplers/auto_cc/inst/gen_clock_conv.gen_async_lite_conv.clock_conv_lite_fwd_aw/handshake'
Sourcing Tcl File [E:/Vivado/2018.3/data/ip/xpm/xpm_cdc/tcl/xpm_cdc_handshake.tcl] for cell 'design_1_i/PS_ZYNQ/axi_interconnect/m00_couplers/auto_cc/inst/gen_clock_conv.gen_async_lite_conv.clock_conv_lite_fwd_ar/handshake'
Finished Sourcing Tcl File [E:/Vivado/2018.3/data/ip/xpm/xpm_cdc/tcl/xpm_cdc_handshake.tcl] for cell 'design_1_i/PS_ZYNQ/axi_interconnect/m00_couplers/auto_cc/inst/gen_clock_conv.gen_async_lite_conv.clock_conv_lite_fwd_ar/handshake'
Sourcing Tcl File [E:/Vivado/2018.3/data/ip/xpm/xpm_cdc/tcl/xpm_cdc_handshake.tcl] for cell 'design_1_i/PS_ZYNQ/axi_interconnect/m01_couplers/auto_cc/inst/gen_clock_conv.gen_async_lite_conv.clock_conv_lite_fwd_aw/handshake'
Finished Sourcing Tcl File [E:/Vivado/2018.3/data/ip/xpm/xpm_cdc/tcl/xpm_cdc_handshake.tcl] for cell 'design_1_i/PS_ZYNQ/axi_interconnect/m01_couplers/auto_cc/inst/gen_clock_conv.gen_async_lite_conv.clock_conv_lite_fwd_aw/handshake'
Sourcing Tcl File [E:/Vivado/2018.3/data/ip/xpm/xpm_cdc/tcl/xpm_cdc_handshake.tcl] for cell 'design_1_i/PS_ZYNQ/axi_interconnect/m01_couplers/auto_cc/inst/gen_clock_conv.gen_async_lite_conv.clock_conv_lite_fwd_ar/handshake'
Finished Sourcing Tcl File [E:/Vivado/2018.3/data/ip/xpm/xpm_cdc/tcl/xpm_cdc_handshake.tcl] for cell 'design_1_i/PS_ZYNQ/axi_interconnect/m01_couplers/auto_cc/inst/gen_clock_conv.gen_async_lite_conv.clock_conv_lite_fwd_ar/handshake'
Sourcing Tcl File [E:/Vivado/2018.3/data/ip/xpm/xpm_cdc/tcl/xpm_cdc_handshake.tcl] for cell 'design_1_i/PS_ZYNQ/axi_interconnect/m02_couplers/auto_cc/inst/gen_clock_conv.gen_async_lite_conv.clock_conv_lite_fwd_aw/handshake'
Finished Sourcing Tcl File [E:/Vivado/2018.3/data/ip/xpm/xpm_cdc/tcl/xpm_cdc_handshake.tcl] for cell 'design_1_i/PS_ZYNQ/axi_interconnect/m02_couplers/auto_cc/inst/gen_clock_conv.gen_async_lite_conv.clock_conv_lite_fwd_aw/handshake'
Sourcing Tcl File [E:/Vivado/2018.3/data/ip/xpm/xpm_cdc/tcl/xpm_cdc_single.tcl] for cell 'design_1_i/PS_ZYNQ/axi_interconnect/m02_couplers/auto_cc/inst/gen_clock_conv.gen_async_lite_conv.clock_conv_lite_resp_r/handshake/xpm_cdc_single_dest2src_inst'
Finished Sourcing Tcl File [E:/Vivado/2018.3/data/ip/xpm/xpm_cdc/tcl/xpm_cdc_single.tcl] for cell 'design_1_i/PS_ZYNQ/axi_interconnect/m02_couplers/auto_cc/inst/gen_clock_conv.gen_async_lite_conv.clock_conv_lite_resp_r/handshake/xpm_cdc_single_dest2src_inst'
Sourcing Tcl File [E:/Vivado/2018.3/data/ip/xpm/xpm_cdc/tcl/xpm_cdc_single.tcl] for cell 'design_1_i/PS_ZYNQ/axi_interconnect/m00_couplers/auto_cc/inst/gen_clock_conv.gen_async_lite_conv.clock_conv_lite_fwd_aw/handshake/xpm_cdc_single_src2dest_inst'
Finished Sourcing Tcl File [E:/Vivado/2018.3/data/ip/xpm/xpm_cdc/tcl/xpm_cdc_single.tcl] for cell 'design_1_i/PS_ZYNQ/axi_interconnect/m00_couplers/auto_cc/inst/gen_clock_conv.gen_async_lite_conv.clock_conv_lite_fwd_aw/handshake/xpm_cdc_single_src2dest_inst'
Sourcing Tcl File [E:/Vivado/2018.3/data/ip/xpm/xpm_cdc/tcl/xpm_cdc_single.tcl] for cell 'design_1_i/PS_ZYNQ/axi_interconnect/m00_couplers/auto_cc/inst/gen_clock_conv.gen_async_lite_conv.clock_conv_lite_fwd_aw/handshake/xpm_cdc_single_dest2src_inst'
Finished Sourcing Tcl File [E:/Vivado/2018.3/data/ip/xpm/xpm_cdc/tcl/xpm_cdc_single.tcl] for cell 'design_1_i/PS_ZYNQ/axi_interconnect/m00_couplers/auto_cc/inst/gen_clock_conv.gen_async_lite_conv.clock_conv_lite_fwd_aw/handshake/xpm_cdc_single_dest2src_inst'
Sourcing Tcl File [E:/Vivado/2018.3/data/ip/xpm/xpm_cdc/tcl/xpm_cdc_single.tcl] for cell 'design_1_i/PS_ZYNQ/axi_interconnect/m00_couplers/auto_cc/inst/gen_clock_conv.gen_async_lite_conv.clock_conv_lite_fwd_ar/handshake/xpm_cdc_single_src2dest_inst'
Finished Sourcing Tcl File [E:/Vivado/2018.3/data/ip/xpm/xpm_cdc/tcl/xpm_cdc_single.tcl] for cell 'design_1_i/PS_ZYNQ/axi_interconnect/m00_couplers/auto_cc/inst/gen_clock_conv.gen_async_lite_conv.clock_conv_lite_fwd_ar/handshake/xpm_cdc_single_src2dest_inst'
Sourcing Tcl File [E:/Vivado/2018.3/data/ip/xpm/xpm_cdc/tcl/xpm_cdc_single.tcl] for cell 'design_1_i/PS_ZYNQ/axi_interconnect/m00_couplers/auto_cc/inst/gen_clock_conv.gen_async_lite_conv.clock_conv_lite_fwd_ar/handshake/xpm_cdc_single_dest2src_inst'
Finished Sourcing Tcl File [E:/Vivado/2018.3/data/ip/xpm/xpm_cdc/tcl/xpm_cdc_single.tcl] for cell 'design_1_i/PS_ZYNQ/axi_interconnect/m00_couplers/auto_cc/inst/gen_clock_conv.gen_async_lite_conv.clock_conv_lite_fwd_ar/handshake/xpm_cdc_single_dest2src_inst'
Sourcing Tcl File [E:/Vivado/2018.3/data/ip/xpm/xpm_cdc/tcl/xpm_cdc_single.tcl] for cell 'design_1_i/PS_ZYNQ/axi_interconnect/m00_couplers/auto_cc/inst/gen_clock_conv.gen_async_lite_conv.clock_conv_lite_fwd_w/handshake/xpm_cdc_single_src2dest_inst'
Finished Sourcing Tcl File [E:/Vivado/2018.3/data/ip/xpm/xpm_cdc/tcl/xpm_cdc_single.tcl] for cell 'design_1_i/PS_ZYNQ/axi_interconnect/m00_couplers/auto_cc/inst/gen_clock_conv.gen_async_lite_conv.clock_conv_lite_fwd_w/handshake/xpm_cdc_single_src2dest_inst'
Sourcing Tcl File [E:/Vivado/2018.3/data/ip/xpm/xpm_cdc/tcl/xpm_cdc_single.tcl] for cell 'design_1_i/PS_ZYNQ/axi_interconnect/m00_couplers/auto_cc/inst/gen_clock_conv.gen_async_lite_conv.clock_conv_lite_fwd_w/handshake/xpm_cdc_single_dest2src_inst'
Finished Sourcing Tcl File [E:/Vivado/2018.3/data/ip/xpm/xpm_cdc/tcl/xpm_cdc_single.tcl] for cell 'design_1_i/PS_ZYNQ/axi_interconnect/m00_couplers/auto_cc/inst/gen_clock_conv.gen_async_lite_conv.clock_conv_lite_fwd_w/handshake/xpm_cdc_single_dest2src_inst'
Sourcing Tcl File [E:/Vivado/2018.3/data/ip/xpm/xpm_cdc/tcl/xpm_cdc_single.tcl] for cell 'design_1_i/PS_ZYNQ/axi_interconnect/m00_couplers/auto_cc/inst/gen_clock_conv.gen_async_lite_conv.clock_conv_lite_resp_b/handshake/xpm_cdc_single_src2dest_inst'
Finished Sourcing Tcl File [E:/Vivado/2018.3/data/ip/xpm/xpm_cdc/tcl/xpm_cdc_single.tcl] for cell 'design_1_i/PS_ZYNQ/axi_interconnect/m00_couplers/auto_cc/inst/gen_clock_conv.gen_async_lite_conv.clock_conv_lite_resp_b/handshake/xpm_cdc_single_src2dest_inst'
Sourcing Tcl File [E:/Vivado/2018.3/data/ip/xpm/xpm_cdc/tcl/xpm_cdc_single.tcl] for cell 'design_1_i/PS_ZYNQ/axi_interconnect/m00_couplers/auto_cc/inst/gen_clock_conv.gen_async_lite_conv.clock_conv_lite_resp_b/handshake/xpm_cdc_single_dest2src_inst'
Finished Sourcing Tcl File [E:/Vivado/2018.3/data/ip/xpm/xpm_cdc/tcl/xpm_cdc_single.tcl] for cell 'design_1_i/PS_ZYNQ/axi_interconnect/m00_couplers/auto_cc/inst/gen_clock_conv.gen_async_lite_conv.clock_conv_lite_resp_b/handshake/xpm_cdc_single_dest2src_inst'
Sourcing Tcl File [E:/Vivado/2018.3/data/ip/xpm/xpm_cdc/tcl/xpm_cdc_single.tcl] for cell 'design_1_i/PS_ZYNQ/axi_interconnect/m00_couplers/auto_cc/inst/gen_clock_conv.gen_async_lite_conv.clock_conv_lite_resp_r/handshake/xpm_cdc_single_src2dest_inst'
Finished Sourcing Tcl File [E:/Vivado/2018.3/data/ip/xpm/xpm_cdc/tcl/xpm_cdc_single.tcl] for cell 'design_1_i/PS_ZYNQ/axi_interconnect/m00_couplers/auto_cc/inst/gen_clock_conv.gen_async_lite_conv.clock_conv_lite_resp_r/handshake/xpm_cdc_single_src2dest_inst'
Sourcing Tcl File [E:/Vivado/2018.3/data/ip/xpm/xpm_cdc/tcl/xpm_cdc_single.tcl] for cell 'design_1_i/PS_ZYNQ/axi_interconnect/m00_couplers/auto_cc/inst/gen_clock_conv.gen_async_lite_conv.clock_conv_lite_resp_r/handshake/xpm_cdc_single_dest2src_inst'
Finished Sourcing Tcl File [E:/Vivado/2018.3/data/ip/xpm/xpm_cdc/tcl/xpm_cdc_single.tcl] for cell 'design_1_i/PS_ZYNQ/axi_interconnect/m00_couplers/auto_cc/inst/gen_clock_conv.gen_async_lite_conv.clock_conv_lite_resp_r/handshake/xpm_cdc_single_dest2src_inst'
Sourcing Tcl File [E:/Vivado/2018.3/data/ip/xpm/xpm_cdc/tcl/xpm_cdc_single.tcl] for cell 'design_1_i/PS_ZYNQ/axi_interconnect/m01_couplers/auto_cc/inst/gen_clock_conv.gen_async_lite_conv.clock_conv_lite_fwd_aw/handshake/xpm_cdc_single_src2dest_inst'
Finished Sourcing Tcl File [E:/Vivado/2018.3/data/ip/xpm/xpm_cdc/tcl/xpm_cdc_single.tcl] for cell 'design_1_i/PS_ZYNQ/axi_interconnect/m01_couplers/auto_cc/inst/gen_clock_conv.gen_async_lite_conv.clock_conv_lite_fwd_aw/handshake/xpm_cdc_single_src2dest_inst'
Sourcing Tcl File [E:/Vivado/2018.3/data/ip/xpm/xpm_cdc/tcl/xpm_cdc_single.tcl] for cell 'design_1_i/PS_ZYNQ/axi_interconnect/m01_couplers/auto_cc/inst/gen_clock_conv.gen_async_lite_conv.clock_conv_lite_fwd_aw/handshake/xpm_cdc_single_dest2src_inst'
Finished Sourcing Tcl File [E:/Vivado/2018.3/data/ip/xpm/xpm_cdc/tcl/xpm_cdc_single.tcl] for cell 'design_1_i/PS_ZYNQ/axi_interconnect/m01_couplers/auto_cc/inst/gen_clock_conv.gen_async_lite_conv.clock_conv_lite_fwd_aw/handshake/xpm_cdc_single_dest2src_inst'
Sourcing Tcl File [E:/Vivado/2018.3/data/ip/xpm/xpm_cdc/tcl/xpm_cdc_single.tcl] for cell 'design_1_i/PS_ZYNQ/axi_interconnect/m01_couplers/auto_cc/inst/gen_clock_conv.gen_async_lite_conv.clock_conv_lite_fwd_ar/handshake/xpm_cdc_single_src2dest_inst'
Finished Sourcing Tcl File [E:/Vivado/2018.3/data/ip/xpm/xpm_cdc/tcl/xpm_cdc_single.tcl] for cell 'design_1_i/PS_ZYNQ/axi_interconnect/m01_couplers/auto_cc/inst/gen_clock_conv.gen_async_lite_conv.clock_conv_lite_fwd_ar/handshake/xpm_cdc_single_src2dest_inst'
Sourcing Tcl File [E:/Vivado/2018.3/data/ip/xpm/xpm_cdc/tcl/xpm_cdc_single.tcl] for cell 'design_1_i/PS_ZYNQ/axi_interconnect/m01_couplers/auto_cc/inst/gen_clock_conv.gen_async_lite_conv.clock_conv_lite_fwd_ar/handshake/xpm_cdc_single_dest2src_inst'
Finished Sourcing Tcl File [E:/Vivado/2018.3/data/ip/xpm/xpm_cdc/tcl/xpm_cdc_single.tcl] for cell 'design_1_i/PS_ZYNQ/axi_interconnect/m01_couplers/auto_cc/inst/gen_clock_conv.gen_async_lite_conv.clock_conv_lite_fwd_ar/handshake/xpm_cdc_single_dest2src_inst'
Sourcing Tcl File [E:/Vivado/2018.3/data/ip/xpm/xpm_cdc/tcl/xpm_cdc_single.tcl] for cell 'design_1_i/PS_ZYNQ/axi_interconnect/m01_couplers/auto_cc/inst/gen_clock_conv.gen_async_lite_conv.clock_conv_lite_fwd_w/handshake/xpm_cdc_single_src2dest_inst'
Finished Sourcing Tcl File [E:/Vivado/2018.3/data/ip/xpm/xpm_cdc/tcl/xpm_cdc_single.tcl] for cell 'design_1_i/PS_ZYNQ/axi_interconnect/m01_couplers/auto_cc/inst/gen_clock_conv.gen_async_lite_conv.clock_conv_lite_fwd_w/handshake/xpm_cdc_single_src2dest_inst'
Sourcing Tcl File [E:/Vivado/2018.3/data/ip/xpm/xpm_cdc/tcl/xpm_cdc_single.tcl] for cell 'design_1_i/PS_ZYNQ/axi_interconnect/m01_couplers/auto_cc/inst/gen_clock_conv.gen_async_lite_conv.clock_conv_lite_fwd_w/handshake/xpm_cdc_single_dest2src_inst'
Finished Sourcing Tcl File [E:/Vivado/2018.3/data/ip/xpm/xpm_cdc/tcl/xpm_cdc_single.tcl] for cell 'design_1_i/PS_ZYNQ/axi_interconnect/m01_couplers/auto_cc/inst/gen_clock_conv.gen_async_lite_conv.clock_conv_lite_fwd_w/handshake/xpm_cdc_single_dest2src_inst'
Sourcing Tcl File [E:/Vivado/2018.3/data/ip/xpm/xpm_cdc/tcl/xpm_cdc_single.tcl] for cell 'design_1_i/PS_ZYNQ/axi_interconnect/m01_couplers/auto_cc/inst/gen_clock_conv.gen_async_lite_conv.clock_conv_lite_resp_b/handshake/xpm_cdc_single_src2dest_inst'
Finished Sourcing Tcl File [E:/Vivado/2018.3/data/ip/xpm/xpm_cdc/tcl/xpm_cdc_single.tcl] for cell 'design_1_i/PS_ZYNQ/axi_interconnect/m01_couplers/auto_cc/inst/gen_clock_conv.gen_async_lite_conv.clock_conv_lite_resp_b/handshake/xpm_cdc_single_src2dest_inst'
Sourcing Tcl File [E:/Vivado/2018.3/data/ip/xpm/xpm_cdc/tcl/xpm_cdc_single.tcl] for cell 'design_1_i/PS_ZYNQ/axi_interconnect/m01_couplers/auto_cc/inst/gen_clock_conv.gen_async_lite_conv.clock_conv_lite_resp_b/handshake/xpm_cdc_single_dest2src_inst'
Finished Sourcing Tcl File [E:/Vivado/2018.3/data/ip/xpm/xpm_cdc/tcl/xpm_cdc_single.tcl] for cell 'design_1_i/PS_ZYNQ/axi_interconnect/m01_couplers/auto_cc/inst/gen_clock_conv.gen_async_lite_conv.clock_conv_lite_resp_b/handshake/xpm_cdc_single_dest2src_inst'
Sourcing Tcl File [E:/Vivado/2018.3/data/ip/xpm/xpm_cdc/tcl/xpm_cdc_single.tcl] for cell 'design_1_i/PS_ZYNQ/axi_interconnect/m01_couplers/auto_cc/inst/gen_clock_conv.gen_async_lite_conv.clock_conv_lite_resp_r/handshake/xpm_cdc_single_src2dest_inst'
Finished Sourcing Tcl File [E:/Vivado/2018.3/data/ip/xpm/xpm_cdc/tcl/xpm_cdc_single.tcl] for cell 'design_1_i/PS_ZYNQ/axi_interconnect/m01_couplers/auto_cc/inst/gen_clock_conv.gen_async_lite_conv.clock_conv_lite_resp_r/handshake/xpm_cdc_single_src2dest_inst'
Sourcing Tcl File [E:/Vivado/2018.3/data/ip/xpm/xpm_cdc/tcl/xpm_cdc_single.tcl] for cell 'design_1_i/PS_ZYNQ/axi_interconnect/m01_couplers/auto_cc/inst/gen_clock_conv.gen_async_lite_conv.clock_conv_lite_resp_r/handshake/xpm_cdc_single_dest2src_inst'
Finished Sourcing Tcl File [E:/Vivado/2018.3/data/ip/xpm/xpm_cdc/tcl/xpm_cdc_single.tcl] for cell 'design_1_i/PS_ZYNQ/axi_interconnect/m01_couplers/auto_cc/inst/gen_clock_conv.gen_async_lite_conv.clock_conv_lite_resp_r/handshake/xpm_cdc_single_dest2src_inst'
Sourcing Tcl File [E:/Vivado/2018.3/data/ip/xpm/xpm_cdc/tcl/xpm_cdc_single.tcl] for cell 'design_1_i/PS_ZYNQ/axi_interconnect/m02_couplers/auto_cc/inst/gen_clock_conv.gen_async_lite_conv.clock_conv_lite_fwd_aw/handshake/xpm_cdc_single_src2dest_inst'
Finished Sourcing Tcl File [E:/Vivado/2018.3/data/ip/xpm/xpm_cdc/tcl/xpm_cdc_single.tcl] for cell 'design_1_i/PS_ZYNQ/axi_interconnect/m02_couplers/auto_cc/inst/gen_clock_conv.gen_async_lite_conv.clock_conv_lite_fwd_aw/handshake/xpm_cdc_single_src2dest_inst'
Sourcing Tcl File [E:/Vivado/2018.3/data/ip/xpm/xpm_cdc/tcl/xpm_cdc_single.tcl] for cell 'design_1_i/PS_ZYNQ/axi_interconnect/m02_couplers/auto_cc/inst/gen_clock_conv.gen_async_lite_conv.clock_conv_lite_fwd_aw/handshake/xpm_cdc_single_dest2src_inst'
Finished Sourcing Tcl File [E:/Vivado/2018.3/data/ip/xpm/xpm_cdc/tcl/xpm_cdc_single.tcl] for cell 'design_1_i/PS_ZYNQ/axi_interconnect/m02_couplers/auto_cc/inst/gen_clock_conv.gen_async_lite_conv.clock_conv_lite_fwd_aw/handshake/xpm_cdc_single_dest2src_inst'
Sourcing Tcl File [E:/Vivado/2018.3/data/ip/xpm/xpm_cdc/tcl/xpm_cdc_single.tcl] for cell 'design_1_i/PS_ZYNQ/axi_interconnect/m02_couplers/auto_cc/inst/gen_clock_conv.gen_async_lite_conv.clock_conv_lite_fwd_ar/handshake/xpm_cdc_single_src2dest_inst'
Finished Sourcing Tcl File [E:/Vivado/2018.3/data/ip/xpm/xpm_cdc/tcl/xpm_cdc_single.tcl] for cell 'design_1_i/PS_ZYNQ/axi_interconnect/m02_couplers/auto_cc/inst/gen_clock_conv.gen_async_lite_conv.clock_conv_lite_fwd_ar/handshake/xpm_cdc_single_src2dest_inst'
Sourcing Tcl File [E:/Vivado/2018.3/data/ip/xpm/xpm_cdc/tcl/xpm_cdc_single.tcl] for cell 'design_1_i/PS_ZYNQ/axi_interconnect/m02_couplers/auto_cc/inst/gen_clock_conv.gen_async_lite_conv.clock_conv_lite_fwd_ar/handshake/xpm_cdc_single_dest2src_inst'
Finished Sourcing Tcl File [E:/Vivado/2018.3/data/ip/xpm/xpm_cdc/tcl/xpm_cdc_single.tcl] for cell 'design_1_i/PS_ZYNQ/axi_interconnect/m02_couplers/auto_cc/inst/gen_clock_conv.gen_async_lite_conv.clock_conv_lite_fwd_ar/handshake/xpm_cdc_single_dest2src_inst'
Sourcing Tcl File [E:/Vivado/2018.3/data/ip/xpm/xpm_cdc/tcl/xpm_cdc_single.tcl] for cell 'design_1_i/PS_ZYNQ/axi_interconnect/m02_couplers/auto_cc/inst/gen_clock_conv.gen_async_lite_conv.clock_conv_lite_fwd_w/handshake/xpm_cdc_single_src2dest_inst'
Finished Sourcing Tcl File [E:/Vivado/2018.3/data/ip/xpm/xpm_cdc/tcl/xpm_cdc_single.tcl] for cell 'design_1_i/PS_ZYNQ/axi_interconnect/m02_couplers/auto_cc/inst/gen_clock_conv.gen_async_lite_conv.clock_conv_lite_fwd_w/handshake/xpm_cdc_single_src2dest_inst'
Sourcing Tcl File [E:/Vivado/2018.3/data/ip/xpm/xpm_cdc/tcl/xpm_cdc_single.tcl] for cell 'design_1_i/PS_ZYNQ/axi_interconnect/m02_couplers/auto_cc/inst/gen_clock_conv.gen_async_lite_conv.clock_conv_lite_fwd_w/handshake/xpm_cdc_single_dest2src_inst'
Finished Sourcing Tcl File [E:/Vivado/2018.3/data/ip/xpm/xpm_cdc/tcl/xpm_cdc_single.tcl] for cell 'design_1_i/PS_ZYNQ/axi_interconnect/m02_couplers/auto_cc/inst/gen_clock_conv.gen_async_lite_conv.clock_conv_lite_fwd_w/handshake/xpm_cdc_single_dest2src_inst'
Sourcing Tcl File [E:/Vivado/2018.3/data/ip/xpm/xpm_cdc/tcl/xpm_cdc_single.tcl] for cell 'design_1_i/PS_ZYNQ/axi_interconnect/m02_couplers/auto_cc/inst/gen_clock_conv.gen_async_lite_conv.clock_conv_lite_resp_b/handshake/xpm_cdc_single_src2dest_inst'
Finished Sourcing Tcl File [E:/Vivado/2018.3/data/ip/xpm/xpm_cdc/tcl/xpm_cdc_single.tcl] for cell 'design_1_i/PS_ZYNQ/axi_interconnect/m02_couplers/auto_cc/inst/gen_clock_conv.gen_async_lite_conv.clock_conv_lite_resp_b/handshake/xpm_cdc_single_src2dest_inst'
Sourcing Tcl File [E:/Vivado/2018.3/data/ip/xpm/xpm_cdc/tcl/xpm_cdc_single.tcl] for cell 'design_1_i/PS_ZYNQ/axi_interconnect/m02_couplers/auto_cc/inst/gen_clock_conv.gen_async_lite_conv.clock_conv_lite_resp_b/handshake/xpm_cdc_single_dest2src_inst'
Finished Sourcing Tcl File [E:/Vivado/2018.3/data/ip/xpm/xpm_cdc/tcl/xpm_cdc_single.tcl] for cell 'design_1_i/PS_ZYNQ/axi_interconnect/m02_couplers/auto_cc/inst/gen_clock_conv.gen_async_lite_conv.clock_conv_lite_resp_b/handshake/xpm_cdc_single_dest2src_inst'
Sourcing Tcl File [E:/Vivado/2018.3/data/ip/xpm/xpm_cdc/tcl/xpm_cdc_single.tcl] for cell 'design_1_i/PS_ZYNQ/axi_interconnect/m02_couplers/auto_cc/inst/gen_clock_conv.gen_async_lite_conv.clock_conv_lite_resp_r/handshake/xpm_cdc_single_src2dest_inst'
Finished Sourcing Tcl File [E:/Vivado/2018.3/data/ip/xpm/xpm_cdc/tcl/xpm_cdc_single.tcl] for cell 'design_1_i/PS_ZYNQ/axi_interconnect/m02_couplers/auto_cc/inst/gen_clock_conv.gen_async_lite_conv.clock_conv_lite_resp_r/handshake/xpm_cdc_single_src2dest_inst'
INFO: [Opt 31-138] Pushed 0 inverter(s) to 0 load pin(s).
Netlist sorting complete. Time (s): cpu = 00:00:00 ; elapsed = 00:00:00.002 . Memory (MB): peak = 1303.813 ; gain = 0.000
INFO: [Project 1-111] Unisim Transformation Summary:
No Unisim elements were transformed.

13 Infos, 1 Warnings, 0 Critical Warnings and 0 Errors encountered.
link_design completed successfully
link_design: Time (s): cpu = 00:00:17 ; elapsed = 00:00:26 . Memory (MB): peak = 1303.813 ; gain = 909.293
Command: opt_design
Attempting to get a license for feature 'Implementation' and/or device 'xc7z010'
INFO: [Common 17-349] Got license for feature 'Implementation' and/or device 'xc7z010'
Running DRC as a precondition to command opt_design

Starting DRC Task
INFO: [DRC 23-27] Running DRC with 2 threads
INFO: [Project 1-461] DRC finished with 0 Errors
INFO: [Project 1-462] Please refer to the DRC report (report_drc) for more information.

Time (s): cpu = 00:00:01 ; elapsed = 00:00:00.642 . Memory (MB): peak = 1303.813 ; gain = 0.000

Starting Cache Timing Information Task
INFO: [Timing 38-35] Done setting XDC timing constraints.
Ending Cache Timing Information Task | Checksum: c470097c

Time (s): cpu = 00:00:00 ; elapsed = 00:00:00.196 . Memory (MB): peak = 1303.813 ; gain = 0.000

Starting Logic Optimization Task

Phase 1 Retarget
INFO: [Opt 31-138] Pushed 26 inverter(s) to 26 load pin(s).
INFO: [Opt 31-49] Retargeted 0 cell(s).
Phase 1 Retarget | Checksum: d723bde7

Time (s): cpu = 00:00:01 ; elapsed = 00:00:00.265 . Memory (MB): peak = 1356.520 ; gain = 0.301
INFO: [Opt 31-389] Phase Retarget created 10 cells and removed 106 cells
INFO: [Opt 31-1021] In phase Retarget, 1 netlist objects are constrained preventing optimization. Please run opt_design with -debug_log to get more detail. 

Phase 2 Constant propagation
INFO: [Opt 31-138] Pushed 0 inverter(s) to 0 load pin(s).
Phase 2 Constant propagation | Checksum: 9ec15be0

Time (s): cpu = 00:00:01 ; elapsed = 00:00:00.314 . Memory (MB): peak = 1356.520 ; gain = 0.301
INFO: [Opt 31-389] Phase Constant propagation created 0 cells and removed 4 cells
INFO: [Opt 31-1021] In phase Constant propagation, 6 netlist objects are constrained preventing optimization. Please run opt_design with -debug_log to get more detail. 

Phase 3 Sweep
Phase 3 Sweep | Checksum: ec07c93a

Time (s): cpu = 00:00:01 ; elapsed = 00:00:00.848 . Memory (MB): peak = 1356.520 ; gain = 0.301
INFO: [Opt 31-389] Phase Sweep created 0 cells and removed 413 cells
INFO: [Opt 31-1021] In phase Sweep, 1 netlist objects are constrained preventing optimization. Please run opt_design with -debug_log to get more detail. 

Phase 4 BUFG optimization
INFO: [Opt 31-194] Inserted BUFG design_1_i/ADC/clk_wiz_ADC/inst/clk_out1_design_1_clk_wiz_0_1_BUFG_inst to drive 0 load(s) on clock net design_1_i/ADC/clk_wiz_ADC/inst/clk_out1_design_1_clk_wiz_0_1_BUFG
INFO: [Opt 31-194] Inserted BUFG design_1_i/DAC/clk_wiz_DAC/inst/clk_out1_design_1_clk_wiz_0_0_BUFG_inst to drive 0 load(s) on clock net design_1_i/DAC/clk_wiz_DAC/inst/clk_out1_design_1_clk_wiz_0_0_BUFG
INFO: [Opt 31-193] Inserted 2 BUFG(s) on clock nets
Phase 4 BUFG optimization | Checksum: 11ef72b16

Time (s): cpu = 00:00:01 ; elapsed = 00:00:00.924 . Memory (MB): peak = 1356.520 ; gain = 0.301
INFO: [Opt 31-662] Phase BUFG optimization created 0 cells of which 0 are BUFGs and removed 0 cells.

Phase 5 Shift Register Optimization
Phase 5 Shift Register Optimization | Checksum: a145a7de

Time (s): cpu = 00:00:02 ; elapsed = 00:00:01 . Memory (MB): peak = 1356.520 ; gain = 0.301
INFO: [Opt 31-389] Phase Shift Register Optimization created 0 cells and removed 0 cells

Phase 6 Post Processing Netlist
Phase 6 Post Processing Netlist | Checksum: 9f24bb4f

Time (s): cpu = 00:00:02 ; elapsed = 00:00:01 . Memory (MB): peak = 1356.520 ; gain = 0.301
INFO: [Opt 31-389] Phase Post Processing Netlist created 0 cells and removed 0 cells
Opt_design Change Summary
=========================


-------------------------------------------------------------------------------------------------------------------------
|  Phase                        |  #Cells created  |  #Cells Removed  |  #Constrained objects preventing optimizations  |
-------------------------------------------------------------------------------------------------------------------------
|  Retarget                     |              10  |             106  |                                              1  |
|  Constant propagation         |               0  |               4  |                                              6  |
|  Sweep                        |               0  |             413  |                                              1  |
|  BUFG optimization            |               0  |               0  |                                              0  |
|  Shift Register Optimization  |               0  |               0  |                                              0  |
|  Post Processing Netlist      |               0  |               0  |                                              0  |
-------------------------------------------------------------------------------------------------------------------------



Starting Connectivity Check Task

Time (s): cpu = 00:00:00 ; elapsed = 00:00:00.008 . Memory (MB): peak = 1356.520 ; gain = 0.000
Ending Logic Optimization Task | Checksum: 135d41588

Time (s): cpu = 00:00:02 ; elapsed = 00:00:01 . Memory (MB): peak = 1356.520 ; gain = 0.301

Starting Power Optimization Task
INFO: [Pwropt 34-132] Skipping clock gating for clocks with a period < 2.00 ns.
Ending Power Optimization Task | Checksum: 135d41588

Time (s): cpu = 00:00:00 ; elapsed = 00:00:00.009 . Memory (MB): peak = 1356.520 ; gain = 0.000

Starting Final Cleanup Task
Ending Final Cleanup Task | Checksum: 135d41588

Time (s): cpu = 00:00:00 ; elapsed = 00:00:00 . Memory (MB): peak = 1356.520 ; gain = 0.000

Starting Netlist Obfuscation Task
Netlist sorting complete. Time (s): cpu = 00:00:00 ; elapsed = 00:00:00.002 . Memory (MB): peak = 1356.520 ; gain = 0.000
Ending Netlist Obfuscation Task | Checksum: 135d41588

Time (s): cpu = 00:00:00 ; elapsed = 00:00:00.002 . Memory (MB): peak = 1356.520 ; gain = 0.000
INFO: [Common 17-83] Releasing license: Implementation
35 Infos, 1 Warnings, 0 Critical Warnings and 0 Errors encountered.
opt_design completed successfully
Netlist sorting complete. Time (s): cpu = 00:00:00 ; elapsed = 00:00:00.002 . Memory (MB): peak = 1356.520 ; gain = 0.000
INFO: [Timing 38-480] Writing timing data to binary archive.
Writing placer database...
Writing XDEF routing.
Writing XDEF routing logical nets.
Writing XDEF routing special nets.
Write XDEF Complete: Time (s): cpu = 00:00:00 ; elapsed = 00:00:00.081 . Memory (MB): peak = 1356.520 ; gain = 0.000
Netlist sorting complete. Time (s): cpu = 00:00:00 ; elapsed = 00:00:00.002 . Memory (MB): peak = 1356.520 ; gain = 0.000
INFO: [Common 17-1381] The checkpoint 'C:/Users/pgomez/Desktop/CANVAS/CanvasServer/Implementation/_local/FPGA/Zynq_PL/Canvas.runs/impl_1/design_1_wrapper_opt.dcp' has been generated.
INFO: [runtcl-4] Executing : report_drc -file design_1_wrapper_drc_opted.rpt -pb design_1_wrapper_drc_opted.pb -rpx design_1_wrapper_drc_opted.rpx
Command: report_drc -file design_1_wrapper_drc_opted.rpt -pb design_1_wrapper_drc_opted.pb -rpx design_1_wrapper_drc_opted.rpx
INFO: [IP_Flow 19-1839] IP Catalog is up to date.
INFO: [DRC 23-27] Running DRC with 2 threads
WARNING: [Designutils 20-3303] unexpected site type 'IOPAD' in HDPYFinalizeIO
WARNING: [Designutils 20-3303] unexpected site type 'IOPAD' in HDPYFinalizeIO
WARNING: [Designutils 20-3303] unexpected site type 'IOPAD' in HDPYFinalizeIO
WARNING: [Designutils 20-3303] unexpected site type 'IOPAD' in HDPYFinalizeIO
WARNING: [Designutils 20-3303] unexpected site type 'IOPAD' in HDPYFinalizeIO
WARNING: [Designutils 20-3303] unexpected site type 'IOPAD' in HDPYFinalizeIO
WARNING: [Designutils 20-3303] unexpected site type 'IOPAD' in HDPYFinalizeIO
WARNING: [Designutils 20-3303] unexpected site type 'IOPAD' in HDPYFinalizeIO
WARNING: [Designutils 20-3303] unexpected site type 'IOPAD' in HDPYFinalizeIO
WARNING: [Designutils 20-3303] unexpected site type 'IOPAD' in HDPYFinalizeIO
WARNING: [Designutils 20-3303] unexpected site type 'IOPAD' in HDPYFinalizeIO
WARNING: [Designutils 20-3303] unexpected site type 'IOPAD' in HDPYFinalizeIO
WARNING: [Designutils 20-3303] unexpected site type 'IOPAD' in HDPYFinalizeIO
WARNING: [Designutils 20-3303] unexpected site type 'IOPAD' in HDPYFinalizeIO
WARNING: [Designutils 20-3303] unexpected site type 'IOPAD' in HDPYFinalizeIO
WARNING: [Designutils 20-3303] unexpected site type 'IOPAD' in HDPYFinalizeIO
WARNING: [Designutils 20-3303] unexpected site type 'IOPAD' in HDPYFinalizeIO
WARNING: [Designutils 20-3303] unexpected site type 'IOPAD' in HDPYFinalizeIO
WARNING: [Designutils 20-3303] unexpected site type 'IOPAD' in HDPYFinalizeIO
WARNING: [Designutils 20-3303] unexpected site type 'IOPAD' in HDPYFinalizeIO
WARNING: [Designutils 20-3303] unexpected site type 'IOPAD' in HDPYFinalizeIO
WARNING: [Designutils 20-3303] unexpected site type 'IOPAD' in HDPYFinalizeIO
WARNING: [Designutils 20-3303] unexpected site type 'IOPAD' in HDPYFinalizeIO
WARNING: [Designutils 20-3303] unexpected site type 'IOPAD' in HDPYFinalizeIO
WARNING: [Designutils 20-3303] unexpected site type 'IOPAD' in HDPYFinalizeIO
WARNING: [Designutils 20-3303] unexpected site type 'IOPAD' in HDPYFinalizeIO
WARNING: [Designutils 20-3303] unexpected site type 'IOPAD' in HDPYFinalizeIO
WARNING: [Designutils 20-3303] unexpected site type 'IOPAD' in HDPYFinalizeIO
WARNING: [Designutils 20-3303] unexpected site type 'IOPAD' in HDPYFinalizeIO
WARNING: [Designutils 20-3303] unexpected site type 'IOPAD' in HDPYFinalizeIO
WARNING: [Designutils 20-3303] unexpected site type 'IOPAD' in HDPYFinalizeIO
WARNING: [Designutils 20-3303] unexpected site type 'IOPAD' in HDPYFinalizeIO
WARNING: [Designutils 20-3303] unexpected site type 'IOPAD' in HDPYFinalizeIO
WARNING: [Designutils 20-3303] unexpected site type 'IOPAD' in HDPYFinalizeIO
WARNING: [Designutils 20-3303] unexpected site type 'IOPAD' in HDPYFinalizeIO
WARNING: [Designutils 20-3303] unexpected site type 'IOPAD' in HDPYFinalizeIO
WARNING: [Designutils 20-3303] unexpected site type 'IOPAD' in HDPYFinalizeIO
WARNING: [Designutils 20-3303] unexpected site type 'IOPAD' in HDPYFinalizeIO
WARNING: [Designutils 20-3303] unexpected site type 'IOPAD' in HDPYFinalizeIO
WARNING: [Designutils 20-3303] unexpected site type 'IOPAD' in HDPYFinalizeIO
WARNING: [Designutils 20-3303] unexpected site type 'IOPAD' in HDPYFinalizeIO
WARNING: [Designutils 20-3303] unexpected site type 'IOPAD' in HDPYFinalizeIO
WARNING: [Designutils 20-3303] unexpected site type 'IOPAD' in HDPYFinalizeIO
WARNING: [Designutils 20-3303] unexpected site type 'IOPAD' in HDPYFinalizeIO
WARNING: [Designutils 20-3303] unexpected site type 'IOPAD' in HDPYFinalizeIO
WARNING: [Designutils 20-3303] unexpected site type 'IOPAD' in HDPYFinalizeIO
WARNING: [Designutils 20-3303] unexpected site type 'IOPAD' in HDPYFinalizeIO
WARNING: [Designutils 20-3303] unexpected site type 'IOPAD' in HDPYFinalizeIO
WARNING: [Designutils 20-3303] unexpected site type 'IOPAD' in HDPYFinalizeIO
WARNING: [Designutils 20-3303] unexpected site type 'IOPAD' in HDPYFinalizeIO
WARNING: [Designutils 20-3303] unexpected site type 'IOPAD' in HDPYFinalizeIO
WARNING: [Designutils 20-3303] unexpected site type 'IOPAD' in HDPYFinalizeIO
WARNING: [Designutils 20-3303] unexpected site type 'IOPAD' in HDPYFinalizeIO
WARNING: [Designutils 20-3303] unexpected site type 'IOPAD' in HDPYFinalizeIO
WARNING: [Designutils 20-3303] unexpected site type 'IOPAD' in HDPYFinalizeIO
WARNING: [Designutils 20-3303] unexpected site type 'IOPAD' in HDPYFinalizeIO
WARNING: [Designutils 20-3303] unexpected site type 'IOPAD' in HDPYFinalizeIO
WARNING: [Designutils 20-3303] unexpected site type 'IOPAD' in HDPYFinalizeIO
WARNING: [Designutils 20-3303] unexpected site type 'IOPAD' in HDPYFinalizeIO
WARNING: [Designutils 20-3303] unexpected site type 'IOPAD' in HDPYFinalizeIO
WARNING: [Designutils 20-3303] unexpected site type 'IOPAD' in HDPYFinalizeIO
WARNING: [Designutils 20-3303] unexpected site type 'IOPAD' in HDPYFinalizeIO
WARNING: [Designutils 20-3303] unexpected site type 'IOPAD' in HDPYFinalizeIO
WARNING: [Designutils 20-3303] unexpected site type 'IOPAD' in HDPYFinalizeIO
WARNING: [Designutils 20-3303] unexpected site type 'IOPAD' in HDPYFinalizeIO
WARNING: [Designutils 20-3303] unexpected site type 'IOPAD' in HDPYFinalizeIO
WARNING: [Designutils 20-3303] unexpected site type 'IOPAD' in HDPYFinalizeIO
WARNING: [Designutils 20-3303] unexpected site type 'IOPAD' in HDPYFinalizeIO
WARNING: [Designutils 20-3303] unexpected site type 'IOPAD' in HDPYFinalizeIO
WARNING: [Designutils 20-3303] unexpected site type 'IOPAD' in HDPYFinalizeIO
WARNING: [Designutils 20-3303] unexpected site type 'IOPAD' in HDPYFinalizeIO
WARNING: [Designutils 20-3303] unexpected site type 'IOPAD' in HDPYFinalizeIO
WARNING: [Designutils 20-3303] unexpected site type 'IOPAD' in HDPYFinalizeIO
WARNING: [Designutils 20-3303] unexpected site type 'IOPAD' in HDPYFinalizeIO
WARNING: [Designutils 20-3303] unexpected site type 'IOPAD' in HDPYFinalizeIO
WARNING: [Designutils 20-3303] unexpected site type 'IOPAD' in HDPYFinalizeIO
WARNING: [Designutils 20-3303] unexpected site type 'IOPAD' in HDPYFinalizeIO
WARNING: [Designutils 20-3303] unexpected site type 'IOPAD' in HDPYFinalizeIO
WARNING: [Designutils 20-3303] unexpected site type 'IOPAD' in HDPYFinalizeIO
WARNING: [Designutils 20-3303] unexpected site type 'IOPAD' in HDPYFinalizeIO
WARNING: [Designutils 20-3303] unexpected site type 'IOPAD' in HDPYFinalizeIO
WARNING: [Designutils 20-3303] unexpected site type 'IOPAD' in HDPYFinalizeIO
WARNING: [Designutils 20-3303] unexpected site type 'IOPAD' in HDPYFinalizeIO
WARNING: [Designutils 20-3303] unexpected site type 'IOPAD' in HDPYFinalizeIO
WARNING: [Designutils 20-3303] unexpected site type 'IOPAD' in HDPYFinalizeIO
WARNING: [Designutils 20-3303] unexpected site type 'IOPAD' in HDPYFinalizeIO
WARNING: [Designutils 20-3303] unexpected site type 'IOPAD' in HDPYFinalizeIO
WARNING: [Designutils 20-3303] unexpected site type 'IOPAD' in HDPYFinalizeIO
WARNING: [Designutils 20-3303] unexpected site type 'IOPAD' in HDPYFinalizeIO
WARNING: [Designutils 20-3303] unexpected site type 'IOPAD' in HDPYFinalizeIO
WARNING: [Designutils 20-3303] unexpected site type 'IOPAD' in HDPYFinalizeIO
WARNING: [Designutils 20-3303] unexpected site type 'IOPAD' in HDPYFinalizeIO
WARNING: [Designutils 20-3303] unexpected site type 'IOPAD' in HDPYFinalizeIO
WARNING: [Designutils 20-3303] unexpected site type 'IOPAD' in HDPYFinalizeIO
WARNING: [Designutils 20-3303] unexpected site type 'IOPAD' in HDPYFinalizeIO
WARNING: [Designutils 20-3303] unexpected site type 'IOPAD' in HDPYFinalizeIO
WARNING: [Designutils 20-3303] unexpected site type 'IOPAD' in HDPYFinalizeIO
WARNING: [Designutils 20-3303] unexpected site type 'IOPAD' in HDPYFinalizeIO
WARNING: [Designutils 20-3303] unexpected site type 'IOPAD' in HDPYFinalizeIO
WARNING: [Designutils 20-3303] unexpected site type 'IOPAD' in HDPYFinalizeIO
INFO: [Common 17-14] Message 'Designutils 20-3303' appears 100 times and further instances of the messages will be disabled. Use the Tcl command set_msg_config to change the current settings.
INFO: [Coretcl 2-168] The results of DRC are in file C:/Users/pgomez/Desktop/CANVAS/CanvasServer/Implementation/_local/FPGA/Zynq_PL/Canvas.runs/impl_1/design_1_wrapper_drc_opted.rpt.
report_drc completed successfully
Command: place_design
Attempting to get a license for feature 'Implementation' and/or device 'xc7z010'
INFO: [Common 17-349] Got license for feature 'Implementation' and/or device 'xc7z010'
INFO: [DRC 23-27] Running DRC with 2 threads
INFO: [Vivado_Tcl 4-198] DRC finished with 0 Errors
INFO: [Vivado_Tcl 4-199] Please refer to the DRC report (report_drc) for more information.
Running DRC as a precondition to command place_design
INFO: [DRC 23-27] Running DRC with 2 threads
INFO: [Vivado_Tcl 4-198] DRC finished with 0 Errors
INFO: [Vivado_Tcl 4-199] Please refer to the DRC report (report_drc) for more information.

Starting Placer Task
INFO: [Place 30-611] Multithreading enabled for place_design using a maximum of 2 CPUs

Phase 1 Placer Initialization

Phase 1.1 Placer Initialization Netlist Sorting
Netlist sorting complete. Time (s): cpu = 00:00:00 ; elapsed = 00:00:00.002 . Memory (MB): peak = 1356.520 ; gain = 0.000
Phase 1.1 Placer Initialization Netlist Sorting | Checksum: 48865cd3

Time (s): cpu = 00:00:00 ; elapsed = 00:00:00.008 . Memory (MB): peak = 1356.520 ; gain = 0.000
Netlist sorting complete. Time (s): cpu = 00:00:00 ; elapsed = 00:00:00.002 . Memory (MB): peak = 1356.520 ; gain = 0.000

Phase 1.2 IO Placement/ Clock Placement/ Build Placer Device
INFO: [Timing 38-35] Done setting XDC timing constraints.
Phase 1.2 IO Placement/ Clock Placement/ Build Placer Device | Checksum: 155a77709

Time (s): cpu = 00:00:02 ; elapsed = 00:00:01 . Memory (MB): peak = 1382.117 ; gain = 25.598

Phase 1.3 Build Placer Netlist Model
Phase 1.3 Build Placer Netlist Model | Checksum: f8680bb5

Time (s): cpu = 00:00:03 ; elapsed = 00:00:02 . Memory (MB): peak = 1393.223 ; gain = 36.703

Phase 1.4 Constrain Clocks/Macros
Phase 1.4 Constrain Clocks/Macros | Checksum: f8680bb5

Time (s): cpu = 00:00:03 ; elapsed = 00:00:02 . Memory (MB): peak = 1393.223 ; gain = 36.703
Phase 1 Placer Initialization | Checksum: f8680bb5

Time (s): cpu = 00:00:03 ; elapsed = 00:00:02 . Memory (MB): peak = 1393.223 ; gain = 36.703

Phase 2 Global Placement

Phase 2.1 Floorplanning
Phase 2.1 Floorplanning | Checksum: 1a3bc1b19

Time (s): cpu = 00:00:03 ; elapsed = 00:00:02 . Memory (MB): peak = 1393.223 ; gain = 36.703

Phase 2.2 Physical Synthesis In Placer
INFO: [Physopt 32-65] No nets found for high-fanout optimization.
INFO: [Physopt 32-232] Optimized 0 net. Created 0 new instance.
INFO: [Physopt 32-775] End 1 Pass. Optimized 0 net or cell. Created 0 new cell, deleted 0 existing cell and moved 0 existing cell
INFO: [Physopt 32-670] No setup violation found.  DSP Register Optimization was not performed.
INFO: [Physopt 32-670] No setup violation found.  Shift Register Optimization was not performed.
INFO: [Physopt 32-670] No setup violation found.  BRAM Register Optimization was not performed.
INFO: [Physopt 32-949] No candidate nets found for HD net replication
INFO: [Physopt 32-775] End 1 Pass. Optimized 0 net or cell. Created 0 new cell, deleted 0 existing cell and moved 0 existing cell
Netlist sorting complete. Time (s): cpu = 00:00:00 ; elapsed = 00:00:00.001 . Memory (MB): peak = 1393.223 ; gain = 0.000

Summary of Physical Synthesis Optimizations
============================================


----------------------------------------------------------------------------------------------------------------------------------------
|  Optimization                  |  Added Cells  |  Removed Cells  |  Optimized Cells/Nets  |  Dont Touch  |  Iterations  |  Elapsed   |
----------------------------------------------------------------------------------------------------------------------------------------
|  Very High Fanout              |            0  |              0  |                     0  |           0  |           1  |  00:00:00  |
|  DSP Register                  |            0  |              0  |                     0  |           0  |           0  |  00:00:00  |
|  Shift Register                |            0  |              0  |                     0  |           0  |           0  |  00:00:00  |
|  BRAM Register                 |            0  |              0  |                     0  |           0  |           0  |  00:00:00  |
|  HD Interface Net Replication  |            0  |              0  |                     0  |           0  |           1  |  00:00:00  |
|  Total                         |            0  |              0  |                     0  |           0  |           2  |  00:00:00  |
----------------------------------------------------------------------------------------------------------------------------------------


Phase 2.2 Physical Synthesis In Placer | Checksum: 1ce8b621b

Time (s): cpu = 00:00:06 ; elapsed = 00:00:04 . Memory (MB): peak = 1393.223 ; gain = 36.703
Phase 2 Global Placement | Checksum: 182c90f4a

Time (s): cpu = 00:00:06 ; elapsed = 00:00:04 . Memory (MB): peak = 1393.223 ; gain = 36.703

Phase 3 Detail Placement

Phase 3.1 Commit Multi Column Macros
Phase 3.1 Commit Multi Column Macros | Checksum: 182c90f4a

Time (s): cpu = 00:00:06 ; elapsed = 00:00:04 . Memory (MB): peak = 1393.223 ; gain = 36.703

Phase 3.2 Commit Most Macros & LUTRAMs
Phase 3.2 Commit Most Macros & LUTRAMs | Checksum: 1a8f4bdd6

Time (s): cpu = 00:00:06 ; elapsed = 00:00:04 . Memory (MB): peak = 1393.223 ; gain = 36.703

Phase 3.3 Area Swap Optimization
Phase 3.3 Area Swap Optimization | Checksum: 1db557552

Time (s): cpu = 00:00:07 ; elapsed = 00:00:04 . Memory (MB): peak = 1393.223 ; gain = 36.703

Phase 3.4 Pipeline Register Optimization
Phase 3.4 Pipeline Register Optimization | Checksum: 1615bba11

Time (s): cpu = 00:00:07 ; elapsed = 00:00:04 . Memory (MB): peak = 1393.223 ; gain = 36.703

Phase 3.5 Small Shape Detail Placement
Phase 3.5 Small Shape Detail Placement | Checksum: 145964d53

Time (s): cpu = 00:00:08 ; elapsed = 00:00:05 . Memory (MB): peak = 1393.223 ; gain = 36.703

Phase 3.6 Re-assign LUT pins
Phase 3.6 Re-assign LUT pins | Checksum: 10cd35e8b

Time (s): cpu = 00:00:08 ; elapsed = 00:00:05 . Memory (MB): peak = 1393.223 ; gain = 36.703

Phase 3.7 Pipeline Register Optimization
Phase 3.7 Pipeline Register Optimization | Checksum: 14dd7b453

Time (s): cpu = 00:00:08 ; elapsed = 00:00:05 . Memory (MB): peak = 1393.223 ; gain = 36.703
Phase 3 Detail Placement | Checksum: 14dd7b453

Time (s): cpu = 00:00:08 ; elapsed = 00:00:05 . Memory (MB): peak = 1393.223 ; gain = 36.703

Phase 4 Post Placement Optimization and Clean-Up

Phase 4.1 Post Commit Optimization
INFO: [Timing 38-35] Done setting XDC timing constraints.

Phase 4.1.1 Post Placement Optimization
Post Placement Optimization Initialization | Checksum: 13eb1e53b

Phase 4.1.1.1 BUFG Insertion
INFO: [Place 46-46] BUFG insertion identified 0 candidate nets, 0 success, 0 bufg driver replicated, 0 skipped for placement/routing, 0 skipped for timing, 0 skipped for netlist change reason
Phase 4.1.1.1 BUFG Insertion | Checksum: 13eb1e53b

Time (s): cpu = 00:00:09 ; elapsed = 00:00:06 . Memory (MB): peak = 1393.223 ; gain = 36.703
INFO: [Place 30-746] Post Placement Timing Summary WNS=4.204. For the most accurate timing information please run report_timing.
Phase 4.1.1 Post Placement Optimization | Checksum: 11c9a7f6b

Time (s): cpu = 00:00:09 ; elapsed = 00:00:06 . Memory (MB): peak = 1393.223 ; gain = 36.703
Phase 4.1 Post Commit Optimization | Checksum: 11c9a7f6b

Time (s): cpu = 00:00:09 ; elapsed = 00:00:06 . Memory (MB): peak = 1393.223 ; gain = 36.703

Phase 4.2 Post Placement Cleanup
Phase 4.2 Post Placement Cleanup | Checksum: 11c9a7f6b

Time (s): cpu = 00:00:09 ; elapsed = 00:00:06 . Memory (MB): peak = 1393.223 ; gain = 36.703

Phase 4.3 Placer Reporting
Phase 4.3 Placer Reporting | Checksum: 11c9a7f6b

Time (s): cpu = 00:00:09 ; elapsed = 00:00:06 . Memory (MB): peak = 1393.223 ; gain = 36.703

Phase 4.4 Final Placement Cleanup
Netlist sorting complete. Time (s): cpu = 00:00:00 ; elapsed = 00:00:00.001 . Memory (MB): peak = 1393.223 ; gain = 0.000
Phase 4.4 Final Placement Cleanup | Checksum: 16927d220

Time (s): cpu = 00:00:09 ; elapsed = 00:00:06 . Memory (MB): peak = 1393.223 ; gain = 36.703
Phase 4 Post Placement Optimization and Clean-Up | Checksum: 16927d220

Time (s): cpu = 00:00:09 ; elapsed = 00:00:06 . Memory (MB): peak = 1393.223 ; gain = 36.703
Ending Placer Task | Checksum: 16527bb0c

Time (s): cpu = 00:00:09 ; elapsed = 00:00:06 . Memory (MB): peak = 1393.223 ; gain = 36.703
INFO: [Common 17-83] Releasing license: Implementation
63 Infos, 101 Warnings, 0 Critical Warnings and 0 Errors encountered.
place_design completed successfully
place_design: Time (s): cpu = 00:00:11 ; elapsed = 00:00:07 . Memory (MB): peak = 1393.223 ; gain = 36.703
Netlist sorting complete. Time (s): cpu = 00:00:00 ; elapsed = 00:00:00.002 . Memory (MB): peak = 1393.223 ; gain = 0.000
INFO: [Timing 38-480] Writing timing data to binary archive.
Writing placer database...
Netlist sorting complete. Time (s): cpu = 00:00:01 ; elapsed = 00:00:00.002 . Memory (MB): peak = 1398.609 ; gain = 0.000
Writing XDEF routing.
Writing XDEF routing logical nets.
Writing XDEF routing special nets.
Write XDEF Complete: Time (s): cpu = 00:00:01 ; elapsed = 00:00:00.357 . Memory (MB): peak = 1399.480 ; gain = 6.258
INFO: [Common 17-1381] The checkpoint 'C:/Users/pgomez/Desktop/CANVAS/CanvasServer/Implementation/_local/FPGA/Zynq_PL/Canvas.runs/impl_1/design_1_wrapper_placed.dcp' has been generated.
INFO: [runtcl-4] Executing : report_io -file design_1_wrapper_io_placed.rpt
report_io: Time (s): cpu = 00:00:00 ; elapsed = 00:00:00.083 . Memory (MB): peak = 1399.480 ; gain = 0.000
INFO: [runtcl-4] Executing : report_utilization -file design_1_wrapper_utilization_placed.rpt -pb design_1_wrapper_utilization_placed.pb
INFO: [runtcl-4] Executing : report_control_sets -verbose -file design_1_wrapper_control_sets_placed.rpt
report_control_sets: Time (s): cpu = 00:00:00 ; elapsed = 00:00:00.017 . Memory (MB): peak = 1399.480 ; gain = 0.000
Command: route_design
Attempting to get a license for feature 'Implementation' and/or device 'xc7z010'
INFO: [Common 17-349] Got license for feature 'Implementation' and/or device 'xc7z010'
Running DRC as a precondition to command route_design
INFO: [DRC 23-27] Running DRC with 2 threads
WARNING: [Designutils 20-3303] unexpected site type 'IOPAD' in HDPYFinalizeIO
WARNING: [Designutils 20-3303] unexpected site type 'IOPAD' in HDPYFinalizeIO
WARNING: [Designutils 20-3303] unexpected site type 'IOPAD' in HDPYFinalizeIO
WARNING: [Designutils 20-3303] unexpected site type 'IOPAD' in HDPYFinalizeIO
WARNING: [Designutils 20-3303] unexpected site type 'IOPAD' in HDPYFinalizeIO
WARNING: [Designutils 20-3303] unexpected site type 'IOPAD' in HDPYFinalizeIO
WARNING: [Designutils 20-3303] unexpected site type 'IOPAD' in HDPYFinalizeIO
WARNING: [Designutils 20-3303] unexpected site type 'IOPAD' in HDPYFinalizeIO
WARNING: [Designutils 20-3303] unexpected site type 'IOPAD' in HDPYFinalizeIO
WARNING: [Designutils 20-3303] unexpected site type 'IOPAD' in HDPYFinalizeIO
WARNING: [Designutils 20-3303] unexpected site type 'IOPAD' in HDPYFinalizeIO
WARNING: [Designutils 20-3303] unexpected site type 'IOPAD' in HDPYFinalizeIO
WARNING: [Designutils 20-3303] unexpected site type 'IOPAD' in HDPYFinalizeIO
WARNING: [Designutils 20-3303] unexpected site type 'IOPAD' in HDPYFinalizeIO
WARNING: [Designutils 20-3303] unexpected site type 'IOPAD' in HDPYFinalizeIO
WARNING: [Designutils 20-3303] unexpected site type 'IOPAD' in HDPYFinalizeIO
WARNING: [Designutils 20-3303] unexpected site type 'IOPAD' in HDPYFinalizeIO
WARNING: [Designutils 20-3303] unexpected site type 'IOPAD' in HDPYFinalizeIO
WARNING: [Designutils 20-3303] unexpected site type 'IOPAD' in HDPYFinalizeIO
WARNING: [Designutils 20-3303] unexpected site type 'IOPAD' in HDPYFinalizeIO
WARNING: [Designutils 20-3303] unexpected site type 'IOPAD' in HDPYFinalizeIO
WARNING: [Designutils 20-3303] unexpected site type 'IOPAD' in HDPYFinalizeIO
WARNING: [Designutils 20-3303] unexpected site type 'IOPAD' in HDPYFinalizeIO
WARNING: [Designutils 20-3303] unexpected site type 'IOPAD' in HDPYFinalizeIO
WARNING: [Designutils 20-3303] unexpected site type 'IOPAD' in HDPYFinalizeIO
WARNING: [Designutils 20-3303] unexpected site type 'IOPAD' in HDPYFinalizeIO
WARNING: [Designutils 20-3303] unexpected site type 'IOPAD' in HDPYFinalizeIO
WARNING: [Designutils 20-3303] unexpected site type 'IOPAD' in HDPYFinalizeIO
WARNING: [Designutils 20-3303] unexpected site type 'IOPAD' in HDPYFinalizeIO
WARNING: [Designutils 20-3303] unexpected site type 'IOPAD' in HDPYFinalizeIO
WARNING: [Designutils 20-3303] unexpected site type 'IOPAD' in HDPYFinalizeIO
WARNING: [Designutils 20-3303] unexpected site type 'IOPAD' in HDPYFinalizeIO
WARNING: [Designutils 20-3303] unexpected site type 'IOPAD' in HDPYFinalizeIO
WARNING: [Designutils 20-3303] unexpected site type 'IOPAD' in HDPYFinalizeIO
WARNING: [Designutils 20-3303] unexpected site type 'IOPAD' in HDPYFinalizeIO
WARNING: [Designutils 20-3303] unexpected site type 'IOPAD' in HDPYFinalizeIO
WARNING: [Designutils 20-3303] unexpected site type 'IOPAD' in HDPYFinalizeIO
WARNING: [Designutils 20-3303] unexpected site type 'IOPAD' in HDPYFinalizeIO
WARNING: [Designutils 20-3303] unexpected site type 'IOPAD' in HDPYFinalizeIO
WARNING: [Designutils 20-3303] unexpected site type 'IOPAD' in HDPYFinalizeIO
WARNING: [Designutils 20-3303] unexpected site type 'IOPAD' in HDPYFinalizeIO
WARNING: [Designutils 20-3303] unexpected site type 'IOPAD' in HDPYFinalizeIO
WARNING: [Designutils 20-3303] unexpected site type 'IOPAD' in HDPYFinalizeIO
WARNING: [Designutils 20-3303] unexpected site type 'IOPAD' in HDPYFinalizeIO
WARNING: [Designutils 20-3303] unexpected site type 'IOPAD' in HDPYFinalizeIO
WARNING: [Designutils 20-3303] unexpected site type 'IOPAD' in HDPYFinalizeIO
WARNING: [Designutils 20-3303] unexpected site type 'IOPAD' in HDPYFinalizeIO
WARNING: [Designutils 20-3303] unexpected site type 'IOPAD' in HDPYFinalizeIO
WARNING: [Designutils 20-3303] unexpected site type 'IOPAD' in HDPYFinalizeIO
WARNING: [Designutils 20-3303] unexpected site type 'IOPAD' in HDPYFinalizeIO
WARNING: [Designutils 20-3303] unexpected site type 'IOPAD' in HDPYFinalizeIO
WARNING: [Designutils 20-3303] unexpected site type 'IOPAD' in HDPYFinalizeIO
WARNING: [Designutils 20-3303] unexpected site type 'IOPAD' in HDPYFinalizeIO
WARNING: [Designutils 20-3303] unexpected site type 'IOPAD' in HDPYFinalizeIO
WARNING: [Designutils 20-3303] unexpected site type 'IOPAD' in HDPYFinalizeIO
WARNING: [Designutils 20-3303] unexpected site type 'IOPAD' in HDPYFinalizeIO
WARNING: [Designutils 20-3303] unexpected site type 'IOPAD' in HDPYFinalizeIO
WARNING: [Designutils 20-3303] unexpected site type 'IOPAD' in HDPYFinalizeIO
WARNING: [Designutils 20-3303] unexpected site type 'IOPAD' in HDPYFinalizeIO
WARNING: [Designutils 20-3303] unexpected site type 'IOPAD' in HDPYFinalizeIO
WARNING: [Designutils 20-3303] unexpected site type 'IOPAD' in HDPYFinalizeIO
WARNING: [Designutils 20-3303] unexpected site type 'IOPAD' in HDPYFinalizeIO
WARNING: [Designutils 20-3303] unexpected site type 'IOPAD' in HDPYFinalizeIO
WARNING: [Designutils 20-3303] unexpected site type 'IOPAD' in HDPYFinalizeIO
WARNING: [Designutils 20-3303] unexpected site type 'IOPAD' in HDPYFinalizeIO
WARNING: [Designutils 20-3303] unexpected site type 'IOPAD' in HDPYFinalizeIO
WARNING: [Designutils 20-3303] unexpected site type 'IOPAD' in HDPYFinalizeIO
WARNING: [Designutils 20-3303] unexpected site type 'IOPAD' in HDPYFinalizeIO
WARNING: [Designutils 20-3303] unexpected site type 'IOPAD' in HDPYFinalizeIO
WARNING: [Designutils 20-3303] unexpected site type 'IOPAD' in HDPYFinalizeIO
WARNING: [Designutils 20-3303] unexpected site type 'IOPAD' in HDPYFinalizeIO
WARNING: [Designutils 20-3303] unexpected site type 'IOPAD' in HDPYFinalizeIO
WARNING: [Designutils 20-3303] unexpected site type 'IOPAD' in HDPYFinalizeIO
WARNING: [Designutils 20-3303] unexpected site type 'IOPAD' in HDPYFinalizeIO
WARNING: [Designutils 20-3303] unexpected site type 'IOPAD' in HDPYFinalizeIO
WARNING: [Designutils 20-3303] unexpected site type 'IOPAD' in HDPYFinalizeIO
WARNING: [Designutils 20-3303] unexpected site type 'IOPAD' in HDPYFinalizeIO
WARNING: [Designutils 20-3303] unexpected site type 'IOPAD' in HDPYFinalizeIO
WARNING: [Designutils 20-3303] unexpected site type 'IOPAD' in HDPYFinalizeIO
WARNING: [Designutils 20-3303] unexpected site type 'IOPAD' in HDPYFinalizeIO
WARNING: [Designutils 20-3303] unexpected site type 'IOPAD' in HDPYFinalizeIO
WARNING: [Designutils 20-3303] unexpected site type 'IOPAD' in HDPYFinalizeIO
WARNING: [Designutils 20-3303] unexpected site type 'IOPAD' in HDPYFinalizeIO
WARNING: [Designutils 20-3303] unexpected site type 'IOPAD' in HDPYFinalizeIO
WARNING: [Designutils 20-3303] unexpected site type 'IOPAD' in HDPYFinalizeIO
WARNING: [Designutils 20-3303] unexpected site type 'IOPAD' in HDPYFinalizeIO
WARNING: [Designutils 20-3303] unexpected site type 'IOPAD' in HDPYFinalizeIO
WARNING: [Designutils 20-3303] unexpected site type 'IOPAD' in HDPYFinalizeIO
WARNING: [Designutils 20-3303] unexpected site type 'IOPAD' in HDPYFinalizeIO
WARNING: [Designutils 20-3303] unexpected site type 'IOPAD' in HDPYFinalizeIO
WARNING: [Designutils 20-3303] unexpected site type 'IOPAD' in HDPYFinalizeIO
WARNING: [Designutils 20-3303] unexpected site type 'IOPAD' in HDPYFinalizeIO
WARNING: [Designutils 20-3303] unexpected site type 'IOPAD' in HDPYFinalizeIO
WARNING: [Designutils 20-3303] unexpected site type 'IOPAD' in HDPYFinalizeIO
WARNING: [Designutils 20-3303] unexpected site type 'IOPAD' in HDPYFinalizeIO
WARNING: [Designutils 20-3303] unexpected site type 'IOPAD' in HDPYFinalizeIO
WARNING: [Designutils 20-3303] unexpected site type 'IOPAD' in HDPYFinalizeIO
WARNING: [Designutils 20-3303] unexpected site type 'IOPAD' in HDPYFinalizeIO
WARNING: [Designutils 20-3303] unexpected site type 'IOPAD' in HDPYFinalizeIO
WARNING: [Designutils 20-3303] unexpected site type 'IOPAD' in HDPYFinalizeIO
INFO: [Common 17-14] Message 'Designutils 20-3303' appears 100 times and further instances of the messages will be disabled. Use the Tcl command set_msg_config to change the current settings.
INFO: [Vivado_Tcl 4-198] DRC finished with 0 Errors
INFO: [Vivado_Tcl 4-199] Please refer to the DRC report (report_drc) for more information.


Starting Routing Task
INFO: [Route 35-254] Multithreading enabled for route_design using a maximum of 2 CPUs
Checksum: PlaceDB: 79971aef ConstDB: 0 ShapeSum: eb90a01d RouteDB: 0

Phase 1 Build RT Design
Phase 1 Build RT Design | Checksum: 155abc423

Time (s): cpu = 00:00:13 ; elapsed = 00:00:11 . Memory (MB): peak = 1469.641 ; gain = 70.160
Post Restoration Checksum: NetGraph: 5a8c49e7 NumContArr: fb1f7a3c Constraints: 0 Timing: 0

Phase 2 Router Initialization

Phase 2.1 Create Timer
Phase 2.1 Create Timer | Checksum: 155abc423

Time (s): cpu = 00:00:13 ; elapsed = 00:00:11 . Memory (MB): peak = 1501.930 ; gain = 102.449

Phase 2.2 Fix Topology Constraints
Phase 2.2 Fix Topology Constraints | Checksum: 155abc423

Time (s): cpu = 00:00:13 ; elapsed = 00:00:11 . Memory (MB): peak = 1507.957 ; gain = 108.477

Phase 2.3 Pre Route Cleanup
Phase 2.3 Pre Route Cleanup | Checksum: 155abc423

Time (s): cpu = 00:00:13 ; elapsed = 00:00:11 . Memory (MB): peak = 1507.957 ; gain = 108.477
 Number of Nodes with overlaps = 0

Phase 2.4 Update Timing
Phase 2.4 Update Timing | Checksum: 2a776f68d

Time (s): cpu = 00:00:14 ; elapsed = 00:00:12 . Memory (MB): peak = 1515.285 ; gain = 115.805
INFO: [Route 35-416] Intermediate Timing Summary | WNS=4.218  | TNS=0.000  | WHS=-0.184 | THS=-62.072|


Phase 2.5 Update Timing for Bus Skew

Phase 2.5.1 Update Timing
Phase 2.5.1 Update Timing | Checksum: 1e4072f7c

Time (s): cpu = 00:00:15 ; elapsed = 00:00:13 . Memory (MB): peak = 1520.641 ; gain = 121.160
INFO: [Route 35-416] Intermediate Timing Summary | WNS=4.218  | TNS=0.000  | WHS=N/A    | THS=N/A    |

Phase 2.5 Update Timing for Bus Skew | Checksum: 25c0cf4e0

Time (s): cpu = 00:00:15 ; elapsed = 00:00:13 . Memory (MB): peak = 1535.672 ; gain = 136.191
Phase 2 Router Initialization | Checksum: 2ae8d2dda

Time (s): cpu = 00:00:15 ; elapsed = 00:00:13 . Memory (MB): peak = 1535.672 ; gain = 136.191

Phase 3 Initial Routing
Phase 3 Initial Routing | Checksum: 184ec6428

Time (s): cpu = 00:00:15 ; elapsed = 00:00:13 . Memory (MB): peak = 1535.672 ; gain = 136.191

Phase 4 Rip-up And Reroute

Phase 4.1 Global Iteration 0
 Number of Nodes with overlaps = 179
 Number of Nodes with overlaps = 0
INFO: [Route 35-416] Intermediate Timing Summary | WNS=2.788  | TNS=0.000  | WHS=N/A    | THS=N/A    |

Phase 4.1 Global Iteration 0 | Checksum: 154322bbc

Time (s): cpu = 00:00:16 ; elapsed = 00:00:14 . Memory (MB): peak = 1535.672 ; gain = 136.191

Phase 4.2 Global Iteration 1
 Number of Nodes with overlaps = 6
 Number of Nodes with overlaps = 0
INFO: [Route 35-416] Intermediate Timing Summary | WNS=2.788  | TNS=0.000  | WHS=N/A    | THS=N/A    |

Phase 4.2 Global Iteration 1 | Checksum: 14e06be35

Time (s): cpu = 00:00:16 ; elapsed = 00:00:14 . Memory (MB): peak = 1535.672 ; gain = 136.191
Phase 4 Rip-up And Reroute | Checksum: 14e06be35

Time (s): cpu = 00:00:16 ; elapsed = 00:00:14 . Memory (MB): peak = 1535.672 ; gain = 136.191

Phase 5 Delay and Skew Optimization

Phase 5.1 Delay CleanUp

Phase 5.1.1 Update Timing
Phase 5.1.1 Update Timing | Checksum: 1c2e8f6da

Time (s): cpu = 00:00:16 ; elapsed = 00:00:14 . Memory (MB): peak = 1535.672 ; gain = 136.191
INFO: [Route 35-416] Intermediate Timing Summary | WNS=2.903  | TNS=0.000  | WHS=N/A    | THS=N/A    |

Phase 5.1 Delay CleanUp | Checksum: 1aef16c48

Time (s): cpu = 00:00:16 ; elapsed = 00:00:14 . Memory (MB): peak = 1535.672 ; gain = 136.191

Phase 5.2 Clock Skew Optimization
Phase 5.2 Clock Skew Optimization | Checksum: 1aef16c48

Time (s): cpu = 00:00:16 ; elapsed = 00:00:14 . Memory (MB): peak = 1535.672 ; gain = 136.191
Phase 5 Delay and Skew Optimization | Checksum: 1aef16c48

Time (s): cpu = 00:00:16 ; elapsed = 00:00:14 . Memory (MB): peak = 1535.672 ; gain = 136.191

Phase 6 Post Hold Fix

Phase 6.1 Hold Fix Iter

Phase 6.1.1 Update Timing
Phase 6.1.1 Update Timing | Checksum: 1ba80b3a0

Time (s): cpu = 00:00:17 ; elapsed = 00:00:14 . Memory (MB): peak = 1535.672 ; gain = 136.191
INFO: [Route 35-416] Intermediate Timing Summary | WNS=2.903  | TNS=0.000  | WHS=0.036  | THS=0.000  |

Phase 6.1 Hold Fix Iter | Checksum: 169f30cad

Time (s): cpu = 00:00:17 ; elapsed = 00:00:14 . Memory (MB): peak = 1535.672 ; gain = 136.191
Phase 6 Post Hold Fix | Checksum: 169f30cad

Time (s): cpu = 00:00:17 ; elapsed = 00:00:14 . Memory (MB): peak = 1535.672 ; gain = 136.191

Phase 7 Route finalize

Router Utilization Summary
  Global Vertical Routing Utilization    = 1.11754 %
  Global Horizontal Routing Utilization  = 1.45037 %
  Routable Net Status*
  *Does not include unroutable nets such as driverless and loadless.
  Run report_route_status for detailed report.
  Number of Failed Nets               = 0
  Number of Unrouted Nets             = 0
  Number of Partially Routed Nets     = 0
  Number of Node Overlaps             = 0

Phase 7 Route finalize | Checksum: 1d270f70f

Time (s): cpu = 00:00:17 ; elapsed = 00:00:14 . Memory (MB): peak = 1535.672 ; gain = 136.191

Phase 8 Verifying routed nets

 Verification completed successfully
Phase 8 Verifying routed nets | Checksum: 1d270f70f

Time (s): cpu = 00:00:17 ; elapsed = 00:00:14 . Memory (MB): peak = 1535.672 ; gain = 136.191

Phase 9 Depositing Routes
Phase 9 Depositing Routes | Checksum: 25c703a12

Time (s): cpu = 00:00:17 ; elapsed = 00:00:14 . Memory (MB): peak = 1535.672 ; gain = 136.191

Phase 10 Post Router Timing
INFO: [Route 35-57] Estimated Timing Summary | WNS=2.903  | TNS=0.000  | WHS=0.036  | THS=0.000  |

INFO: [Route 35-327] The final timing numbers are based on the router estimated timing analysis. For a complete and accurate timing signoff, please run report_timing_summary.
Phase 10 Post Router Timing | Checksum: 25c703a12

Time (s): cpu = 00:00:17 ; elapsed = 00:00:14 . Memory (MB): peak = 1535.672 ; gain = 136.191
INFO: [Route 35-16] Router Completed Successfully

Time (s): cpu = 00:00:17 ; elapsed = 00:00:14 . Memory (MB): peak = 1535.672 ; gain = 136.191

Routing Is Done.
INFO: [Common 17-83] Releasing license: Implementation
84 Infos, 201 Warnings, 0 Critical Warnings and 0 Errors encountered.
route_design completed successfully
route_design: Time (s): cpu = 00:00:19 ; elapsed = 00:00:16 . Memory (MB): peak = 1535.672 ; gain = 136.191
Netlist sorting complete. Time (s): cpu = 00:00:00 ; elapsed = 00:00:00.002 . Memory (MB): peak = 1535.672 ; gain = 0.000
INFO: [Timing 38-480] Writing timing data to binary archive.
Writing placer database...
Netlist sorting complete. Time (s): cpu = 00:00:00 ; elapsed = 00:00:00.002 . Memory (MB): peak = 1535.672 ; gain = 0.000
Writing XDEF routing.
Writing XDEF routing logical nets.
Writing XDEF routing special nets.
Write XDEF Complete: Time (s): cpu = 00:00:01 ; elapsed = 00:00:00.464 . Memory (MB): peak = 1535.672 ; gain = 0.000
INFO: [Common 17-1381] The checkpoint 'C:/Users/pgomez/Desktop/CANVAS/CanvasServer/Implementation/_local/FPGA/Zynq_PL/Canvas.runs/impl_1/design_1_wrapper_routed.dcp' has been generated.
INFO: [runtcl-4] Executing : report_drc -file design_1_wrapper_drc_routed.rpt -pb design_1_wrapper_drc_routed.pb -rpx design_1_wrapper_drc_routed.rpx
Command: report_drc -file design_1_wrapper_drc_routed.rpt -pb design_1_wrapper_drc_routed.pb -rpx design_1_wrapper_drc_routed.rpx
INFO: [IP_Flow 19-1839] IP Catalog is up to date.
INFO: [DRC 23-27] Running DRC with 2 threads
INFO: [Coretcl 2-168] The results of DRC are in file C:/Users/pgomez/Desktop/CANVAS/CanvasServer/Implementation/_local/FPGA/Zynq_PL/Canvas.runs/impl_1/design_1_wrapper_drc_routed.rpt.
report_drc completed successfully
INFO: [runtcl-4] Executing : report_methodology -file design_1_wrapper_methodology_drc_routed.rpt -pb design_1_wrapper_methodology_drc_routed.pb -rpx design_1_wrapper_methodology_drc_routed.rpx
Command: report_methodology -file design_1_wrapper_methodology_drc_routed.rpt -pb design_1_wrapper_methodology_drc_routed.pb -rpx design_1_wrapper_methodology_drc_routed.rpx
INFO: [Timing 38-35] Done setting XDC timing constraints.
INFO: [DRC 23-133] Running Methodology with 2 threads
INFO: [Coretcl 2-1520] The results of Report Methodology are in file C:/Users/pgomez/Desktop/CANVAS/CanvasServer/Implementation/_local/FPGA/Zynq_PL/Canvas.runs/impl_1/design_1_wrapper_methodology_drc_routed.rpt.
report_methodology completed successfully
INFO: [runtcl-4] Executing : report_power -file design_1_wrapper_power_routed.rpt -pb design_1_wrapper_power_summary_routed.pb -rpx design_1_wrapper_power_routed.rpx
Command: report_power -file design_1_wrapper_power_routed.rpt -pb design_1_wrapper_power_summary_routed.pb -rpx design_1_wrapper_power_routed.rpx
INFO: [Timing 38-35] Done setting XDC timing constraints.
Running Vector-less Activity Propagation...

Finished Running Vector-less Activity Propagation
96 Infos, 201 Warnings, 0 Critical Warnings and 0 Errors encountered.
report_power completed successfully
INFO: [runtcl-4] Executing : report_route_status -file design_1_wrapper_route_status.rpt -pb design_1_wrapper_route_status.pb
INFO: [runtcl-4] Executing : report_timing_summary -max_paths 10 -file design_1_wrapper_timing_summary_routed.rpt -pb design_1_wrapper_timing_summary_routed.pb -rpx design_1_wrapper_timing_summary_routed.rpx -warn_on_violation 
INFO: [Timing 38-91] UpdateTimingParams: Speed grade: -1, Delay Type: min_max.
INFO: [Timing 38-191] Multithreading enabled for timing update using a maximum of 2 CPUs
WARNING: [Timing 38-436] There are set_bus_skew constraint(s) in this design. Please run report_bus_skew to ensure that bus skew requirements are met.
INFO: [runtcl-4] Executing : report_incremental_reuse -file design_1_wrapper_incremental_reuse_routed.rpt
INFO: [Vivado_Tcl 4-1062] Incremental flow is disabled. No incremental reuse Info to report.
INFO: [runtcl-4] Executing : report_clock_utilization -file design_1_wrapper_clock_utilization_routed.rpt
INFO: [runtcl-4] Executing : report_bus_skew -warn_on_violation -file design_1_wrapper_bus_skew_routed.rpt -pb design_1_wrapper_bus_skew_routed.pb -rpx design_1_wrapper_bus_skew_routed.rpx
INFO: [Timing 38-91] UpdateTimingParams: Speed grade: -1, Delay Type: min_max.
INFO: [Timing 38-191] Multithreading enabled for timing update using a maximum of 2 CPUs
Command: write_bitstream -force design_1_wrapper.bit
Attempting to get a license for feature 'Implementation' and/or device 'xc7z010'
INFO: [Common 17-349] Got license for feature 'Implementation' and/or device 'xc7z010'
Running DRC as a precondition to command write_bitstream
INFO: [IP_Flow 19-1839] IP Catalog is up to date.
INFO: [DRC 23-27] Running DRC with 2 threads
WARNING: [Designutils 20-3303] unexpected site type 'IOPAD' in HDPYFinalizeIO
WARNING: [Designutils 20-3303] unexpected site type 'IOPAD' in HDPYFinalizeIO
WARNING: [Designutils 20-3303] unexpected site type 'IOPAD' in HDPYFinalizeIO
WARNING: [Designutils 20-3303] unexpected site type 'IOPAD' in HDPYFinalizeIO
WARNING: [Designutils 20-3303] unexpected site type 'IOPAD' in HDPYFinalizeIO
WARNING: [Designutils 20-3303] unexpected site type 'IOPAD' in HDPYFinalizeIO
WARNING: [Designutils 20-3303] unexpected site type 'IOPAD' in HDPYFinalizeIO
WARNING: [Designutils 20-3303] unexpected site type 'IOPAD' in HDPYFinalizeIO
WARNING: [Designutils 20-3303] unexpected site type 'IOPAD' in HDPYFinalizeIO
WARNING: [Designutils 20-3303] unexpected site type 'IOPAD' in HDPYFinalizeIO
WARNING: [Designutils 20-3303] unexpected site type 'IOPAD' in HDPYFinalizeIO
WARNING: [Designutils 20-3303] unexpected site type 'IOPAD' in HDPYFinalizeIO
WARNING: [Designutils 20-3303] unexpected site type 'IOPAD' in HDPYFinalizeIO
WARNING: [Designutils 20-3303] unexpected site type 'IOPAD' in HDPYFinalizeIO
WARNING: [Designutils 20-3303] unexpected site type 'IOPAD' in HDPYFinalizeIO
WARNING: [Designutils 20-3303] unexpected site type 'IOPAD' in HDPYFinalizeIO
WARNING: [Designutils 20-3303] unexpected site type 'IOPAD' in HDPYFinalizeIO
WARNING: [Designutils 20-3303] unexpected site type 'IOPAD' in HDPYFinalizeIO
WARNING: [Designutils 20-3303] unexpected site type 'IOPAD' in HDPYFinalizeIO
WARNING: [Designutils 20-3303] unexpected site type 'IOPAD' in HDPYFinalizeIO
WARNING: [Designutils 20-3303] unexpected site type 'IOPAD' in HDPYFinalizeIO
WARNING: [Designutils 20-3303] unexpected site type 'IOPAD' in HDPYFinalizeIO
WARNING: [Designutils 20-3303] unexpected site type 'IOPAD' in HDPYFinalizeIO
WARNING: [Designutils 20-3303] unexpected site type 'IOPAD' in HDPYFinalizeIO
WARNING: [Designutils 20-3303] unexpected site type 'IOPAD' in HDPYFinalizeIO
WARNING: [Designutils 20-3303] unexpected site type 'IOPAD' in HDPYFinalizeIO
WARNING: [Designutils 20-3303] unexpected site type 'IOPAD' in HDPYFinalizeIO
WARNING: [Designutils 20-3303] unexpected site type 'IOPAD' in HDPYFinalizeIO
WARNING: [Designutils 20-3303] unexpected site type 'IOPAD' in HDPYFinalizeIO
WARNING: [Designutils 20-3303] unexpected site type 'IOPAD' in HDPYFinalizeIO
WARNING: [Designutils 20-3303] unexpected site type 'IOPAD' in HDPYFinalizeIO
WARNING: [Designutils 20-3303] unexpected site type 'IOPAD' in HDPYFinalizeIO
WARNING: [Designutils 20-3303] unexpected site type 'IOPAD' in HDPYFinalizeIO
WARNING: [Designutils 20-3303] unexpected site type 'IOPAD' in HDPYFinalizeIO
WARNING: [Designutils 20-3303] unexpected site type 'IOPAD' in HDPYFinalizeIO
WARNING: [Designutils 20-3303] unexpected site type 'IOPAD' in HDPYFinalizeIO
WARNING: [Designutils 20-3303] unexpected site type 'IOPAD' in HDPYFinalizeIO
WARNING: [Designutils 20-3303] unexpected site type 'IOPAD' in HDPYFinalizeIO
WARNING: [Designutils 20-3303] unexpected site type 'IOPAD' in HDPYFinalizeIO
WARNING: [Designutils 20-3303] unexpected site type 'IOPAD' in HDPYFinalizeIO
WARNING: [Designutils 20-3303] unexpected site type 'IOPAD' in HDPYFinalizeIO
WARNING: [Designutils 20-3303] unexpected site type 'IOPAD' in HDPYFinalizeIO
WARNING: [Designutils 20-3303] unexpected site type 'IOPAD' in HDPYFinalizeIO
WARNING: [Designutils 20-3303] unexpected site type 'IOPAD' in HDPYFinalizeIO
WARNING: [Designutils 20-3303] unexpected site type 'IOPAD' in HDPYFinalizeIO
WARNING: [Designutils 20-3303] unexpected site type 'IOPAD' in HDPYFinalizeIO
WARNING: [Designutils 20-3303] unexpected site type 'IOPAD' in HDPYFinalizeIO
WARNING: [Designutils 20-3303] unexpected site type 'IOPAD' in HDPYFinalizeIO
WARNING: [Designutils 20-3303] unexpected site type 'IOPAD' in HDPYFinalizeIO
WARNING: [Designutils 20-3303] unexpected site type 'IOPAD' in HDPYFinalizeIO
WARNING: [Designutils 20-3303] unexpected site type 'IOPAD' in HDPYFinalizeIO
WARNING: [Designutils 20-3303] unexpected site type 'IOPAD' in HDPYFinalizeIO
WARNING: [Designutils 20-3303] unexpected site type 'IOPAD' in HDPYFinalizeIO
WARNING: [Designutils 20-3303] unexpected site type 'IOPAD' in HDPYFinalizeIO
WARNING: [Designutils 20-3303] unexpected site type 'IOPAD' in HDPYFinalizeIO
WARNING: [Designutils 20-3303] unexpected site type 'IOPAD' in HDPYFinalizeIO
WARNING: [Designutils 20-3303] unexpected site type 'IOPAD' in HDPYFinalizeIO
WARNING: [Designutils 20-3303] unexpected site type 'IOPAD' in HDPYFinalizeIO
WARNING: [Designutils 20-3303] unexpected site type 'IOPAD' in HDPYFinalizeIO
WARNING: [Designutils 20-3303] unexpected site type 'IOPAD' in HDPYFinalizeIO
WARNING: [Designutils 20-3303] unexpected site type 'IOPAD' in HDPYFinalizeIO
WARNING: [Designutils 20-3303] unexpected site type 'IOPAD' in HDPYFinalizeIO
WARNING: [Designutils 20-3303] unexpected site type 'IOPAD' in HDPYFinalizeIO
WARNING: [Designutils 20-3303] unexpected site type 'IOPAD' in HDPYFinalizeIO
WARNING: [Designutils 20-3303] unexpected site type 'IOPAD' in HDPYFinalizeIO
WARNING: [Designutils 20-3303] unexpected site type 'IOPAD' in HDPYFinalizeIO
WARNING: [Designutils 20-3303] unexpected site type 'IOPAD' in HDPYFinalizeIO
WARNING: [Designutils 20-3303] unexpected site type 'IOPAD' in HDPYFinalizeIO
WARNING: [Designutils 20-3303] unexpected site type 'IOPAD' in HDPYFinalizeIO
WARNING: [Designutils 20-3303] unexpected site type 'IOPAD' in HDPYFinalizeIO
WARNING: [Designutils 20-3303] unexpected site type 'IOPAD' in HDPYFinalizeIO
WARNING: [Designutils 20-3303] unexpected site type 'IOPAD' in HDPYFinalizeIO
WARNING: [Designutils 20-3303] unexpected site type 'IOPAD' in HDPYFinalizeIO
WARNING: [Designutils 20-3303] unexpected site type 'IOPAD' in HDPYFinalizeIO
WARNING: [Designutils 20-3303] unexpected site type 'IOPAD' in HDPYFinalizeIO
WARNING: [Designutils 20-3303] unexpected site type 'IOPAD' in HDPYFinalizeIO
WARNING: [Designutils 20-3303] unexpected site type 'IOPAD' in HDPYFinalizeIO
WARNING: [Designutils 20-3303] unexpected site type 'IOPAD' in HDPYFinalizeIO
WARNING: [Designutils 20-3303] unexpected site type 'IOPAD' in HDPYFinalizeIO
WARNING: [Designutils 20-3303] unexpected site type 'IOPAD' in HDPYFinalizeIO
WARNING: [Designutils 20-3303] unexpected site type 'IOPAD' in HDPYFinalizeIO
WARNING: [Designutils 20-3303] unexpected site type 'IOPAD' in HDPYFinalizeIO
WARNING: [Designutils 20-3303] unexpected site type 'IOPAD' in HDPYFinalizeIO
WARNING: [Designutils 20-3303] unexpected site type 'IOPAD' in HDPYFinalizeIO
WARNING: [Designutils 20-3303] unexpected site type 'IOPAD' in HDPYFinalizeIO
WARNING: [Designutils 20-3303] unexpected site type 'IOPAD' in HDPYFinalizeIO
WARNING: [Designutils 20-3303] unexpected site type 'IOPAD' in HDPYFinalizeIO
WARNING: [Designutils 20-3303] unexpected site type 'IOPAD' in HDPYFinalizeIO
WARNING: [Designutils 20-3303] unexpected site type 'IOPAD' in HDPYFinalizeIO
WARNING: [Designutils 20-3303] unexpected site type 'IOPAD' in HDPYFinalizeIO
WARNING: [Designutils 20-3303] unexpected site type 'IOPAD' in HDPYFinalizeIO
WARNING: [Designutils 20-3303] unexpected site type 'IOPAD' in HDPYFinalizeIO
WARNING: [Designutils 20-3303] unexpected site type 'IOPAD' in HDPYFinalizeIO
WARNING: [Designutils 20-3303] unexpected site type 'IOPAD' in HDPYFinalizeIO
WARNING: [Designutils 20-3303] unexpected site type 'IOPAD' in HDPYFinalizeIO
WARNING: [Designutils 20-3303] unexpected site type 'IOPAD' in HDPYFinalizeIO
WARNING: [Designutils 20-3303] unexpected site type 'IOPAD' in HDPYFinalizeIO
WARNING: [Designutils 20-3303] unexpected site type 'IOPAD' in HDPYFinalizeIO
WARNING: [Designutils 20-3303] unexpected site type 'IOPAD' in HDPYFinalizeIO
WARNING: [Designutils 20-3303] unexpected site type 'IOPAD' in HDPYFinalizeIO
INFO: [Common 17-14] Message 'Designutils 20-3303' appears 100 times and further instances of the messages will be disabled. Use the Tcl command set_msg_config to change the current settings.
INFO: [Vivado 12-3199] DRC finished with 0 Errors
INFO: [Vivado 12-3200] Please refer to the DRC report (report_drc) for more information.
INFO: [Designutils 20-2272] Running write_bitstream with 2 threads.
Loading data files...
Loading site data...
Loading route data...
Processing options...
Creating bitmap...
Creating bitstream...
Writing bitstream ./design_1_wrapper.bit...
INFO: [Vivado 12-1842] Bitgen Completed Successfully.
INFO: [Project 1-118] WebTalk data collection is enabled (User setting is ON. Install Setting is ON.).
INFO: [Common 17-186] 'C:/Users/pgomez/Desktop/CANVAS/CanvasServer/Implementation/_local/FPGA/Zynq_PL/Canvas.runs/impl_1/usage_statistics_webtalk.xml' has been successfully sent to Xilinx on Thu Sep 19 17:51:37 2019. For additional details about this file, please refer to the WebTalk help file at E:/Vivado/2018.3/doc/webtalk_introduction.html.
INFO: [Common 17-83] Releasing license: Implementation
117 Infos, 302 Warnings, 0 Critical Warnings and 0 Errors encountered.
write_bitstream completed successfully
write_bitstream: Time (s): cpu = 00:00:14 ; elapsed = 00:00:16 . Memory (MB): peak = 1972.176 ; gain = 406.930
INFO: [Common 17-206] Exiting Vivado at Thu Sep 19 17:51:38 2019...
