2019-08-02T17:26:17.688642
CREATE WORKSPACE                                OK
--------------------------------------------------
2019-08-02T17:26:17.790155
SET NET INPUT                                   OK
--------------------------------------------------
2019-08-02T17:26:17.885892
RUN NET PARSER                                  OK
--------------------------------------------------
2019-08-02T17:26:17.985205
CHECK DATABASE                                  OK
--------------------------------------------------
2019-08-02T17:26:18.047965
RUN NET2VHDL                                    OK
--------------------------------------------------
2019-08-02T17:31:52.526778
SYNTHESIS                                       OK
--------------------------------------------------
2019-08-02T17:31:52.528729
IMPLEMENTATION                                  OK
