2019-07-29T11:23:50.002000
CREATE WORKSPACE                                OK
--------------------------------------------------
2019-07-29T11:23:50.201000
SET NET INPUT                                   OK
--------------------------------------------------
2019-07-29T11:23:50.491000
RUN NET PARSER                                  OK
--------------------------------------------------
2019-07-29T11:23:50.528000
CHECK DATABASE                                  OK
--------------------------------------------------
2019-07-29T11:23:50.780000
RUN NET2VHDL                                    OK
--------------------------------------------------
2019-07-29T11:28:15.565000
SYNTHESIS                                       OK
--------------------------------------------------
2019-07-29T11:28:15.568000
IMPLEMENTATION                                  OK
